2016-02-26 12:41:52 [INFO ] [] XPayClient initialize [../lgpay] [test]
2016-02-26 12:41:52 [DEBUG] [] Config [server_id] = [01]
2016-02-26 12:41:52 [DEBUG] [] Config [timeout] = [60]
2016-02-26 12:41:52 [DEBUG] [] Config [log_level] = [4]
2016-02-26 12:41:52 [DEBUG] [] Config [verify_cert] = [1]
2016-02-26 12:41:52 [DEBUG] [] Config [verify_host] = [1]
2016-02-26 12:41:52 [DEBUG] [] Config [report_error] = [1]
2016-02-26 12:41:52 [DEBUG] [] Config [output_UTF8] = [1]
2016-02-26 12:41:52 [DEBUG] [] Config [auto_rollback] = [1]
2016-02-26 12:41:52 [DEBUG] [] Config [log_dir] = [./log]
2016-02-26 12:41:52 [DEBUG] [] Config [tshinsoo] = [e57352760ea5a2a1fce315c6ead11ece]
2016-02-26 12:41:52 [DEBUG] [] Config [shinsoo] = [e57352760ea5a2a1fce315c6ead11ece]
2016-02-26 12:41:52 [DEBUG] [] Config [url] = [https://xpayclient.lgdacom.net/xpay/Gateway.do]
2016-02-26 12:41:52 [DEBUG] [] Config [test_url] = [https://xpayclient.lgdacom.net:7443/xpay/Gateway.do]
2016-02-26 12:41:52 [DEBUG] [] Config [aux_url] = [http://xpayclient.lgdacom.net:7080/xpay/Gateway.do]
2016-02-26 12:42:43 [INFO ] [] XPayClient initialize [../lgpay] [test]
2016-02-26 12:42:43 [DEBUG] [] Config [server_id] = [01]
2016-02-26 12:42:43 [DEBUG] [] Config [timeout] = [60]
2016-02-26 12:42:43 [DEBUG] [] Config [log_level] = [4]
2016-02-26 12:42:43 [DEBUG] [] Config [verify_cert] = [1]
2016-02-26 12:42:43 [DEBUG] [] Config [verify_host] = [1]
2016-02-26 12:42:43 [DEBUG] [] Config [report_error] = [1]
2016-02-26 12:42:43 [DEBUG] [] Config [output_UTF8] = [1]
2016-02-26 12:42:43 [DEBUG] [] Config [auto_rollback] = [1]
2016-02-26 12:42:43 [DEBUG] [] Config [log_dir] = [./log]
2016-02-26 12:42:43 [DEBUG] [] Config [tshinsoo] = [e57352760ea5a2a1fce315c6ead11ece]
2016-02-26 12:42:43 [DEBUG] [] Config [shinsoo] = [e57352760ea5a2a1fce315c6ead11ece]
2016-02-26 12:42:43 [DEBUG] [] Config [url] = [https://xpayclient.lgdacom.net/xpay/Gateway.do]
2016-02-26 12:42:43 [DEBUG] [] Config [test_url] = [https://xpayclient.lgdacom.net:7443/xpay/Gateway.do]
2016-02-26 12:42:43 [DEBUG] [] Config [aux_url] = [http://xpayclient.lgdacom.net:7080/xpay/Gateway.do]
2016-02-26 12:42:43 [DEBUG] [tshinsoo-0120160226124243a39b1e08e87739a76b777f72011b5fb031f55c6a] Post [LGD_TXID] = [tshinsoo-0120160226124243a39b1e08e87739a76b777f72011b5fb031f55c6a]
2016-02-26 12:42:43 [DEBUG] [tshinsoo-0120160226124243a39b1e08e87739a76b777f72011b5fb031f55c6a] Post [LGD_AUTHCODE] = [e4ae87a80a94fff9fc98d33dccad3b9cf1e92b6d]
2016-02-26 12:42:43 [DEBUG] [tshinsoo-0120160226124243a39b1e08e87739a76b777f72011b5fb031f55c6a] Post [LGD_MID] = [tshinsoo]
2016-02-26 12:42:43 [DEBUG] [tshinsoo-0120160226124243a39b1e08e87739a76b777f72011b5fb031f55c6a] Post [LGD_TXNAME] = [PaymentByKey]
2016-02-26 12:42:43 [DEBUG] [tshinsoo-0120160226124243a39b1e08e87739a76b777f72011b5fb031f55c6a] Post [LGD_PAYKEY] = [20160226124233975E580CD091032AE266454B593320BA6CDAE866]
2016-02-26 12:42:43 [DEBUG] [tshinsoo-0120160226124243a39b1e08e87739a76b777f72011b5fb031f55c6a] post_string = LGD_TXID=tshinsoo-0120160226124243a39b1e08e87739a76b777f72011b5fb031f55c6a&LGD_AUTHCODE=e4ae87a80a94fff9fc98d33dccad3b9cf1e92b6d&LGD_MID=tshinsoo&LGD_TXNAME=PaymentByKey&LGD_PAYKEY=20160226124233975E580CD091032AE266454B593320BA6CDAE866
2016-02-26 12:42:43 [FATAL] [tshinsoo-0120160226124243a39b1e08e87739a76b777f72011b5fb031f55c6a] TX failed: res code = 20101; msg = SSL error; cURL error code = 77 msg = error setting certificate verify locations:
  CAfile: ../lgpay/conf/ca-bundle.crt
  CApath: none
2016-02-26 12:43:23 [INFO ] [] XPayClient initialize [../lgpay] [test]
2016-02-26 12:43:23 [DEBUG] [] Config [server_id] = [01]
2016-02-26 12:43:23 [DEBUG] [] Config [timeout] = [60]
2016-02-26 12:43:23 [DEBUG] [] Config [log_level] = [4]
2016-02-26 12:43:23 [DEBUG] [] Config [verify_cert] = [1]
2016-02-26 12:43:23 [DEBUG] [] Config [verify_host] = [1]
2016-02-26 12:43:23 [DEBUG] [] Config [report_error] = [1]
2016-02-26 12:43:23 [DEBUG] [] Config [output_UTF8] = [1]
2016-02-26 12:43:23 [DEBUG] [] Config [auto_rollback] = [1]
2016-02-26 12:43:23 [DEBUG] [] Config [log_dir] = [./log]
2016-02-26 12:43:23 [DEBUG] [] Config [tshinsoo] = [e57352760ea5a2a1fce315c6ead11ece]
2016-02-26 12:43:23 [DEBUG] [] Config [shinsoo] = [e57352760ea5a2a1fce315c6ead11ece]
2016-02-26 12:43:23 [DEBUG] [] Config [url] = [https://xpayclient.lgdacom.net/xpay/Gateway.do]
2016-02-26 12:43:23 [DEBUG] [] Config [test_url] = [https://xpayclient.lgdacom.net:7443/xpay/Gateway.do]
2016-02-26 12:43:23 [DEBUG] [] Config [aux_url] = [http://xpayclient.lgdacom.net:7080/xpay/Gateway.do]
2016-02-26 12:44:01 [INFO ] [] XPayClient initialize [../lgpay] [test]
2016-02-26 12:44:01 [DEBUG] [] Config [server_id] = [01]
2016-02-26 12:44:01 [DEBUG] [] Config [timeout] = [60]
2016-02-26 12:44:01 [DEBUG] [] Config [log_level] = [4]
2016-02-26 12:44:01 [DEBUG] [] Config [verify_cert] = [1]
2016-02-26 12:44:01 [DEBUG] [] Config [verify_host] = [1]
2016-02-26 12:44:01 [DEBUG] [] Config [report_error] = [1]
2016-02-26 12:44:01 [DEBUG] [] Config [output_UTF8] = [1]
2016-02-26 12:44:01 [DEBUG] [] Config [auto_rollback] = [1]
2016-02-26 12:44:01 [DEBUG] [] Config [log_dir] = [./log]
2016-02-26 12:44:01 [DEBUG] [] Config [tshinsoo] = [e57352760ea5a2a1fce315c6ead11ece]
2016-02-26 12:44:01 [DEBUG] [] Config [shinsoo] = [e57352760ea5a2a1fce315c6ead11ece]
2016-02-26 12:44:01 [DEBUG] [] Config [url] = [https://xpayclient.lgdacom.net/xpay/Gateway.do]
2016-02-26 12:44:01 [DEBUG] [] Config [test_url] = [https://xpayclient.lgdacom.net:7443/xpay/Gateway.do]
2016-02-26 12:44:01 [DEBUG] [] Config [aux_url] = [http://xpayclient.lgdacom.net:7080/xpay/Gateway.do]
2016-02-26 12:44:01 [DEBUG] [tshinsoo-0120160226124401ed758c414a88486724fffaff4f1d492cb762489e] Post [LGD_TXID] = [tshinsoo-0120160226124401ed758c414a88486724fffaff4f1d492cb762489e]
2016-02-26 12:44:01 [DEBUG] [tshinsoo-0120160226124401ed758c414a88486724fffaff4f1d492cb762489e] Post [LGD_AUTHCODE] = [5081dbe9665d5b357369c3f129b30e06aceb0eb4]
2016-02-26 12:44:01 [DEBUG] [tshinsoo-0120160226124401ed758c414a88486724fffaff4f1d492cb762489e] Post [LGD_MID] = [tshinsoo]
2016-02-26 12:44:01 [DEBUG] [tshinsoo-0120160226124401ed758c414a88486724fffaff4f1d492cb762489e] Post [LGD_TXNAME] = [PaymentByKey]
2016-02-26 12:44:01 [DEBUG] [tshinsoo-0120160226124401ed758c414a88486724fffaff4f1d492cb762489e] Post [LGD_PAYKEY] = [201602261243506DD36F20F164D84DD5795A86C08301829687EDA9]
2016-02-26 12:44:01 [DEBUG] [tshinsoo-0120160226124401ed758c414a88486724fffaff4f1d492cb762489e] post_string = LGD_TXID=tshinsoo-0120160226124401ed758c414a88486724fffaff4f1d492cb762489e&LGD_AUTHCODE=5081dbe9665d5b357369c3f129b30e06aceb0eb4&LGD_MID=tshinsoo&LGD_TXNAME=PaymentByKey&LGD_PAYKEY=201602261243506DD36F20F164D84DD5795A86C08301829687EDA9
2016-02-26 12:44:01 [FATAL] [tshinsoo-0120160226124401ed758c414a88486724fffaff4f1d492cb762489e] TX failed: res code = 20101; msg = SSL error; cURL error code = 77 msg = error setting certificate verify locations:
  CAfile: ../lgpay/conf/ca-bundle.crt
  CApath: none
2016-02-26 12:57:30 [INFO ] [] XPayClient initialize [../lgpay] [test]
2016-02-26 12:57:30 [DEBUG] [] Config [server_id] = [01]
2016-02-26 12:57:30 [DEBUG] [] Config [timeout] = [60]
2016-02-26 12:57:30 [DEBUG] [] Config [log_level] = [4]
2016-02-26 12:57:30 [DEBUG] [] Config [verify_cert] = [1]
2016-02-26 12:57:30 [DEBUG] [] Config [verify_host] = [1]
2016-02-26 12:57:30 [DEBUG] [] Config [report_error] = [1]
2016-02-26 12:57:30 [DEBUG] [] Config [output_UTF8] = [1]
2016-02-26 12:57:30 [DEBUG] [] Config [auto_rollback] = [1]
2016-02-26 12:57:30 [DEBUG] [] Config [log_dir] = [./log]
2016-02-26 12:57:30 [DEBUG] [] Config [tshinsoo] = [e57352760ea5a2a1fce315c6ead11ece]
2016-02-26 12:57:30 [DEBUG] [] Config [shinsoo] = [e57352760ea5a2a1fce315c6ead11ece]
2016-02-26 12:57:30 [DEBUG] [] Config [url] = [https://xpayclient.lgdacom.net/xpay/Gateway.do]
2016-02-26 12:57:30 [DEBUG] [] Config [test_url] = [https://xpayclient.lgdacom.net:7443/xpay/Gateway.do]
2016-02-26 12:57:30 [DEBUG] [] Config [aux_url] = [http://xpayclient.lgdacom.net:7080/xpay/Gateway.do]
2016-02-26 12:58:43 [INFO ] [] XPayClient initialize [../lgpay] [test]
2016-02-26 12:58:43 [DEBUG] [] Config [server_id] = [01]
2016-02-26 12:58:43 [DEBUG] [] Config [timeout] = [60]
2016-02-26 12:58:43 [DEBUG] [] Config [log_level] = [4]
2016-02-26 12:58:43 [DEBUG] [] Config [verify_cert] = [1]
2016-02-26 12:58:43 [DEBUG] [] Config [verify_host] = [1]
2016-02-26 12:58:43 [DEBUG] [] Config [report_error] = [1]
2016-02-26 12:58:43 [DEBUG] [] Config [output_UTF8] = [1]
2016-02-26 12:58:43 [DEBUG] [] Config [auto_rollback] = [1]
2016-02-26 12:58:43 [DEBUG] [] Config [log_dir] = [./log]
2016-02-26 12:58:43 [DEBUG] [] Config [tshinsoo] = [e57352760ea5a2a1fce315c6ead11ece]
2016-02-26 12:58:43 [DEBUG] [] Config [shinsoo] = [e57352760ea5a2a1fce315c6ead11ece]
2016-02-26 12:58:43 [DEBUG] [] Config [url] = [https://xpayclient.lgdacom.net/xpay/Gateway.do]
2016-02-26 12:58:43 [DEBUG] [] Config [test_url] = [https://xpayclient.lgdacom.net:7443/xpay/Gateway.do]
2016-02-26 12:58:43 [DEBUG] [] Config [aux_url] = [http://xpayclient.lgdacom.net:7080/xpay/Gateway.do]
2016-02-26 12:58:43 [DEBUG] [tshinsoo-012016022612584349060d4998c9130607a5a6228209b3635caf98fa] Post [LGD_TXID] = [tshinsoo-012016022612584349060d4998c9130607a5a6228209b3635caf98fa]
2016-02-26 12:58:43 [DEBUG] [tshinsoo-012016022612584349060d4998c9130607a5a6228209b3635caf98fa] Post [LGD_AUTHCODE] = [c0ccef55f59b411c5b1378ed2db55bd608a4d0ea]
2016-02-26 12:58:43 [DEBUG] [tshinsoo-012016022612584349060d4998c9130607a5a6228209b3635caf98fa] Post [LGD_MID] = [tshinsoo]
2016-02-26 12:58:43 [DEBUG] [tshinsoo-012016022612584349060d4998c9130607a5a6228209b3635caf98fa] Post [LGD_TXNAME] = [PaymentByKey]
2016-02-26 12:58:43 [DEBUG] [tshinsoo-012016022612584349060d4998c9130607a5a6228209b3635caf98fa] Post [LGD_PAYKEY] = [201602261258328A3A935D690D6EE649144FF6153D9C887E87B4DB]
2016-02-26 12:58:43 [DEBUG] [tshinsoo-012016022612584349060d4998c9130607a5a6228209b3635caf98fa] post_string = LGD_TXID=tshinsoo-012016022612584349060d4998c9130607a5a6228209b3635caf98fa&LGD_AUTHCODE=c0ccef55f59b411c5b1378ed2db55bd608a4d0ea&LGD_MID=tshinsoo&LGD_TXNAME=PaymentByKey&LGD_PAYKEY=201602261258328A3A935D690D6EE649144FF6153D9C887E87B4DB
2016-02-26 12:58:43 [FATAL] [tshinsoo-012016022612584349060d4998c9130607a5a6228209b3635caf98fa] TX failed: res code = 20101; msg = SSL error; cURL error code = 77 msg = error setting certificate verify locations:
  CAfile: ../lgpay/conf/ca-bundle.crt
  CApath: none
2016-02-26 13:01:36 [INFO ] [] XPayClient initialize [../lgpay] [test]
2016-02-26 13:01:36 [DEBUG] [] Config [server_id] = [01]
2016-02-26 13:01:36 [DEBUG] [] Config [timeout] = [60]
2016-02-26 13:01:36 [DEBUG] [] Config [log_level] = [4]
2016-02-26 13:01:36 [DEBUG] [] Config [verify_cert] = [1]
2016-02-26 13:01:36 [DEBUG] [] Config [verify_host] = [1]
2016-02-26 13:01:36 [DEBUG] [] Config [report_error] = [1]
2016-02-26 13:01:36 [DEBUG] [] Config [output_UTF8] = [1]
2016-02-26 13:01:36 [DEBUG] [] Config [auto_rollback] = [1]
2016-02-26 13:01:36 [DEBUG] [] Config [log_dir] = [./log]
2016-02-26 13:01:36 [DEBUG] [] Config [tshinsoo] = [e57352760ea5a2a1fce315c6ead11ece]
2016-02-26 13:01:36 [DEBUG] [] Config [shinsoo] = [e57352760ea5a2a1fce315c6ead11ece]
2016-02-26 13:01:36 [DEBUG] [] Config [url] = [https://xpayclient.lgdacom.net/xpay/Gateway.do]
2016-02-26 13:01:36 [DEBUG] [] Config [test_url] = [https://xpayclient.lgdacom.net:7443/xpay/Gateway.do]
2016-02-26 13:01:36 [DEBUG] [] Config [aux_url] = [http://xpayclient.lgdacom.net:7080/xpay/Gateway.do]
2016-02-26 13:01:36 [DEBUG] [tshinsoo-0120160226130136c4b9baaef4d934a93bea76c16f8e0b2a2d86b460] Post [LGD_TXID] = [tshinsoo-0120160226130136c4b9baaef4d934a93bea76c16f8e0b2a2d86b460]
2016-02-26 13:01:36 [DEBUG] [tshinsoo-0120160226130136c4b9baaef4d934a93bea76c16f8e0b2a2d86b460] Post [LGD_AUTHCODE] = [7b8099338d50d36a8a7562300209f6e330143371]
2016-02-26 13:01:36 [DEBUG] [tshinsoo-0120160226130136c4b9baaef4d934a93bea76c16f8e0b2a2d86b460] Post [LGD_MID] = [tshinsoo]
2016-02-26 13:01:36 [DEBUG] [tshinsoo-0120160226130136c4b9baaef4d934a93bea76c16f8e0b2a2d86b460] Post [LGD_TXNAME] = [PaymentByKey]
2016-02-26 13:01:36 [DEBUG] [tshinsoo-0120160226130136c4b9baaef4d934a93bea76c16f8e0b2a2d86b460] Post [LGD_PAYKEY] = [201602261258328A3A935D690D6EE649144FF6153D9C887E87B4DB]
2016-02-26 13:01:36 [DEBUG] [tshinsoo-0120160226130136c4b9baaef4d934a93bea76c16f8e0b2a2d86b460] post_string = LGD_TXID=tshinsoo-0120160226130136c4b9baaef4d934a93bea76c16f8e0b2a2d86b460&LGD_AUTHCODE=7b8099338d50d36a8a7562300209f6e330143371&LGD_MID=tshinsoo&LGD_TXNAME=PaymentByKey&LGD_PAYKEY=201602261258328A3A935D690D6EE649144FF6153D9C887E87B4DB
2016-02-26 13:01:36 [FATAL] [tshinsoo-0120160226130136c4b9baaef4d934a93bea76c16f8e0b2a2d86b460] TX failed: res code = 20101; msg = SSL error; cURL error code = 77 msg = error setting certificate verify locations:
  CAfile: ../lgpay/conf/ca-bundle.crt
  CApath: none
2016-02-26 13:07:11 [INFO ] [] XPayClient initialize [../lgpay] [test]
2016-02-26 13:07:11 [DEBUG] [] Config [server_id] = [01]
2016-02-26 13:07:11 [DEBUG] [] Config [timeout] = [60]
2016-02-26 13:07:11 [DEBUG] [] Config [log_level] = [4]
2016-02-26 13:07:11 [DEBUG] [] Config [verify_cert] = [1]
2016-02-26 13:07:11 [DEBUG] [] Config [verify_host] = [1]
2016-02-26 13:07:11 [DEBUG] [] Config [report_error] = [1]
2016-02-26 13:07:11 [DEBUG] [] Config [output_UTF8] = [1]
2016-02-26 13:07:11 [DEBUG] [] Config [auto_rollback] = [1]
2016-02-26 13:07:11 [DEBUG] [] Config [log_dir] = [./log]
2016-02-26 13:07:11 [DEBUG] [] Config [tshinsoo] = [e57352760ea5a2a1fce315c6ead11ece]
2016-02-26 13:07:11 [DEBUG] [] Config [shinsoo] = [e57352760ea5a2a1fce315c6ead11ece]
2016-02-26 13:07:11 [DEBUG] [] Config [url] = [https://xpayclient.lgdacom.net/xpay/Gateway.do]
2016-02-26 13:07:11 [DEBUG] [] Config [test_url] = [https://xpayclient.lgdacom.net:7443/xpay/Gateway.do]
2016-02-26 13:07:11 [DEBUG] [] Config [aux_url] = [http://xpayclient.lgdacom.net:7080/xpay/Gateway.do]
2016-02-26 13:07:11 [DEBUG] [tshinsoo-01201602261307111dcb36f7c6507ab621803a0bc11e7cd0f7b2d9c2] Post [LGD_TXID] = [tshinsoo-01201602261307111dcb36f7c6507ab621803a0bc11e7cd0f7b2d9c2]
2016-02-26 13:07:11 [DEBUG] [tshinsoo-01201602261307111dcb36f7c6507ab621803a0bc11e7cd0f7b2d9c2] Post [LGD_AUTHCODE] = [e2219c878ed9ba6cc9d2f5c257c186124e34b308]
2016-02-26 13:07:11 [DEBUG] [tshinsoo-01201602261307111dcb36f7c6507ab621803a0bc11e7cd0f7b2d9c2] Post [LGD_MID] = [tshinsoo]
2016-02-26 13:07:11 [DEBUG] [tshinsoo-01201602261307111dcb36f7c6507ab621803a0bc11e7cd0f7b2d9c2] Post [LGD_TXNAME] = [PaymentByKey]
2016-02-26 13:07:11 [DEBUG] [tshinsoo-01201602261307111dcb36f7c6507ab621803a0bc11e7cd0f7b2d9c2] Post [LGD_PAYKEY] = [201602261258328A3A935D690D6EE649144FF6153D9C887E87B4DB]
2016-02-26 13:07:11 [DEBUG] [tshinsoo-01201602261307111dcb36f7c6507ab621803a0bc11e7cd0f7b2d9c2] post_string = LGD_TXID=tshinsoo-01201602261307111dcb36f7c6507ab621803a0bc11e7cd0f7b2d9c2&LGD_AUTHCODE=e2219c878ed9ba6cc9d2f5c257c186124e34b308&LGD_MID=tshinsoo&LGD_TXNAME=PaymentByKey&LGD_PAYKEY=201602261258328A3A935D690D6EE649144FF6153D9C887E87B4DB
2016-02-26 13:07:11 [FATAL] [tshinsoo-01201602261307111dcb36f7c6507ab621803a0bc11e7cd0f7b2d9c2] TX failed: res code = 20101; msg = SSL error; cURL error code = 77 msg = error setting certificate verify locations:
  CAfile: ../lgpay/conf/ca-bundle.crt
  CApath: none
2016-02-26 13:11:30 [INFO ] [] XPayClient initialize [../lgpay] [test]
2016-02-26 13:11:30 [DEBUG] [] Config [server_id] = [01]
2016-02-26 13:11:30 [DEBUG] [] Config [timeout] = [60]
2016-02-26 13:11:30 [DEBUG] [] Config [log_level] = [4]
2016-02-26 13:11:30 [DEBUG] [] Config [verify_cert] = [1]
2016-02-26 13:11:30 [DEBUG] [] Config [verify_host] = [1]
2016-02-26 13:11:30 [DEBUG] [] Config [report_error] = [1]
2016-02-26 13:11:30 [DEBUG] [] Config [output_UTF8] = [1]
2016-02-26 13:11:30 [DEBUG] [] Config [auto_rollback] = [1]
2016-02-26 13:11:30 [DEBUG] [] Config [log_dir] = [./log]
2016-02-26 13:11:30 [DEBUG] [] Config [tshinsoo] = [e57352760ea5a2a1fce315c6ead11ece]
2016-02-26 13:11:30 [DEBUG] [] Config [shinsoo] = [e57352760ea5a2a1fce315c6ead11ece]
2016-02-26 13:11:30 [DEBUG] [] Config [url] = [https://xpayclient.lgdacom.net/xpay/Gateway.do]
2016-02-26 13:11:30 [DEBUG] [] Config [test_url] = [https://xpayclient.lgdacom.net:7443/xpay/Gateway.do]
2016-02-26 13:11:30 [DEBUG] [] Config [aux_url] = [http://xpayclient.lgdacom.net:7080/xpay/Gateway.do]
2016-02-26 13:11:59 [INFO ] [] XPayClient initialize [../lgpay] [test]
2016-02-26 13:11:59 [DEBUG] [] Config [server_id] = [01]
2016-02-26 13:11:59 [DEBUG] [] Config [timeout] = [60]
2016-02-26 13:11:59 [DEBUG] [] Config [log_level] = [4]
2016-02-26 13:11:59 [DEBUG] [] Config [verify_cert] = [1]
2016-02-26 13:11:59 [DEBUG] [] Config [verify_host] = [1]
2016-02-26 13:11:59 [DEBUG] [] Config [report_error] = [1]
2016-02-26 13:11:59 [DEBUG] [] Config [output_UTF8] = [1]
2016-02-26 13:11:59 [DEBUG] [] Config [auto_rollback] = [1]
2016-02-26 13:11:59 [DEBUG] [] Config [log_dir] = [./log]
2016-02-26 13:11:59 [DEBUG] [] Config [tshinsoo] = [e57352760ea5a2a1fce315c6ead11ece]
2016-02-26 13:11:59 [DEBUG] [] Config [shinsoo] = [e57352760ea5a2a1fce315c6ead11ece]
2016-02-26 13:11:59 [DEBUG] [] Config [url] = [https://xpayclient.lgdacom.net/xpay/Gateway.do]
2016-02-26 13:11:59 [DEBUG] [] Config [test_url] = [https://xpayclient.lgdacom.net:7443/xpay/Gateway.do]
2016-02-26 13:11:59 [DEBUG] [] Config [aux_url] = [http://xpayclient.lgdacom.net:7080/xpay/Gateway.do]
2016-02-26 13:11:59 [DEBUG] [tshinsoo-01201602261311590dba2e96773bce5bc8864ab69ebf9d3fed25dad7] Post [LGD_TXID] = [tshinsoo-01201602261311590dba2e96773bce5bc8864ab69ebf9d3fed25dad7]
2016-02-26 13:11:59 [DEBUG] [tshinsoo-01201602261311590dba2e96773bce5bc8864ab69ebf9d3fed25dad7] Post [LGD_AUTHCODE] = [c459de308f7b6cdcfc29eba86a8a856f94ef653c]
2016-02-26 13:11:59 [DEBUG] [tshinsoo-01201602261311590dba2e96773bce5bc8864ab69ebf9d3fed25dad7] Post [LGD_MID] = [tshinsoo]
2016-02-26 13:11:59 [DEBUG] [tshinsoo-01201602261311590dba2e96773bce5bc8864ab69ebf9d3fed25dad7] Post [LGD_TXNAME] = [PaymentByKey]
2016-02-26 13:11:59 [DEBUG] [tshinsoo-01201602261311590dba2e96773bce5bc8864ab69ebf9d3fed25dad7] Post [LGD_PAYKEY] = [2016022613114901240CE1979FCD3168EC407CC1B430D313084491]
2016-02-26 13:11:59 [DEBUG] [tshinsoo-01201602261311590dba2e96773bce5bc8864ab69ebf9d3fed25dad7] post_string = LGD_TXID=tshinsoo-01201602261311590dba2e96773bce5bc8864ab69ebf9d3fed25dad7&LGD_AUTHCODE=c459de308f7b6cdcfc29eba86a8a856f94ef653c&LGD_MID=tshinsoo&LGD_TXNAME=PaymentByKey&LGD_PAYKEY=2016022613114901240CE1979FCD3168EC407CC1B430D313084491
2016-02-26 13:11:59 [FATAL] [tshinsoo-01201602261311590dba2e96773bce5bc8864ab69ebf9d3fed25dad7] TX failed: res code = 20101; msg = SSL error; cURL error code = 77 msg = error setting certificate verify locations:
  CAfile: ../lgpay/conf/ca-bundle.crt
  CApath: none
2016-02-26 13:13:56 [INFO ] [] XPayClient initialize [../lgpay] [test]
2016-02-26 13:13:56 [DEBUG] [] Config [server_id] = [01]
2016-02-26 13:13:56 [DEBUG] [] Config [timeout] = [60]
2016-02-26 13:13:56 [DEBUG] [] Config [log_level] = [4]
2016-02-26 13:13:56 [DEBUG] [] Config [verify_cert] = [1]
2016-02-26 13:13:56 [DEBUG] [] Config [verify_host] = [1]
2016-02-26 13:13:56 [DEBUG] [] Config [report_error] = [1]
2016-02-26 13:13:56 [DEBUG] [] Config [output_UTF8] = [1]
2016-02-26 13:13:56 [DEBUG] [] Config [auto_rollback] = [1]
2016-02-26 13:13:56 [DEBUG] [] Config [log_dir] = [./log]
2016-02-26 13:13:56 [DEBUG] [] Config [tshinsoo] = [e57352760ea5a2a1fce315c6ead11ece]
2016-02-26 13:13:56 [DEBUG] [] Config [shinsoo] = [e57352760ea5a2a1fce315c6ead11ece]
2016-02-26 13:13:56 [DEBUG] [] Config [url] = [https://xpayclient.lgdacom.net/xpay/Gateway.do]
2016-02-26 13:13:56 [DEBUG] [] Config [test_url] = [https://xpayclient.lgdacom.net:7443/xpay/Gateway.do]
2016-02-26 13:13:56 [DEBUG] [] Config [aux_url] = [http://xpayclient.lgdacom.net:7080/xpay/Gateway.do]
2016-02-26 13:13:56 [DEBUG] [tshinsoo-0120160226131356093f27ad442cc35ee7c000872290c741cebadacd] Post [LGD_TXID] = [tshinsoo-0120160226131356093f27ad442cc35ee7c000872290c741cebadacd]
2016-02-26 13:13:56 [DEBUG] [tshinsoo-0120160226131356093f27ad442cc35ee7c000872290c741cebadacd] Post [LGD_AUTHCODE] = [71fdb95322d88217112a6b653a8f3a462e0cdfd7]
2016-02-26 13:13:56 [DEBUG] [tshinsoo-0120160226131356093f27ad442cc35ee7c000872290c741cebadacd] Post [LGD_MID] = [tshinsoo]
2016-02-26 13:13:56 [DEBUG] [tshinsoo-0120160226131356093f27ad442cc35ee7c000872290c741cebadacd] Post [LGD_TXNAME] = [PaymentByKey]
2016-02-26 13:13:56 [DEBUG] [tshinsoo-0120160226131356093f27ad442cc35ee7c000872290c741cebadacd] Post [LGD_PAYKEY] = [2016022613114901240CE1979FCD3168EC407CC1B430D313084491]
2016-02-26 13:13:56 [DEBUG] [tshinsoo-0120160226131356093f27ad442cc35ee7c000872290c741cebadacd] post_string = LGD_TXID=tshinsoo-0120160226131356093f27ad442cc35ee7c000872290c741cebadacd&LGD_AUTHCODE=71fdb95322d88217112a6b653a8f3a462e0cdfd7&LGD_MID=tshinsoo&LGD_TXNAME=PaymentByKey&LGD_PAYKEY=2016022613114901240CE1979FCD3168EC407CC1B430D313084491
2016-02-26 13:13:56 [FATAL] [tshinsoo-0120160226131356093f27ad442cc35ee7c000872290c741cebadacd] TX failed: res code = 20101; msg = SSL error; cURL error code = 77 msg = error setting certificate verify locations:
  CAfile: ../lgpay/conf/ca-bundle.crt
  CApath: none
2016-02-26 13:22:12 [INFO ] [] XPayClient initialize [../lgpay] [test]
2016-02-26 13:22:12 [DEBUG] [] Config [server_id] = [01]
2016-02-26 13:22:12 [DEBUG] [] Config [timeout] = [60]
2016-02-26 13:22:12 [DEBUG] [] Config [log_level] = [4]
2016-02-26 13:22:12 [DEBUG] [] Config [verify_cert] = [1]
2016-02-26 13:22:12 [DEBUG] [] Config [verify_host] = [1]
2016-02-26 13:22:12 [DEBUG] [] Config [report_error] = [1]
2016-02-26 13:22:12 [DEBUG] [] Config [output_UTF8] = [1]
2016-02-26 13:22:12 [DEBUG] [] Config [auto_rollback] = [1]
2016-02-26 13:22:12 [DEBUG] [] Config [log_dir] = [./log]
2016-02-26 13:22:12 [DEBUG] [] Config [tshinsoo] = [e57352760ea5a2a1fce315c6ead11ece]
2016-02-26 13:22:12 [DEBUG] [] Config [shinsoo] = [e57352760ea5a2a1fce315c6ead11ece]
2016-02-26 13:22:12 [DEBUG] [] Config [url] = [https://xpayclient.lgdacom.net/xpay/Gateway.do]
2016-02-26 13:22:12 [DEBUG] [] Config [test_url] = [https://xpayclient.lgdacom.net:7443/xpay/Gateway.do]
2016-02-26 13:22:12 [DEBUG] [] Config [aux_url] = [http://xpayclient.lgdacom.net:7080/xpay/Gateway.do]
2016-02-26 13:22:42 [INFO ] [] XPayClient initialize [../lgpay] [test]
2016-02-26 13:22:42 [DEBUG] [] Config [server_id] = [01]
2016-02-26 13:22:42 [DEBUG] [] Config [timeout] = [60]
2016-02-26 13:22:42 [DEBUG] [] Config [log_level] = [4]
2016-02-26 13:22:42 [DEBUG] [] Config [verify_cert] = [1]
2016-02-26 13:22:42 [DEBUG] [] Config [verify_host] = [1]
2016-02-26 13:22:42 [DEBUG] [] Config [report_error] = [1]
2016-02-26 13:22:42 [DEBUG] [] Config [output_UTF8] = [1]
2016-02-26 13:22:42 [DEBUG] [] Config [auto_rollback] = [1]
2016-02-26 13:22:42 [DEBUG] [] Config [log_dir] = [./log]
2016-02-26 13:22:42 [DEBUG] [] Config [tshinsoo] = [e57352760ea5a2a1fce315c6ead11ece]
2016-02-26 13:22:42 [DEBUG] [] Config [shinsoo] = [e57352760ea5a2a1fce315c6ead11ece]
2016-02-26 13:22:42 [DEBUG] [] Config [url] = [https://xpayclient.lgdacom.net/xpay/Gateway.do]
2016-02-26 13:22:42 [DEBUG] [] Config [test_url] = [https://xpayclient.lgdacom.net:7443/xpay/Gateway.do]
2016-02-26 13:22:42 [DEBUG] [] Config [aux_url] = [http://xpayclient.lgdacom.net:7080/xpay/Gateway.do]
2016-02-26 13:22:42 [DEBUG] [tshinsoo-01201602261322426802936a695578a0f4a870a64e9b79fb52616af1] Post [LGD_TXID] = [tshinsoo-01201602261322426802936a695578a0f4a870a64e9b79fb52616af1]
2016-02-26 13:22:42 [DEBUG] [tshinsoo-01201602261322426802936a695578a0f4a870a64e9b79fb52616af1] Post [LGD_AUTHCODE] = [a5394559187fee43febc709df90f96379d484faa]
2016-02-26 13:22:42 [DEBUG] [tshinsoo-01201602261322426802936a695578a0f4a870a64e9b79fb52616af1] Post [LGD_MID] = [tshinsoo]
2016-02-26 13:22:42 [DEBUG] [tshinsoo-01201602261322426802936a695578a0f4a870a64e9b79fb52616af1] Post [LGD_TXNAME] = [PaymentByKey]
2016-02-26 13:22:42 [DEBUG] [tshinsoo-01201602261322426802936a695578a0f4a870a64e9b79fb52616af1] Post [LGD_PAYKEY] = [2016022613223150DBE45A02EC49988A57DD04F36B9E8A7734A2A5]
2016-02-26 13:22:42 [DEBUG] [tshinsoo-01201602261322426802936a695578a0f4a870a64e9b79fb52616af1] post_string = LGD_TXID=tshinsoo-01201602261322426802936a695578a0f4a870a64e9b79fb52616af1&LGD_AUTHCODE=a5394559187fee43febc709df90f96379d484faa&LGD_MID=tshinsoo&LGD_TXNAME=PaymentByKey&LGD_PAYKEY=2016022613223150DBE45A02EC49988A57DD04F36B9E8A7734A2A5
2016-02-26 13:22:42 [FATAL] [tshinsoo-01201602261322426802936a695578a0f4a870a64e9b79fb52616af1] TX failed: res code = 20101; msg = SSL error; cURL error code = 77 msg = error setting certificate verify locations:
  CAfile: ../lgpay/conf/ca-bundle.crt
  CApath: none
2016-02-26 13:24:24 [INFO ] [] XPayClient initialize [../lgpay] [test]
2016-02-26 13:24:24 [DEBUG] [] Config [server_id] = [01]
2016-02-26 13:24:24 [DEBUG] [] Config [timeout] = [60]
2016-02-26 13:24:24 [DEBUG] [] Config [log_level] = [4]
2016-02-26 13:24:24 [DEBUG] [] Config [verify_cert] = [1]
2016-02-26 13:24:24 [DEBUG] [] Config [verify_host] = [1]
2016-02-26 13:24:24 [DEBUG] [] Config [report_error] = [1]
2016-02-26 13:24:24 [DEBUG] [] Config [output_UTF8] = [1]
2016-02-26 13:24:24 [DEBUG] [] Config [auto_rollback] = [1]
2016-02-26 13:24:24 [DEBUG] [] Config [log_dir] = [./log]
2016-02-26 13:24:24 [DEBUG] [] Config [tshinsoo] = [e57352760ea5a2a1fce315c6ead11ece]
2016-02-26 13:24:24 [DEBUG] [] Config [shinsoo] = [e57352760ea5a2a1fce315c6ead11ece]
2016-02-26 13:24:24 [DEBUG] [] Config [url] = [https://xpayclient.lgdacom.net/xpay/Gateway.do]
2016-02-26 13:24:24 [DEBUG] [] Config [test_url] = [https://xpayclient.lgdacom.net:7443/xpay/Gateway.do]
2016-02-26 13:24:24 [DEBUG] [] Config [aux_url] = [http://xpayclient.lgdacom.net:7080/xpay/Gateway.do]
2016-02-26 13:27:13 [INFO ] [] XPayClient initialize [../lgpay] [test]
2016-02-26 13:27:13 [DEBUG] [] Config [server_id] = [01]
2016-02-26 13:27:13 [DEBUG] [] Config [timeout] = [60]
2016-02-26 13:27:13 [DEBUG] [] Config [log_level] = [4]
2016-02-26 13:27:13 [DEBUG] [] Config [verify_cert] = [1]
2016-02-26 13:27:13 [DEBUG] [] Config [verify_host] = [1]
2016-02-26 13:27:13 [DEBUG] [] Config [report_error] = [1]
2016-02-26 13:27:13 [DEBUG] [] Config [output_UTF8] = [1]
2016-02-26 13:27:13 [DEBUG] [] Config [auto_rollback] = [1]
2016-02-26 13:27:13 [DEBUG] [] Config [log_dir] = [./log]
2016-02-26 13:27:13 [DEBUG] [] Config [tshinsoo] = [e57352760ea5a2a1fce315c6ead11ece]
2016-02-26 13:27:13 [DEBUG] [] Config [shinsoo] = [e57352760ea5a2a1fce315c6ead11ece]
2016-02-26 13:27:13 [DEBUG] [] Config [url] = [https://xpayclient.lgdacom.net/xpay/Gateway.do]
2016-02-26 13:27:13 [DEBUG] [] Config [test_url] = [https://xpayclient.lgdacom.net:7443/xpay/Gateway.do]
2016-02-26 13:27:13 [DEBUG] [] Config [aux_url] = [http://xpayclient.lgdacom.net:7080/xpay/Gateway.do]
2016-02-26 13:27:16 [INFO ] [] XPayClient initialize [../lgpay] [test]
2016-02-26 13:27:16 [DEBUG] [] Config [server_id] = [01]
2016-02-26 13:27:16 [DEBUG] [] Config [timeout] = [60]
2016-02-26 13:27:16 [DEBUG] [] Config [log_level] = [4]
2016-02-26 13:27:16 [DEBUG] [] Config [verify_cert] = [1]
2016-02-26 13:27:16 [DEBUG] [] Config [verify_host] = [1]
2016-02-26 13:27:16 [DEBUG] [] Config [report_error] = [1]
2016-02-26 13:27:16 [DEBUG] [] Config [output_UTF8] = [1]
2016-02-26 13:27:16 [DEBUG] [] Config [auto_rollback] = [1]
2016-02-26 13:27:16 [DEBUG] [] Config [log_dir] = [./log]
2016-02-26 13:27:16 [DEBUG] [] Config [tshinsoo] = [e57352760ea5a2a1fce315c6ead11ece]
2016-02-26 13:27:16 [DEBUG] [] Config [shinsoo] = [e57352760ea5a2a1fce315c6ead11ece]
2016-02-26 13:27:16 [DEBUG] [] Config [url] = [https://xpayclient.lgdacom.net/xpay/Gateway.do]
2016-02-26 13:27:16 [DEBUG] [] Config [test_url] = [https://xpayclient.lgdacom.net:7443/xpay/Gateway.do]
2016-02-26 13:27:16 [DEBUG] [] Config [aux_url] = [http://xpayclient.lgdacom.net:7080/xpay/Gateway.do]
2016-02-26 13:27:23 [INFO ] [] XPayClient initialize [../lgpay] [test]
2016-02-26 13:27:23 [DEBUG] [] Config [server_id] = [01]
2016-02-26 13:27:23 [DEBUG] [] Config [timeout] = [60]
2016-02-26 13:27:23 [DEBUG] [] Config [log_level] = [4]
2016-02-26 13:27:23 [DEBUG] [] Config [verify_cert] = [1]
2016-02-26 13:27:23 [DEBUG] [] Config [verify_host] = [1]
2016-02-26 13:27:23 [DEBUG] [] Config [report_error] = [1]
2016-02-26 13:27:23 [DEBUG] [] Config [output_UTF8] = [1]
2016-02-26 13:27:23 [DEBUG] [] Config [auto_rollback] = [1]
2016-02-26 13:27:23 [DEBUG] [] Config [log_dir] = [./log]
2016-02-26 13:27:23 [DEBUG] [] Config [tshinsoo] = [e57352760ea5a2a1fce315c6ead11ece]
2016-02-26 13:27:23 [DEBUG] [] Config [shinsoo] = [e57352760ea5a2a1fce315c6ead11ece]
2016-02-26 13:27:23 [DEBUG] [] Config [url] = [https://xpayclient.lgdacom.net/xpay/Gateway.do]
2016-02-26 13:27:23 [DEBUG] [] Config [test_url] = [https://xpayclient.lgdacom.net:7443/xpay/Gateway.do]
2016-02-26 13:27:23 [DEBUG] [] Config [aux_url] = [http://xpayclient.lgdacom.net:7080/xpay/Gateway.do]
2016-02-26 13:28:27 [INFO ] [] XPayClient initialize [../lgpay] [test]
2016-02-26 13:28:27 [DEBUG] [] Config [server_id] = [01]
2016-02-26 13:28:27 [DEBUG] [] Config [timeout] = [60]
2016-02-26 13:28:27 [DEBUG] [] Config [log_level] = [4]
2016-02-26 13:28:27 [DEBUG] [] Config [verify_cert] = [1]
2016-02-26 13:28:27 [DEBUG] [] Config [verify_host] = [1]
2016-02-26 13:28:27 [DEBUG] [] Config [report_error] = [1]
2016-02-26 13:28:27 [DEBUG] [] Config [output_UTF8] = [1]
2016-02-26 13:28:27 [DEBUG] [] Config [auto_rollback] = [1]
2016-02-26 13:28:27 [DEBUG] [] Config [log_dir] = [./log]
2016-02-26 13:28:27 [DEBUG] [] Config [tshinsoo] = [e57352760ea5a2a1fce315c6ead11ece]
2016-02-26 13:28:27 [DEBUG] [] Config [shinsoo] = [e57352760ea5a2a1fce315c6ead11ece]
2016-02-26 13:28:27 [DEBUG] [] Config [url] = [https://xpayclient.lgdacom.net/xpay/Gateway.do]
2016-02-26 13:28:27 [DEBUG] [] Config [test_url] = [https://xpayclient.lgdacom.net:7443/xpay/Gateway.do]
2016-02-26 13:28:27 [DEBUG] [] Config [aux_url] = [http://xpayclient.lgdacom.net:7080/xpay/Gateway.do]
2016-02-26 13:29:04 [INFO ] [] XPayClient initialize [../lgpay] [test]
2016-02-26 13:29:04 [DEBUG] [] Config [server_id] = [01]
2016-02-26 13:29:04 [DEBUG] [] Config [timeout] = [60]
2016-02-26 13:29:04 [DEBUG] [] Config [log_level] = [4]
2016-02-26 13:29:04 [DEBUG] [] Config [verify_cert] = [1]
2016-02-26 13:29:04 [DEBUG] [] Config [verify_host] = [1]
2016-02-26 13:29:04 [DEBUG] [] Config [report_error] = [1]
2016-02-26 13:29:04 [DEBUG] [] Config [output_UTF8] = [1]
2016-02-26 13:29:04 [DEBUG] [] Config [auto_rollback] = [1]
2016-02-26 13:29:04 [DEBUG] [] Config [log_dir] = [./log]
2016-02-26 13:29:04 [DEBUG] [] Config [tshinsoo] = [e57352760ea5a2a1fce315c6ead11ece]
2016-02-26 13:29:04 [DEBUG] [] Config [shinsoo] = [e57352760ea5a2a1fce315c6ead11ece]
2016-02-26 13:29:04 [DEBUG] [] Config [url] = [https://xpayclient.lgdacom.net/xpay/Gateway.do]
2016-02-26 13:29:04 [DEBUG] [] Config [test_url] = [https://xpayclient.lgdacom.net:7443/xpay/Gateway.do]
2016-02-26 13:29:04 [DEBUG] [] Config [aux_url] = [http://xpayclient.lgdacom.net:7080/xpay/Gateway.do]
2016-02-26 13:30:35 [INFO ] [] XPayClient initialize [../lgpay] [test]
2016-02-26 13:30:35 [DEBUG] [] Config [server_id] = [01]
2016-02-26 13:30:35 [DEBUG] [] Config [timeout] = [60]
2016-02-26 13:30:35 [DEBUG] [] Config [log_level] = [4]
2016-02-26 13:30:35 [DEBUG] [] Config [verify_cert] = [1]
2016-02-26 13:30:35 [DEBUG] [] Config [verify_host] = [1]
2016-02-26 13:30:35 [DEBUG] [] Config [report_error] = [1]
2016-02-26 13:30:35 [DEBUG] [] Config [output_UTF8] = [1]
2016-02-26 13:30:35 [DEBUG] [] Config [auto_rollback] = [1]
2016-02-26 13:30:35 [DEBUG] [] Config [log_dir] = [./log]
2016-02-26 13:30:35 [DEBUG] [] Config [tshinsoo] = [e57352760ea5a2a1fce315c6ead11ece]
2016-02-26 13:30:35 [DEBUG] [] Config [shinsoo] = [e57352760ea5a2a1fce315c6ead11ece]
2016-02-26 13:30:35 [DEBUG] [] Config [url] = [https://xpayclient.lgdacom.net/xpay/Gateway.do]
2016-02-26 13:30:35 [DEBUG] [] Config [test_url] = [https://xpayclient.lgdacom.net:7443/xpay/Gateway.do]
2016-02-26 13:30:35 [DEBUG] [] Config [aux_url] = [http://xpayclient.lgdacom.net:7080/xpay/Gateway.do]
2016-02-26 13:32:33 [INFO ] [] XPayClient initialize [../lgpay] [test]
2016-02-26 13:32:33 [DEBUG] [] Config [server_id] = [01]
2016-02-26 13:32:33 [DEBUG] [] Config [timeout] = [60]
2016-02-26 13:32:33 [DEBUG] [] Config [log_level] = [4]
2016-02-26 13:32:33 [DEBUG] [] Config [verify_cert] = [1]
2016-02-26 13:32:33 [DEBUG] [] Config [verify_host] = [1]
2016-02-26 13:32:33 [DEBUG] [] Config [report_error] = [1]
2016-02-26 13:32:33 [DEBUG] [] Config [output_UTF8] = [1]
2016-02-26 13:32:33 [DEBUG] [] Config [auto_rollback] = [1]
2016-02-26 13:32:33 [DEBUG] [] Config [log_dir] = [./log]
2016-02-26 13:32:33 [DEBUG] [] Config [tshinsoo] = [e57352760ea5a2a1fce315c6ead11ece]
2016-02-26 13:32:33 [DEBUG] [] Config [shinsoo] = [e57352760ea5a2a1fce315c6ead11ece]
2016-02-26 13:32:33 [DEBUG] [] Config [url] = [https://xpayclient.lgdacom.net/xpay/Gateway.do]
2016-02-26 13:32:33 [DEBUG] [] Config [test_url] = [https://xpayclient.lgdacom.net:7443/xpay/Gateway.do]
2016-02-26 13:32:33 [DEBUG] [] Config [aux_url] = [http://xpayclient.lgdacom.net:7080/xpay/Gateway.do]
2016-02-26 13:33:06 [INFO ] [] XPayClient initialize [../lgpay] [test]
2016-02-26 13:33:06 [DEBUG] [] Config [server_id] = [01]
2016-02-26 13:33:06 [DEBUG] [] Config [timeout] = [60]
2016-02-26 13:33:06 [DEBUG] [] Config [log_level] = [4]
2016-02-26 13:33:06 [DEBUG] [] Config [verify_cert] = [1]
2016-02-26 13:33:06 [DEBUG] [] Config [verify_host] = [1]
2016-02-26 13:33:06 [DEBUG] [] Config [report_error] = [1]
2016-02-26 13:33:06 [DEBUG] [] Config [output_UTF8] = [1]
2016-02-26 13:33:06 [DEBUG] [] Config [auto_rollback] = [1]
2016-02-26 13:33:06 [DEBUG] [] Config [log_dir] = [./log]
2016-02-26 13:33:06 [DEBUG] [] Config [tshinsoo] = [e57352760ea5a2a1fce315c6ead11ece]
2016-02-26 13:33:06 [DEBUG] [] Config [shinsoo] = [e57352760ea5a2a1fce315c6ead11ece]
2016-02-26 13:33:06 [DEBUG] [] Config [url] = [https://xpayclient.lgdacom.net/xpay/Gateway.do]
2016-02-26 13:33:06 [DEBUG] [] Config [test_url] = [https://xpayclient.lgdacom.net:7443/xpay/Gateway.do]
2016-02-26 13:33:06 [DEBUG] [] Config [aux_url] = [http://xpayclient.lgdacom.net:7080/xpay/Gateway.do]
2016-02-26 13:36:17 [INFO ] [] XPayClient initialize [../lgpay] [test]
2016-02-26 13:36:17 [DEBUG] [] Config [server_id] = [01]
2016-02-26 13:36:17 [DEBUG] [] Config [timeout] = [60]
2016-02-26 13:36:17 [DEBUG] [] Config [log_level] = [4]
2016-02-26 13:36:17 [DEBUG] [] Config [verify_cert] = [1]
2016-02-26 13:36:17 [DEBUG] [] Config [verify_host] = [1]
2016-02-26 13:36:17 [DEBUG] [] Config [report_error] = [1]
2016-02-26 13:36:17 [DEBUG] [] Config [output_UTF8] = [1]
2016-02-26 13:36:17 [DEBUG] [] Config [auto_rollback] = [1]
2016-02-26 13:36:17 [DEBUG] [] Config [log_dir] = [./log]
2016-02-26 13:36:17 [DEBUG] [] Config [tshinsoo] = [e57352760ea5a2a1fce315c6ead11ece]
2016-02-26 13:36:17 [DEBUG] [] Config [shinsoo] = [e57352760ea5a2a1fce315c6ead11ece]
2016-02-26 13:36:17 [DEBUG] [] Config [url] = [https://xpayclient.lgdacom.net/xpay/Gateway.do]
2016-02-26 13:36:17 [DEBUG] [] Config [test_url] = [https://xpayclient.lgdacom.net:7443/xpay/Gateway.do]
2016-02-26 13:36:17 [DEBUG] [] Config [aux_url] = [http://xpayclient.lgdacom.net:7080/xpay/Gateway.do]
2016-02-26 13:36:47 [INFO ] [] XPayClient initialize [../lgpay] [test]
2016-02-26 13:36:47 [DEBUG] [] Config [server_id] = [01]
2016-02-26 13:36:47 [DEBUG] [] Config [timeout] = [60]
2016-02-26 13:36:47 [DEBUG] [] Config [log_level] = [4]
2016-02-26 13:36:47 [DEBUG] [] Config [verify_cert] = [1]
2016-02-26 13:36:47 [DEBUG] [] Config [verify_host] = [1]
2016-02-26 13:36:47 [DEBUG] [] Config [report_error] = [1]
2016-02-26 13:36:47 [DEBUG] [] Config [output_UTF8] = [1]
2016-02-26 13:36:47 [DEBUG] [] Config [auto_rollback] = [1]
2016-02-26 13:36:47 [DEBUG] [] Config [log_dir] = [./log]
2016-02-26 13:36:47 [DEBUG] [] Config [tshinsoo] = [e57352760ea5a2a1fce315c6ead11ece]
2016-02-26 13:36:47 [DEBUG] [] Config [shinsoo] = [e57352760ea5a2a1fce315c6ead11ece]
2016-02-26 13:36:47 [DEBUG] [] Config [url] = [https://xpayclient.lgdacom.net/xpay/Gateway.do]
2016-02-26 13:36:47 [DEBUG] [] Config [test_url] = [https://xpayclient.lgdacom.net:7443/xpay/Gateway.do]
2016-02-26 13:36:47 [DEBUG] [] Config [aux_url] = [http://xpayclient.lgdacom.net:7080/xpay/Gateway.do]
2016-02-26 13:36:47 [DEBUG] [tshinsoo-01201602261336473aa5e12d9e460c2578886f74764711273979f291] Post [LGD_TXID] = [tshinsoo-01201602261336473aa5e12d9e460c2578886f74764711273979f291]
2016-02-26 13:36:47 [DEBUG] [tshinsoo-01201602261336473aa5e12d9e460c2578886f74764711273979f291] Post [LGD_AUTHCODE] = [af8bc1a30b1fb64fae4d856970f30c923ffa661e]
2016-02-26 13:36:47 [DEBUG] [tshinsoo-01201602261336473aa5e12d9e460c2578886f74764711273979f291] Post [LGD_MID] = [tshinsoo]
2016-02-26 13:36:47 [DEBUG] [tshinsoo-01201602261336473aa5e12d9e460c2578886f74764711273979f291] Post [LGD_TXNAME] = [PaymentByKey]
2016-02-26 13:36:47 [DEBUG] [tshinsoo-01201602261336473aa5e12d9e460c2578886f74764711273979f291] Post [LGD_PAYKEY] = [201602261336369A153CC2D7F3836EEDA8DC018006DDBC120F3F0C]
2016-02-26 13:36:47 [DEBUG] [tshinsoo-01201602261336473aa5e12d9e460c2578886f74764711273979f291] post_string = LGD_TXID=tshinsoo-01201602261336473aa5e12d9e460c2578886f74764711273979f291&LGD_AUTHCODE=af8bc1a30b1fb64fae4d856970f30c923ffa661e&LGD_MID=tshinsoo&LGD_TXNAME=PaymentByKey&LGD_PAYKEY=201602261336369A153CC2D7F3836EEDA8DC018006DDBC120F3F0C
2016-02-26 13:36:47 [FATAL] [tshinsoo-01201602261336473aa5e12d9e460c2578886f74764711273979f291] TX failed: res code = 20101; msg = SSL error; cURL error code = 77 msg = error setting certificate verify locations:
  CAfile: ../lgpay/conf/ca-bundle.crt
  CApath: none
2016-02-26 13:52:37 [INFO ] [] XPayClient initialize [../lgpay] [test]
2016-02-26 13:52:37 [DEBUG] [] Config [server_id] = [01]
2016-02-26 13:52:37 [DEBUG] [] Config [timeout] = [60]
2016-02-26 13:52:37 [DEBUG] [] Config [log_level] = [4]
2016-02-26 13:52:37 [DEBUG] [] Config [verify_cert] = [1]
2016-02-26 13:52:37 [DEBUG] [] Config [verify_host] = [1]
2016-02-26 13:52:37 [DEBUG] [] Config [report_error] = [1]
2016-02-26 13:52:37 [DEBUG] [] Config [output_UTF8] = [1]
2016-02-26 13:52:37 [DEBUG] [] Config [auto_rollback] = [1]
2016-02-26 13:52:37 [DEBUG] [] Config [log_dir] = [./log]
2016-02-26 13:52:37 [DEBUG] [] Config [tshinsoo] = [e57352760ea5a2a1fce315c6ead11ece]
2016-02-26 13:52:37 [DEBUG] [] Config [shinsoo] = [e57352760ea5a2a1fce315c6ead11ece]
2016-02-26 13:52:37 [DEBUG] [] Config [url] = [https://xpayclient.lgdacom.net/xpay/Gateway.do]
2016-02-26 13:52:37 [DEBUG] [] Config [test_url] = [https://xpayclient.lgdacom.net:7443/xpay/Gateway.do]
2016-02-26 13:52:37 [DEBUG] [] Config [aux_url] = [http://xpayclient.lgdacom.net:7080/xpay/Gateway.do]
2016-02-26 13:53:10 [INFO ] [] XPayClient initialize [../lgpay] [test]
2016-02-26 13:53:10 [DEBUG] [] Config [server_id] = [01]
2016-02-26 13:53:10 [DEBUG] [] Config [timeout] = [60]
2016-02-26 13:53:10 [DEBUG] [] Config [log_level] = [4]
2016-02-26 13:53:10 [DEBUG] [] Config [verify_cert] = [1]
2016-02-26 13:53:10 [DEBUG] [] Config [verify_host] = [1]
2016-02-26 13:53:10 [DEBUG] [] Config [report_error] = [1]
2016-02-26 13:53:10 [DEBUG] [] Config [output_UTF8] = [1]
2016-02-26 13:53:10 [DEBUG] [] Config [auto_rollback] = [1]
2016-02-26 13:53:10 [DEBUG] [] Config [log_dir] = [./log]
2016-02-26 13:53:10 [DEBUG] [] Config [tshinsoo] = [e57352760ea5a2a1fce315c6ead11ece]
2016-02-26 13:53:10 [DEBUG] [] Config [shinsoo] = [e57352760ea5a2a1fce315c6ead11ece]
2016-02-26 13:53:10 [DEBUG] [] Config [url] = [https://xpayclient.lgdacom.net/xpay/Gateway.do]
2016-02-26 13:53:10 [DEBUG] [] Config [test_url] = [https://xpayclient.lgdacom.net:7443/xpay/Gateway.do]
2016-02-26 13:53:10 [DEBUG] [] Config [aux_url] = [http://xpayclient.lgdacom.net:7080/xpay/Gateway.do]
2016-02-26 13:53:10 [DEBUG] [tshinsoo-01201602261353107ec766270e5a5303cc30559bf389b9c2c30f2a36] Post [LGD_TXID] = [tshinsoo-01201602261353107ec766270e5a5303cc30559bf389b9c2c30f2a36]
2016-02-26 13:53:10 [DEBUG] [tshinsoo-01201602261353107ec766270e5a5303cc30559bf389b9c2c30f2a36] Post [LGD_AUTHCODE] = [c20c9c9b99d13bc2831d3f7f40e39d4ddbc538a9]
2016-02-26 13:53:10 [DEBUG] [tshinsoo-01201602261353107ec766270e5a5303cc30559bf389b9c2c30f2a36] Post [LGD_MID] = [tshinsoo]
2016-02-26 13:53:10 [DEBUG] [tshinsoo-01201602261353107ec766270e5a5303cc30559bf389b9c2c30f2a36] Post [LGD_TXNAME] = [PaymentByKey]
2016-02-26 13:53:10 [DEBUG] [tshinsoo-01201602261353107ec766270e5a5303cc30559bf389b9c2c30f2a36] Post [LGD_PAYKEY] = [20160226135300AC3096FAD61D41D04DCA75E7094299EEBC3372E9]
2016-02-26 13:53:10 [DEBUG] [tshinsoo-01201602261353107ec766270e5a5303cc30559bf389b9c2c30f2a36] post_string = LGD_TXID=tshinsoo-01201602261353107ec766270e5a5303cc30559bf389b9c2c30f2a36&LGD_AUTHCODE=c20c9c9b99d13bc2831d3f7f40e39d4ddbc538a9&LGD_MID=tshinsoo&LGD_TXNAME=PaymentByKey&LGD_PAYKEY=20160226135300AC3096FAD61D41D04DCA75E7094299EEBC3372E9
2016-02-26 13:53:10 [FATAL] [tshinsoo-01201602261353107ec766270e5a5303cc30559bf389b9c2c30f2a36] TX failed: res code = 20101; msg = SSL error; cURL error code = 77 msg = error setting certificate verify locations:
  CAfile: ../lgpay/conf/ca-bundle.crt
  CApath: none
2016-02-26 13:53:53 [INFO ] [] XPayClient initialize [../lgpay] [test]
2016-02-26 13:53:53 [DEBUG] [] Config [server_id] = [01]
2016-02-26 13:53:53 [DEBUG] [] Config [timeout] = [60]
2016-02-26 13:53:53 [DEBUG] [] Config [log_level] = [4]
2016-02-26 13:53:53 [DEBUG] [] Config [verify_cert] = [1]
2016-02-26 13:53:53 [DEBUG] [] Config [verify_host] = [1]
2016-02-26 13:53:53 [DEBUG] [] Config [report_error] = [1]
2016-02-26 13:53:53 [DEBUG] [] Config [output_UTF8] = [1]
2016-02-26 13:53:53 [DEBUG] [] Config [auto_rollback] = [1]
2016-02-26 13:53:53 [DEBUG] [] Config [log_dir] = [./log]
2016-02-26 13:53:53 [DEBUG] [] Config [tshinsoo] = [e57352760ea5a2a1fce315c6ead11ece]
2016-02-26 13:53:53 [DEBUG] [] Config [shinsoo] = [e57352760ea5a2a1fce315c6ead11ece]
2016-02-26 13:53:53 [DEBUG] [] Config [url] = [https://xpayclient.lgdacom.net/xpay/Gateway.do]
2016-02-26 13:53:53 [DEBUG] [] Config [test_url] = [https://xpayclient.lgdacom.net:7443/xpay/Gateway.do]
2016-02-26 13:53:53 [DEBUG] [] Config [aux_url] = [http://xpayclient.lgdacom.net:7080/xpay/Gateway.do]
2016-02-26 13:53:53 [DEBUG] [tshinsoo-01201602261353532159db0db579b3648119db1c791adf9b4cc571b2] Post [LGD_TXID] = [tshinsoo-01201602261353532159db0db579b3648119db1c791adf9b4cc571b2]
2016-02-26 13:53:53 [DEBUG] [tshinsoo-01201602261353532159db0db579b3648119db1c791adf9b4cc571b2] Post [LGD_AUTHCODE] = [addf57eedd5f748b73cb2c56117dff8673abd767]
2016-02-26 13:53:53 [DEBUG] [tshinsoo-01201602261353532159db0db579b3648119db1c791adf9b4cc571b2] Post [LGD_MID] = [tshinsoo]
2016-02-26 13:53:53 [DEBUG] [tshinsoo-01201602261353532159db0db579b3648119db1c791adf9b4cc571b2] Post [LGD_TXNAME] = [PaymentByKey]
2016-02-26 13:53:53 [DEBUG] [tshinsoo-01201602261353532159db0db579b3648119db1c791adf9b4cc571b2] Post [LGD_PAYKEY] = [20160226135300AC3096FAD61D41D04DCA75E7094299EEBC3372E9]
2016-02-26 13:53:53 [DEBUG] [tshinsoo-01201602261353532159db0db579b3648119db1c791adf9b4cc571b2] post_string = LGD_TXID=tshinsoo-01201602261353532159db0db579b3648119db1c791adf9b4cc571b2&LGD_AUTHCODE=addf57eedd5f748b73cb2c56117dff8673abd767&LGD_MID=tshinsoo&LGD_TXNAME=PaymentByKey&LGD_PAYKEY=20160226135300AC3096FAD61D41D04DCA75E7094299EEBC3372E9
2016-02-26 13:53:53 [FATAL] [tshinsoo-01201602261353532159db0db579b3648119db1c791adf9b4cc571b2] TX failed: res code = 20101; msg = SSL error; cURL error code = 77 msg = error setting certificate verify locations:
  CAfile: ../lgpay/conf/ca-bundle.crt
  CApath: none
2016-02-26 13:54:23 [INFO ] [] XPayClient initialize [../lgpay] [test]
2016-02-26 13:54:23 [DEBUG] [] Config [server_id] = [01]
2016-02-26 13:54:23 [DEBUG] [] Config [timeout] = [60]
2016-02-26 13:54:23 [DEBUG] [] Config [log_level] = [4]
2016-02-26 13:54:23 [DEBUG] [] Config [verify_cert] = [1]
2016-02-26 13:54:23 [DEBUG] [] Config [verify_host] = [1]
2016-02-26 13:54:23 [DEBUG] [] Config [report_error] = [1]
2016-02-26 13:54:23 [DEBUG] [] Config [output_UTF8] = [1]
2016-02-26 13:54:23 [DEBUG] [] Config [auto_rollback] = [1]
2016-02-26 13:54:23 [DEBUG] [] Config [log_dir] = [./log]
2016-02-26 13:54:23 [DEBUG] [] Config [tshinsoo] = [e57352760ea5a2a1fce315c6ead11ece]
2016-02-26 13:54:23 [DEBUG] [] Config [shinsoo] = [e57352760ea5a2a1fce315c6ead11ece]
2016-02-26 13:54:23 [DEBUG] [] Config [url] = [https://xpayclient.lgdacom.net/xpay/Gateway.do]
2016-02-26 13:54:23 [DEBUG] [] Config [test_url] = [https://xpayclient.lgdacom.net:7443/xpay/Gateway.do]
2016-02-26 13:54:23 [DEBUG] [] Config [aux_url] = [http://xpayclient.lgdacom.net:7080/xpay/Gateway.do]
2016-02-26 13:54:51 [INFO ] [] XPayClient initialize [../lgpay] [test]
2016-02-26 13:54:51 [DEBUG] [] Config [server_id] = [01]
2016-02-26 13:54:51 [DEBUG] [] Config [timeout] = [60]
2016-02-26 13:54:51 [DEBUG] [] Config [log_level] = [4]
2016-02-26 13:54:51 [DEBUG] [] Config [verify_cert] = [1]
2016-02-26 13:54:51 [DEBUG] [] Config [verify_host] = [1]
2016-02-26 13:54:51 [DEBUG] [] Config [report_error] = [1]
2016-02-26 13:54:51 [DEBUG] [] Config [output_UTF8] = [1]
2016-02-26 13:54:51 [DEBUG] [] Config [auto_rollback] = [1]
2016-02-26 13:54:51 [DEBUG] [] Config [log_dir] = [./log]
2016-02-26 13:54:51 [DEBUG] [] Config [tshinsoo] = [e57352760ea5a2a1fce315c6ead11ece]
2016-02-26 13:54:51 [DEBUG] [] Config [shinsoo] = [e57352760ea5a2a1fce315c6ead11ece]
2016-02-26 13:54:51 [DEBUG] [] Config [url] = [https://xpayclient.lgdacom.net/xpay/Gateway.do]
2016-02-26 13:54:51 [DEBUG] [] Config [test_url] = [https://xpayclient.lgdacom.net:7443/xpay/Gateway.do]
2016-02-26 13:54:51 [DEBUG] [] Config [aux_url] = [http://xpayclient.lgdacom.net:7080/xpay/Gateway.do]
2016-02-26 13:54:51 [DEBUG] [tshinsoo-012016022613545118c8a9e856be6c8324fe5c75cb4479c5d382acbc] Post [LGD_TXID] = [tshinsoo-012016022613545118c8a9e856be6c8324fe5c75cb4479c5d382acbc]
2016-02-26 13:54:51 [DEBUG] [tshinsoo-012016022613545118c8a9e856be6c8324fe5c75cb4479c5d382acbc] Post [LGD_AUTHCODE] = [6066b20a3a385f5ebc453ccb96a70834585cd32e]
2016-02-26 13:54:51 [DEBUG] [tshinsoo-012016022613545118c8a9e856be6c8324fe5c75cb4479c5d382acbc] Post [LGD_MID] = [tshinsoo]
2016-02-26 13:54:51 [DEBUG] [tshinsoo-012016022613545118c8a9e856be6c8324fe5c75cb4479c5d382acbc] Post [LGD_TXNAME] = [PaymentByKey]
2016-02-26 13:54:51 [DEBUG] [tshinsoo-012016022613545118c8a9e856be6c8324fe5c75cb4479c5d382acbc] Post [LGD_PAYKEY] = [20160226135440CB727F6E822E6DB09FE057A48690CAA11EC99B3D]
2016-02-26 13:54:51 [DEBUG] [tshinsoo-012016022613545118c8a9e856be6c8324fe5c75cb4479c5d382acbc] post_string = LGD_TXID=tshinsoo-012016022613545118c8a9e856be6c8324fe5c75cb4479c5d382acbc&LGD_AUTHCODE=6066b20a3a385f5ebc453ccb96a70834585cd32e&LGD_MID=tshinsoo&LGD_TXNAME=PaymentByKey&LGD_PAYKEY=20160226135440CB727F6E822E6DB09FE057A48690CAA11EC99B3D
2016-02-26 13:54:51 [FATAL] [tshinsoo-012016022613545118c8a9e856be6c8324fe5c75cb4479c5d382acbc] TX failed: res code = 20101; msg = SSL error; cURL error code = 77 msg = error setting certificate verify locations:
  CAfile: ../lgpay/conf/ca-bundle.crt
  CApath: none
2016-02-26 13:55:02 [INFO ] [] XPayClient initialize [../lgpay] [test]
2016-02-26 13:55:02 [DEBUG] [] Config [server_id] = [01]
2016-02-26 13:55:02 [DEBUG] [] Config [timeout] = [60]
2016-02-26 13:55:02 [DEBUG] [] Config [log_level] = [4]
2016-02-26 13:55:02 [DEBUG] [] Config [verify_cert] = [1]
2016-02-26 13:55:02 [DEBUG] [] Config [verify_host] = [1]
2016-02-26 13:55:02 [DEBUG] [] Config [report_error] = [1]
2016-02-26 13:55:02 [DEBUG] [] Config [output_UTF8] = [1]
2016-02-26 13:55:02 [DEBUG] [] Config [auto_rollback] = [1]
2016-02-26 13:55:02 [DEBUG] [] Config [log_dir] = [./log]
2016-02-26 13:55:02 [DEBUG] [] Config [tshinsoo] = [e57352760ea5a2a1fce315c6ead11ece]
2016-02-26 13:55:02 [DEBUG] [] Config [shinsoo] = [e57352760ea5a2a1fce315c6ead11ece]
2016-02-26 13:55:02 [DEBUG] [] Config [url] = [https://xpayclient.lgdacom.net/xpay/Gateway.do]
2016-02-26 13:55:02 [DEBUG] [] Config [test_url] = [https://xpayclient.lgdacom.net:7443/xpay/Gateway.do]
2016-02-26 13:55:02 [DEBUG] [] Config [aux_url] = [http://xpayclient.lgdacom.net:7080/xpay/Gateway.do]
2016-02-26 13:55:02 [DEBUG] [tshinsoo-01201602261355023b5dca3104ddec6382da223259ad6d994a590173] Post [LGD_TXID] = [tshinsoo-01201602261355023b5dca3104ddec6382da223259ad6d994a590173]
2016-02-26 13:55:02 [DEBUG] [tshinsoo-01201602261355023b5dca3104ddec6382da223259ad6d994a590173] Post [LGD_AUTHCODE] = [a246e70b325f8da242f5ef92aeff518b53f0af70]
2016-02-26 13:55:02 [DEBUG] [tshinsoo-01201602261355023b5dca3104ddec6382da223259ad6d994a590173] Post [LGD_MID] = [tshinsoo]
2016-02-26 13:55:02 [DEBUG] [tshinsoo-01201602261355023b5dca3104ddec6382da223259ad6d994a590173] Post [LGD_TXNAME] = [PaymentByKey]
2016-02-26 13:55:02 [DEBUG] [tshinsoo-01201602261355023b5dca3104ddec6382da223259ad6d994a590173] Post [LGD_PAYKEY] = [20160226135440CB727F6E822E6DB09FE057A48690CAA11EC99B3D]
2016-02-26 13:55:02 [DEBUG] [tshinsoo-01201602261355023b5dca3104ddec6382da223259ad6d994a590173] post_string = LGD_TXID=tshinsoo-01201602261355023b5dca3104ddec6382da223259ad6d994a590173&LGD_AUTHCODE=a246e70b325f8da242f5ef92aeff518b53f0af70&LGD_MID=tshinsoo&LGD_TXNAME=PaymentByKey&LGD_PAYKEY=20160226135440CB727F6E822E6DB09FE057A48690CAA11EC99B3D
2016-02-26 13:55:02 [FATAL] [tshinsoo-01201602261355023b5dca3104ddec6382da223259ad6d994a590173] TX failed: res code = 20101; msg = SSL error; cURL error code = 77 msg = error setting certificate verify locations:
  CAfile: ../lgpay/conf/ca-bundle.crt
  CApath: none
2016-02-26 13:57:46 [INFO ] [] XPayClient initialize [../lgpay] [test]
2016-02-26 13:57:46 [DEBUG] [] Config [server_id] = [01]
2016-02-26 13:57:46 [DEBUG] [] Config [timeout] = [60]
2016-02-26 13:57:46 [DEBUG] [] Config [log_level] = [4]
2016-02-26 13:57:46 [DEBUG] [] Config [verify_cert] = [1]
2016-02-26 13:57:46 [DEBUG] [] Config [verify_host] = [1]
2016-02-26 13:57:46 [DEBUG] [] Config [report_error] = [1]
2016-02-26 13:57:46 [DEBUG] [] Config [output_UTF8] = [1]
2016-02-26 13:57:46 [DEBUG] [] Config [auto_rollback] = [1]
2016-02-26 13:57:46 [DEBUG] [] Config [log_dir] = [./log]
2016-02-26 13:57:46 [DEBUG] [] Config [tshinsoo] = [e57352760ea5a2a1fce315c6ead11ece]
2016-02-26 13:57:46 [DEBUG] [] Config [shinsoo] = [e57352760ea5a2a1fce315c6ead11ece]
2016-02-26 13:57:46 [DEBUG] [] Config [url] = [https://xpayclient.lgdacom.net/xpay/Gateway.do]
2016-02-26 13:57:46 [DEBUG] [] Config [test_url] = [https://xpayclient.lgdacom.net:7443/xpay/Gateway.do]
2016-02-26 13:57:46 [DEBUG] [] Config [aux_url] = [http://xpayclient.lgdacom.net:7080/xpay/Gateway.do]
2016-02-26 13:58:15 [INFO ] [] XPayClient initialize [../lgpay] [test]
2016-02-26 13:58:15 [DEBUG] [] Config [server_id] = [01]
2016-02-26 13:58:15 [DEBUG] [] Config [timeout] = [60]
2016-02-26 13:58:15 [DEBUG] [] Config [log_level] = [4]
2016-02-26 13:58:15 [DEBUG] [] Config [verify_cert] = [1]
2016-02-26 13:58:15 [DEBUG] [] Config [verify_host] = [1]
2016-02-26 13:58:15 [DEBUG] [] Config [report_error] = [1]
2016-02-26 13:58:15 [DEBUG] [] Config [output_UTF8] = [1]
2016-02-26 13:58:15 [DEBUG] [] Config [auto_rollback] = [1]
2016-02-26 13:58:15 [DEBUG] [] Config [log_dir] = [./log]
2016-02-26 13:58:15 [DEBUG] [] Config [tshinsoo] = [e57352760ea5a2a1fce315c6ead11ece]
2016-02-26 13:58:15 [DEBUG] [] Config [shinsoo] = [e57352760ea5a2a1fce315c6ead11ece]
2016-02-26 13:58:15 [DEBUG] [] Config [url] = [https://xpayclient.lgdacom.net/xpay/Gateway.do]
2016-02-26 13:58:15 [DEBUG] [] Config [test_url] = [https://xpayclient.lgdacom.net:7443/xpay/Gateway.do]
2016-02-26 13:58:15 [DEBUG] [] Config [aux_url] = [http://xpayclient.lgdacom.net:7080/xpay/Gateway.do]
2016-02-26 13:58:15 [DEBUG] [tshinsoo-01201602261358155bd6deee7195077c74af75309591567b0597ca31] Post [LGD_TXID] = [tshinsoo-01201602261358155bd6deee7195077c74af75309591567b0597ca31]
2016-02-26 13:58:15 [DEBUG] [tshinsoo-01201602261358155bd6deee7195077c74af75309591567b0597ca31] Post [LGD_AUTHCODE] = [b5cc52fcbdd12eb55ac2e5bd603be6bd2f57608f]
2016-02-26 13:58:15 [DEBUG] [tshinsoo-01201602261358155bd6deee7195077c74af75309591567b0597ca31] Post [LGD_MID] = [tshinsoo]
2016-02-26 13:58:15 [DEBUG] [tshinsoo-01201602261358155bd6deee7195077c74af75309591567b0597ca31] Post [LGD_TXNAME] = [PaymentByKey]
2016-02-26 13:58:15 [DEBUG] [tshinsoo-01201602261358155bd6deee7195077c74af75309591567b0597ca31] Post [LGD_PAYKEY] = [20160226135805F2270EFD4B761BD8550D3B890B56EAD35CB61577]
2016-02-26 13:58:15 [DEBUG] [tshinsoo-01201602261358155bd6deee7195077c74af75309591567b0597ca31] post_string = LGD_TXID=tshinsoo-01201602261358155bd6deee7195077c74af75309591567b0597ca31&LGD_AUTHCODE=b5cc52fcbdd12eb55ac2e5bd603be6bd2f57608f&LGD_MID=tshinsoo&LGD_TXNAME=PaymentByKey&LGD_PAYKEY=20160226135805F2270EFD4B761BD8550D3B890B56EAD35CB61577
2016-02-26 13:58:16 [FATAL] [tshinsoo-01201602261358155bd6deee7195077c74af75309591567b0597ca31] TX failed: res code = 20101; msg = SSL error; cURL error code = 77 msg = error setting certificate verify locations:
  CAfile: ../lgpay/conf/ca-bundle.crt
  CApath: none
2016-02-26 15:02:50 [INFO ] [] XPayClient initialize [../lgpay] [test]
2016-02-26 15:02:50 [DEBUG] [] Config [server_id] = [01]
2016-02-26 15:02:50 [DEBUG] [] Config [timeout] = [60]
2016-02-26 15:02:50 [DEBUG] [] Config [log_level] = [4]
2016-02-26 15:02:50 [DEBUG] [] Config [verify_cert] = [1]
2016-02-26 15:02:50 [DEBUG] [] Config [verify_host] = [1]
2016-02-26 15:02:50 [DEBUG] [] Config [report_error] = [1]
2016-02-26 15:02:50 [DEBUG] [] Config [output_UTF8] = [1]
2016-02-26 15:02:50 [DEBUG] [] Config [auto_rollback] = [1]
2016-02-26 15:02:50 [DEBUG] [] Config [log_dir] = [./log]
2016-02-26 15:02:50 [DEBUG] [] Config [tshinsoo] = [e57352760ea5a2a1fce315c6ead11ece]
2016-02-26 15:02:50 [DEBUG] [] Config [shinsoo] = [e57352760ea5a2a1fce315c6ead11ece]
2016-02-26 15:02:50 [DEBUG] [] Config [url] = [https://xpayclient.lgdacom.net/xpay/Gateway.do]
2016-02-26 15:02:50 [DEBUG] [] Config [test_url] = [https://xpayclient.lgdacom.net:7443/xpay/Gateway.do]
2016-02-26 15:02:50 [DEBUG] [] Config [aux_url] = [http://xpayclient.lgdacom.net:7080/xpay/Gateway.do]
2016-02-26 15:03:08 [INFO ] [] XPayClient initialize [../lgpay] [test]
2016-02-26 15:03:08 [DEBUG] [] Config [server_id] = [01]
2016-02-26 15:03:08 [DEBUG] [] Config [timeout] = [60]
2016-02-26 15:03:08 [DEBUG] [] Config [log_level] = [4]
2016-02-26 15:03:08 [DEBUG] [] Config [verify_cert] = [1]
2016-02-26 15:03:08 [DEBUG] [] Config [verify_host] = [1]
2016-02-26 15:03:08 [DEBUG] [] Config [report_error] = [1]
2016-02-26 15:03:08 [DEBUG] [] Config [output_UTF8] = [1]
2016-02-26 15:03:08 [DEBUG] [] Config [auto_rollback] = [1]
2016-02-26 15:03:08 [DEBUG] [] Config [log_dir] = [./log]
2016-02-26 15:03:08 [DEBUG] [] Config [tshinsoo] = [e57352760ea5a2a1fce315c6ead11ece]
2016-02-26 15:03:08 [DEBUG] [] Config [shinsoo] = [e57352760ea5a2a1fce315c6ead11ece]
2016-02-26 15:03:08 [DEBUG] [] Config [url] = [https://xpayclient.lgdacom.net/xpay/Gateway.do]
2016-02-26 15:03:08 [DEBUG] [] Config [test_url] = [https://xpayclient.lgdacom.net:7443/xpay/Gateway.do]
2016-02-26 15:03:08 [DEBUG] [] Config [aux_url] = [http://xpayclient.lgdacom.net:7080/xpay/Gateway.do]
2016-02-26 15:03:08 [DEBUG] [tshinsoo-0120160226150308f330336a71de855c0908fd02094d485f2955ef61] Post [LGD_TXID] = [tshinsoo-0120160226150308f330336a71de855c0908fd02094d485f2955ef61]
2016-02-26 15:03:08 [DEBUG] [tshinsoo-0120160226150308f330336a71de855c0908fd02094d485f2955ef61] Post [LGD_AUTHCODE] = [0dd976c70f86f5ca018c3f65b7b6484c6f83d40f]
2016-02-26 15:03:08 [DEBUG] [tshinsoo-0120160226150308f330336a71de855c0908fd02094d485f2955ef61] Post [LGD_MID] = [tshinsoo]
2016-02-26 15:03:08 [DEBUG] [tshinsoo-0120160226150308f330336a71de855c0908fd02094d485f2955ef61] Post [LGD_TXNAME] = [PaymentByKey]
2016-02-26 15:03:08 [DEBUG] [tshinsoo-0120160226150308f330336a71de855c0908fd02094d485f2955ef61] Post [LGD_PAYKEY] = [2016022615025750A07BD40BA7DC66C48161FCE6658E904610F2CF]
2016-02-26 15:03:08 [DEBUG] [tshinsoo-0120160226150308f330336a71de855c0908fd02094d485f2955ef61] post_string = LGD_TXID=tshinsoo-0120160226150308f330336a71de855c0908fd02094d485f2955ef61&LGD_AUTHCODE=0dd976c70f86f5ca018c3f65b7b6484c6f83d40f&LGD_MID=tshinsoo&LGD_TXNAME=PaymentByKey&LGD_PAYKEY=2016022615025750A07BD40BA7DC66C48161FCE6658E904610F2CF
2016-02-26 15:03:08 [FATAL] [tshinsoo-0120160226150308f330336a71de855c0908fd02094d485f2955ef61] TX failed: res code = 20101; msg = SSL error; cURL error code = 77 msg = error setting certificate verify locations:
  CAfile: ../lgpay/conf/ca-bundle.crt
  CApath: none
2016-02-26 15:18:21 [INFO ] [] XPayClient initialize [../lgpay] [test]
2016-02-26 15:18:21 [DEBUG] [] Config [server_id] = [01]
2016-02-26 15:18:21 [DEBUG] [] Config [timeout] = [60]
2016-02-26 15:18:21 [DEBUG] [] Config [log_level] = [4]
2016-02-26 15:18:21 [DEBUG] [] Config [verify_cert] = [1]
2016-02-26 15:18:21 [DEBUG] [] Config [verify_host] = [1]
2016-02-26 15:18:21 [DEBUG] [] Config [report_error] = [1]
2016-02-26 15:18:21 [DEBUG] [] Config [output_UTF8] = [1]
2016-02-26 15:18:21 [DEBUG] [] Config [auto_rollback] = [1]
2016-02-26 15:18:21 [DEBUG] [] Config [log_dir] = [./log]
2016-02-26 15:18:21 [DEBUG] [] Config [tshinsoo] = [e57352760ea5a2a1fce315c6ead11ece]
2016-02-26 15:18:21 [DEBUG] [] Config [shinsoo] = [e57352760ea5a2a1fce315c6ead11ece]
2016-02-26 15:18:21 [DEBUG] [] Config [url] = [https://xpayclient.lgdacom.net/xpay/Gateway.do]
2016-02-26 15:18:21 [DEBUG] [] Config [test_url] = [https://xpayclient.lgdacom.net:7443/xpay/Gateway.do]
2016-02-26 15:18:21 [DEBUG] [] Config [aux_url] = [http://xpayclient.lgdacom.net:7080/xpay/Gateway.do]
2016-02-26 15:18:45 [INFO ] [] XPayClient initialize [../lgpay] [test]
2016-02-26 15:18:45 [DEBUG] [] Config [server_id] = [01]
2016-02-26 15:18:45 [DEBUG] [] Config [timeout] = [60]
2016-02-26 15:18:45 [DEBUG] [] Config [log_level] = [4]
2016-02-26 15:18:45 [DEBUG] [] Config [verify_cert] = [1]
2016-02-26 15:18:45 [DEBUG] [] Config [verify_host] = [1]
2016-02-26 15:18:45 [DEBUG] [] Config [report_error] = [1]
2016-02-26 15:18:45 [DEBUG] [] Config [output_UTF8] = [1]
2016-02-26 15:18:45 [DEBUG] [] Config [auto_rollback] = [1]
2016-02-26 15:18:45 [DEBUG] [] Config [log_dir] = [./log]
2016-02-26 15:18:45 [DEBUG] [] Config [tshinsoo] = [e57352760ea5a2a1fce315c6ead11ece]
2016-02-26 15:18:45 [DEBUG] [] Config [shinsoo] = [e57352760ea5a2a1fce315c6ead11ece]
2016-02-26 15:18:45 [DEBUG] [] Config [url] = [https://xpayclient.lgdacom.net/xpay/Gateway.do]
2016-02-26 15:18:45 [DEBUG] [] Config [test_url] = [https://xpayclient.lgdacom.net:7443/xpay/Gateway.do]
2016-02-26 15:18:45 [DEBUG] [] Config [aux_url] = [http://xpayclient.lgdacom.net:7080/xpay/Gateway.do]
2016-02-26 15:18:45 [DEBUG] [tshinsoo-01201602261518459f1fc6d0a119b2e36957ad8399c1b936f89f819e] Post [LGD_TXID] = [tshinsoo-01201602261518459f1fc6d0a119b2e36957ad8399c1b936f89f819e]
2016-02-26 15:18:45 [DEBUG] [tshinsoo-01201602261518459f1fc6d0a119b2e36957ad8399c1b936f89f819e] Post [LGD_AUTHCODE] = [cad9e2821eeca61a8d44f9cdff4e75897c75ee4b]
2016-02-26 15:18:45 [DEBUG] [tshinsoo-01201602261518459f1fc6d0a119b2e36957ad8399c1b936f89f819e] Post [LGD_MID] = [tshinsoo]
2016-02-26 15:18:45 [DEBUG] [tshinsoo-01201602261518459f1fc6d0a119b2e36957ad8399c1b936f89f819e] Post [LGD_TXNAME] = [PaymentByKey]
2016-02-26 15:18:45 [DEBUG] [tshinsoo-01201602261518459f1fc6d0a119b2e36957ad8399c1b936f89f819e] Post [LGD_PAYKEY] = [20160226151834697A983DCC2D173E2ADA435DB7751049883BC909]
2016-02-26 15:18:45 [DEBUG] [tshinsoo-01201602261518459f1fc6d0a119b2e36957ad8399c1b936f89f819e] post_string = LGD_TXID=tshinsoo-01201602261518459f1fc6d0a119b2e36957ad8399c1b936f89f819e&LGD_AUTHCODE=cad9e2821eeca61a8d44f9cdff4e75897c75ee4b&LGD_MID=tshinsoo&LGD_TXNAME=PaymentByKey&LGD_PAYKEY=20160226151834697A983DCC2D173E2ADA435DB7751049883BC909
2016-02-26 15:18:45 [FATAL] [tshinsoo-01201602261518459f1fc6d0a119b2e36957ad8399c1b936f89f819e] TX failed: res code = 20101; msg = SSL error; cURL error code = 77 msg = error setting certificate verify locations:
  CAfile: ../lgpay/conf/ca-bundle.crt
  CApath: none
2016-02-26 15:27:18 [INFO ] [] XPayClient initialize [../lgpay] [test]
2016-02-26 15:27:18 [DEBUG] [] Config [server_id] = [01]
2016-02-26 15:27:18 [DEBUG] [] Config [timeout] = [60]
2016-02-26 15:27:18 [DEBUG] [] Config [log_level] = [4]
2016-02-26 15:27:18 [DEBUG] [] Config [verify_cert] = [1]
2016-02-26 15:27:18 [DEBUG] [] Config [verify_host] = [1]
2016-02-26 15:27:18 [DEBUG] [] Config [report_error] = [1]
2016-02-26 15:27:18 [DEBUG] [] Config [output_UTF8] = [1]
2016-02-26 15:27:18 [DEBUG] [] Config [auto_rollback] = [1]
2016-02-26 15:27:18 [DEBUG] [] Config [log_dir] = [./log]
2016-02-26 15:27:18 [DEBUG] [] Config [tshinsoo] = [e57352760ea5a2a1fce315c6ead11ece]
2016-02-26 15:27:18 [DEBUG] [] Config [shinsoo] = [e57352760ea5a2a1fce315c6ead11ece]
2016-02-26 15:27:18 [DEBUG] [] Config [url] = [https://xpayclient.lgdacom.net/xpay/Gateway.do]
2016-02-26 15:27:18 [DEBUG] [] Config [test_url] = [https://xpayclient.lgdacom.net:7443/xpay/Gateway.do]
2016-02-26 15:27:18 [DEBUG] [] Config [aux_url] = [http://xpayclient.lgdacom.net:7080/xpay/Gateway.do]
2016-02-26 15:27:24 [INFO ] [] XPayClient initialize [../lgpay] [test]
2016-02-26 15:27:24 [DEBUG] [] Config [server_id] = [01]
2016-02-26 15:27:24 [DEBUG] [] Config [timeout] = [60]
2016-02-26 15:27:24 [DEBUG] [] Config [log_level] = [4]
2016-02-26 15:27:24 [DEBUG] [] Config [verify_cert] = [1]
2016-02-26 15:27:24 [DEBUG] [] Config [verify_host] = [1]
2016-02-26 15:27:24 [DEBUG] [] Config [report_error] = [1]
2016-02-26 15:27:24 [DEBUG] [] Config [output_UTF8] = [1]
2016-02-26 15:27:24 [DEBUG] [] Config [auto_rollback] = [1]
2016-02-26 15:27:24 [DEBUG] [] Config [log_dir] = [./log]
2016-02-26 15:27:24 [DEBUG] [] Config [tshinsoo] = [e57352760ea5a2a1fce315c6ead11ece]
2016-02-26 15:27:24 [DEBUG] [] Config [shinsoo] = [e57352760ea5a2a1fce315c6ead11ece]
2016-02-26 15:27:24 [DEBUG] [] Config [url] = [https://xpayclient.lgdacom.net/xpay/Gateway.do]
2016-02-26 15:27:24 [DEBUG] [] Config [test_url] = [https://xpayclient.lgdacom.net:7443/xpay/Gateway.do]
2016-02-26 15:27:24 [DEBUG] [] Config [aux_url] = [http://xpayclient.lgdacom.net:7080/xpay/Gateway.do]
2016-02-26 15:29:07 [INFO ] [] XPayClient initialize [../lgpay] [test]
2016-02-26 15:29:07 [DEBUG] [] Config [server_id] = [01]
2016-02-26 15:29:07 [DEBUG] [] Config [timeout] = [60]
2016-02-26 15:29:07 [DEBUG] [] Config [log_level] = [4]
2016-02-26 15:29:07 [DEBUG] [] Config [verify_cert] = [1]
2016-02-26 15:29:07 [DEBUG] [] Config [verify_host] = [1]
2016-02-26 15:29:07 [DEBUG] [] Config [report_error] = [1]
2016-02-26 15:29:07 [DEBUG] [] Config [output_UTF8] = [1]
2016-02-26 15:29:07 [DEBUG] [] Config [auto_rollback] = [1]
2016-02-26 15:29:07 [DEBUG] [] Config [log_dir] = [./log]
2016-02-26 15:29:07 [DEBUG] [] Config [tshinsoo] = [e57352760ea5a2a1fce315c6ead11ece]
2016-02-26 15:29:07 [DEBUG] [] Config [shinsoo] = [e57352760ea5a2a1fce315c6ead11ece]
2016-02-26 15:29:07 [DEBUG] [] Config [url] = [https://xpayclient.lgdacom.net/xpay/Gateway.do]
2016-02-26 15:29:07 [DEBUG] [] Config [test_url] = [https://xpayclient.lgdacom.net:7443/xpay/Gateway.do]
2016-02-26 15:29:07 [DEBUG] [] Config [aux_url] = [http://xpayclient.lgdacom.net:7080/xpay/Gateway.do]
2016-02-26 15:43:32 [INFO ] [] XPayClient initialize [../lgpay] [test]
2016-02-26 15:43:32 [DEBUG] [] Config [server_id] = [01]
2016-02-26 15:43:32 [DEBUG] [] Config [timeout] = [60]
2016-02-26 15:43:32 [DEBUG] [] Config [log_level] = [4]
2016-02-26 15:43:32 [DEBUG] [] Config [verify_cert] = [1]
2016-02-26 15:43:32 [DEBUG] [] Config [verify_host] = [1]
2016-02-26 15:43:32 [DEBUG] [] Config [report_error] = [1]
2016-02-26 15:43:32 [DEBUG] [] Config [output_UTF8] = [1]
2016-02-26 15:43:32 [DEBUG] [] Config [auto_rollback] = [1]
2016-02-26 15:43:32 [DEBUG] [] Config [log_dir] = [./log]
2016-02-26 15:43:32 [DEBUG] [] Config [tshinsoo] = [e57352760ea5a2a1fce315c6ead11ece]
2016-02-26 15:43:32 [DEBUG] [] Config [shinsoo] = [e57352760ea5a2a1fce315c6ead11ece]
2016-02-26 15:43:32 [DEBUG] [] Config [url] = [https://xpayclient.lgdacom.net/xpay/Gateway.do]
2016-02-26 15:43:32 [DEBUG] [] Config [test_url] = [https://xpayclient.lgdacom.net:7443/xpay/Gateway.do]
2016-02-26 15:43:32 [DEBUG] [] Config [aux_url] = [http://xpayclient.lgdacom.net:7080/xpay/Gateway.do]
2016-02-26 16:51:15 [INFO ] [] XPayClient initialize [../lgpay] [test]
2016-02-26 16:51:15 [DEBUG] [] Config [server_id] = [01]
2016-02-26 16:51:15 [DEBUG] [] Config [timeout] = [60]
2016-02-26 16:51:15 [DEBUG] [] Config [log_level] = [4]
2016-02-26 16:51:15 [DEBUG] [] Config [verify_cert] = [1]
2016-02-26 16:51:15 [DEBUG] [] Config [verify_host] = [1]
2016-02-26 16:51:15 [DEBUG] [] Config [report_error] = [1]
2016-02-26 16:51:15 [DEBUG] [] Config [output_UTF8] = [1]
2016-02-26 16:51:15 [DEBUG] [] Config [auto_rollback] = [1]
2016-02-26 16:51:15 [DEBUG] [] Config [log_dir] = [./log]
2016-02-26 16:51:15 [DEBUG] [] Config [tshinsoo] = [e57352760ea5a2a1fce315c6ead11ece]
2016-02-26 16:51:15 [DEBUG] [] Config [shinsoo] = [e57352760ea5a2a1fce315c6ead11ece]
2016-02-26 16:51:15 [DEBUG] [] Config [url] = [https://xpayclient.lgdacom.net/xpay/Gateway.do]
2016-02-26 16:51:15 [DEBUG] [] Config [test_url] = [https://xpayclient.lgdacom.net:7443/xpay/Gateway.do]
2016-02-26 16:51:15 [DEBUG] [] Config [aux_url] = [http://xpayclient.lgdacom.net:7080/xpay/Gateway.do]
2016-02-26 16:51:49 [INFO ] [] XPayClient initialize [../lgpay] [test]
2016-02-26 16:51:49 [DEBUG] [] Config [server_id] = [01]
2016-02-26 16:51:49 [DEBUG] [] Config [timeout] = [60]
2016-02-26 16:51:49 [DEBUG] [] Config [log_level] = [4]
2016-02-26 16:51:49 [DEBUG] [] Config [verify_cert] = [1]
2016-02-26 16:51:49 [DEBUG] [] Config [verify_host] = [1]
2016-02-26 16:51:49 [DEBUG] [] Config [report_error] = [1]
2016-02-26 16:51:49 [DEBUG] [] Config [output_UTF8] = [1]
2016-02-26 16:51:49 [DEBUG] [] Config [auto_rollback] = [1]
2016-02-26 16:51:49 [DEBUG] [] Config [log_dir] = [./log]
2016-02-26 16:51:49 [DEBUG] [] Config [tshinsoo] = [e57352760ea5a2a1fce315c6ead11ece]
2016-02-26 16:51:49 [DEBUG] [] Config [shinsoo] = [e57352760ea5a2a1fce315c6ead11ece]
2016-02-26 16:51:49 [DEBUG] [] Config [url] = [https://xpayclient.lgdacom.net/xpay/Gateway.do]
2016-02-26 16:51:49 [DEBUG] [] Config [test_url] = [https://xpayclient.lgdacom.net:7443/xpay/Gateway.do]
2016-02-26 16:51:49 [DEBUG] [] Config [aux_url] = [http://xpayclient.lgdacom.net:7080/xpay/Gateway.do]
2016-02-26 16:51:49 [DEBUG] [tshinsoo-0120160226165149739db9edc0818a16cbf3d46e453f045d52c3aa27] Post [LGD_TXID] = [tshinsoo-0120160226165149739db9edc0818a16cbf3d46e453f045d52c3aa27]
2016-02-26 16:51:49 [DEBUG] [tshinsoo-0120160226165149739db9edc0818a16cbf3d46e453f045d52c3aa27] Post [LGD_AUTHCODE] = [7e024627e3fe10b10dde956b35aa02d3e3740059]
2016-02-26 16:51:49 [DEBUG] [tshinsoo-0120160226165149739db9edc0818a16cbf3d46e453f045d52c3aa27] Post [LGD_MID] = [tshinsoo]
2016-02-26 16:51:49 [DEBUG] [tshinsoo-0120160226165149739db9edc0818a16cbf3d46e453f045d52c3aa27] Post [LGD_TXNAME] = [PaymentByKey]
2016-02-26 16:51:49 [DEBUG] [tshinsoo-0120160226165149739db9edc0818a16cbf3d46e453f045d52c3aa27] Post [LGD_PAYKEY] = [201602261651386AC2936DC42269A3CE2278A9EB8E29BB13496E50]
2016-02-26 16:51:49 [DEBUG] [tshinsoo-0120160226165149739db9edc0818a16cbf3d46e453f045d52c3aa27] post_string = LGD_TXID=tshinsoo-0120160226165149739db9edc0818a16cbf3d46e453f045d52c3aa27&LGD_AUTHCODE=7e024627e3fe10b10dde956b35aa02d3e3740059&LGD_MID=tshinsoo&LGD_TXNAME=PaymentByKey&LGD_PAYKEY=201602261651386AC2936DC42269A3CE2278A9EB8E29BB13496E50
2016-02-26 16:51:49 [FATAL] [tshinsoo-0120160226165149739db9edc0818a16cbf3d46e453f045d52c3aa27] TX failed: res code = 20101; msg = SSL error; cURL error code = 77 msg = error setting certificate verify locations:
  CAfile: ../lgpay/conf/ca-bundle.crt
  CApath: none
