2016-02-23 10:28:54 [INFO ] [] XPayClient initialize [../lgpay/] [test]
2016-02-23 10:28:54 [DEBUG] [] Config [server_id] = [01]
2016-02-23 10:28:54 [DEBUG] [] Config [timeout] = [60]
2016-02-23 10:28:54 [DEBUG] [] Config [log_level] = [4]
2016-02-23 10:28:54 [DEBUG] [] Config [verify_cert] = [1]
2016-02-23 10:28:54 [DEBUG] [] Config [verify_host] = [1]
2016-02-23 10:28:54 [DEBUG] [] Config [report_error] = [1]
2016-02-23 10:28:54 [DEBUG] [] Config [output_UTF8] = [1]
2016-02-23 10:28:54 [DEBUG] [] Config [auto_rollback] = [1]
2016-02-23 10:28:54 [DEBUG] [] Config [log_dir] = [./log]
2016-02-23 10:28:54 [DEBUG] [] Config [tshinsoo] = [e57352760ea5a2a1fce315c6ead11ece]
2016-02-23 10:28:54 [DEBUG] [] Config [shinsoo] = [e57352760ea5a2a1fce315c6ead11ece]
2016-02-23 10:28:54 [DEBUG] [] Config [url] = [https://xpayclient.lgdacom.net/xpay/Gateway.do]
2016-02-23 10:28:54 [DEBUG] [] Config [test_url] = [https://xpayclient.lgdacom.net:7443/xpay/Gateway.do]
2016-02-23 10:28:54 [DEBUG] [] Config [aux_url] = [http://xpayclient.lgdacom.net:7080/xpay/Gateway.do]
2016-02-23 10:29:05 [INFO ] [] XPayClient initialize [../lgpay/] [test]
2016-02-23 10:29:05 [DEBUG] [] Config [server_id] = [01]
2016-02-23 10:29:05 [DEBUG] [] Config [timeout] = [60]
2016-02-23 10:29:05 [DEBUG] [] Config [log_level] = [4]
2016-02-23 10:29:05 [DEBUG] [] Config [verify_cert] = [1]
2016-02-23 10:29:05 [DEBUG] [] Config [verify_host] = [1]
2016-02-23 10:29:05 [DEBUG] [] Config [report_error] = [1]
2016-02-23 10:29:05 [DEBUG] [] Config [output_UTF8] = [1]
2016-02-23 10:29:05 [DEBUG] [] Config [auto_rollback] = [1]
2016-02-23 10:29:05 [DEBUG] [] Config [log_dir] = [./log]
2016-02-23 10:29:05 [DEBUG] [] Config [tshinsoo] = [e57352760ea5a2a1fce315c6ead11ece]
2016-02-23 10:29:05 [DEBUG] [] Config [shinsoo] = [e57352760ea5a2a1fce315c6ead11ece]
2016-02-23 10:29:05 [DEBUG] [] Config [url] = [https://xpayclient.lgdacom.net/xpay/Gateway.do]
2016-02-23 10:29:05 [DEBUG] [] Config [test_url] = [https://xpayclient.lgdacom.net:7443/xpay/Gateway.do]
2016-02-23 10:29:05 [DEBUG] [] Config [aux_url] = [http://xpayclient.lgdacom.net:7080/xpay/Gateway.do]
2016-02-23 10:29:47 [INFO ] [] XPayClient initialize [../lgpay/] [test]
2016-02-23 10:29:47 [DEBUG] [] Config [server_id] = [01]
2016-02-23 10:29:47 [DEBUG] [] Config [timeout] = [60]
2016-02-23 10:29:47 [DEBUG] [] Config [log_level] = [4]
2016-02-23 10:29:47 [DEBUG] [] Config [verify_cert] = [1]
2016-02-23 10:29:47 [DEBUG] [] Config [verify_host] = [1]
2016-02-23 10:29:47 [DEBUG] [] Config [report_error] = [1]
2016-02-23 10:29:47 [DEBUG] [] Config [output_UTF8] = [1]
2016-02-23 10:29:47 [DEBUG] [] Config [auto_rollback] = [1]
2016-02-23 10:29:47 [DEBUG] [] Config [log_dir] = [./log]
2016-02-23 10:29:47 [DEBUG] [] Config [tshinsoo] = [e57352760ea5a2a1fce315c6ead11ece]
2016-02-23 10:29:47 [DEBUG] [] Config [shinsoo] = [e57352760ea5a2a1fce315c6ead11ece]
2016-02-23 10:29:47 [DEBUG] [] Config [url] = [https://xpayclient.lgdacom.net/xpay/Gateway.do]
2016-02-23 10:29:47 [DEBUG] [] Config [test_url] = [https://xpayclient.lgdacom.net:7443/xpay/Gateway.do]
2016-02-23 10:29:47 [DEBUG] [] Config [aux_url] = [http://xpayclient.lgdacom.net:7080/xpay/Gateway.do]
2016-02-23 10:31:03 [INFO ] [] XPayClient initialize [../lgpay/] [test]
2016-02-23 10:31:03 [DEBUG] [] Config [server_id] = [01]
2016-02-23 10:31:03 [DEBUG] [] Config [timeout] = [60]
2016-02-23 10:31:03 [DEBUG] [] Config [log_level] = [4]
2016-02-23 10:31:03 [DEBUG] [] Config [verify_cert] = [1]
2016-02-23 10:31:03 [DEBUG] [] Config [verify_host] = [1]
2016-02-23 10:31:03 [DEBUG] [] Config [report_error] = [1]
2016-02-23 10:31:03 [DEBUG] [] Config [output_UTF8] = [1]
2016-02-23 10:31:03 [DEBUG] [] Config [auto_rollback] = [1]
2016-02-23 10:31:03 [DEBUG] [] Config [log_dir] = [./log]
2016-02-23 10:31:03 [DEBUG] [] Config [tshinsoo] = [e57352760ea5a2a1fce315c6ead11ece]
2016-02-23 10:31:03 [DEBUG] [] Config [shinsoo] = [e57352760ea5a2a1fce315c6ead11ece]
2016-02-23 10:31:03 [DEBUG] [] Config [url] = [https://xpayclient.lgdacom.net/xpay/Gateway.do]
2016-02-23 10:31:03 [DEBUG] [] Config [test_url] = [https://xpayclient.lgdacom.net:7443/xpay/Gateway.do]
2016-02-23 10:31:03 [DEBUG] [] Config [aux_url] = [http://xpayclient.lgdacom.net:7080/xpay/Gateway.do]
2016-02-23 10:31:03 [DEBUG] [tshinsoo-0120160223103103391a7a86c2d2de5f08eb8f4566e7fe8356e3abfa] Post [LGD_TXID] = [tshinsoo-0120160223103103391a7a86c2d2de5f08eb8f4566e7fe8356e3abfa]
2016-02-23 10:31:03 [DEBUG] [tshinsoo-0120160223103103391a7a86c2d2de5f08eb8f4566e7fe8356e3abfa] Post [LGD_AUTHCODE] = [5e738b4b4f8f80af78d4f8e71d957a5c95b2bd13]
2016-02-23 10:31:03 [DEBUG] [tshinsoo-0120160223103103391a7a86c2d2de5f08eb8f4566e7fe8356e3abfa] Post [LGD_MID] = [tshinsoo]
2016-02-23 10:31:03 [DEBUG] [tshinsoo-0120160223103103391a7a86c2d2de5f08eb8f4566e7fe8356e3abfa] Post [LGD_TXNAME] = [PaymentByKey]
2016-02-23 10:31:03 [DEBUG] [tshinsoo-0120160223103103391a7a86c2d2de5f08eb8f4566e7fe8356e3abfa] Post [LGD_PAYKEY] = [201602231030101A1ECBFAC579C10198B2F885993FF9447FE5C768]
2016-02-23 10:31:03 [DEBUG] [tshinsoo-0120160223103103391a7a86c2d2de5f08eb8f4566e7fe8356e3abfa] post_string = LGD_TXID=tshinsoo-0120160223103103391a7a86c2d2de5f08eb8f4566e7fe8356e3abfa&LGD_AUTHCODE=5e738b4b4f8f80af78d4f8e71d957a5c95b2bd13&LGD_MID=tshinsoo&LGD_TXNAME=PaymentByKey&LGD_PAYKEY=201602231030101A1ECBFAC579C10198B2F885993FF9447FE5C768
2016-02-23 10:31:03 [FATAL] [tshinsoo-0120160223103103391a7a86c2d2de5f08eb8f4566e7fe8356e3abfa] TX failed: res code = 20101; msg = SSL error; cURL error code = 77 msg = error setting certificate verify locations:
  CAfile: ../lgpay//conf/ca-bundle.crt
  CApath: none
2016-02-23 10:33:08 [INFO ] [] XPayClient initialize [../lgpay] [test]
2016-02-23 10:33:08 [DEBUG] [] Config [server_id] = [01]
2016-02-23 10:33:08 [DEBUG] [] Config [timeout] = [60]
2016-02-23 10:33:08 [DEBUG] [] Config [log_level] = [4]
2016-02-23 10:33:08 [DEBUG] [] Config [verify_cert] = [1]
2016-02-23 10:33:08 [DEBUG] [] Config [verify_host] = [1]
2016-02-23 10:33:08 [DEBUG] [] Config [report_error] = [1]
2016-02-23 10:33:08 [DEBUG] [] Config [output_UTF8] = [1]
2016-02-23 10:33:08 [DEBUG] [] Config [auto_rollback] = [1]
2016-02-23 10:33:08 [DEBUG] [] Config [log_dir] = [./log]
2016-02-23 10:33:08 [DEBUG] [] Config [tshinsoo] = [e57352760ea5a2a1fce315c6ead11ece]
2016-02-23 10:33:08 [DEBUG] [] Config [shinsoo] = [e57352760ea5a2a1fce315c6ead11ece]
2016-02-23 10:33:08 [DEBUG] [] Config [url] = [https://xpayclient.lgdacom.net/xpay/Gateway.do]
2016-02-23 10:33:08 [DEBUG] [] Config [test_url] = [https://xpayclient.lgdacom.net:7443/xpay/Gateway.do]
2016-02-23 10:33:08 [DEBUG] [] Config [aux_url] = [http://xpayclient.lgdacom.net:7080/xpay/Gateway.do]
2016-02-23 10:33:49 [INFO ] [] XPayClient initialize [../lgpay] [test]
2016-02-23 10:33:49 [DEBUG] [] Config [server_id] = [01]
2016-02-23 10:33:49 [DEBUG] [] Config [timeout] = [60]
2016-02-23 10:33:49 [DEBUG] [] Config [log_level] = [4]
2016-02-23 10:33:49 [DEBUG] [] Config [verify_cert] = [1]
2016-02-23 10:33:49 [DEBUG] [] Config [verify_host] = [1]
2016-02-23 10:33:49 [DEBUG] [] Config [report_error] = [1]
2016-02-23 10:33:49 [DEBUG] [] Config [output_UTF8] = [1]
2016-02-23 10:33:49 [DEBUG] [] Config [auto_rollback] = [1]
2016-02-23 10:33:49 [DEBUG] [] Config [log_dir] = [./log]
2016-02-23 10:33:49 [DEBUG] [] Config [tshinsoo] = [e57352760ea5a2a1fce315c6ead11ece]
2016-02-23 10:33:49 [DEBUG] [] Config [shinsoo] = [e57352760ea5a2a1fce315c6ead11ece]
2016-02-23 10:33:49 [DEBUG] [] Config [url] = [https://xpayclient.lgdacom.net/xpay/Gateway.do]
2016-02-23 10:33:49 [DEBUG] [] Config [test_url] = [https://xpayclient.lgdacom.net:7443/xpay/Gateway.do]
2016-02-23 10:33:49 [DEBUG] [] Config [aux_url] = [http://xpayclient.lgdacom.net:7080/xpay/Gateway.do]
2016-02-23 10:33:49 [DEBUG] [tshinsoo-0120160223103349a77078c2eed7888ad3fbe7ce46e364252dbf1eb9] Post [LGD_TXID] = [tshinsoo-0120160223103349a77078c2eed7888ad3fbe7ce46e364252dbf1eb9]
2016-02-23 10:33:49 [DEBUG] [tshinsoo-0120160223103349a77078c2eed7888ad3fbe7ce46e364252dbf1eb9] Post [LGD_AUTHCODE] = [973247235eb2194c06d3d91b506a3af59663d58e]
2016-02-23 10:33:49 [DEBUG] [tshinsoo-0120160223103349a77078c2eed7888ad3fbe7ce46e364252dbf1eb9] Post [LGD_MID] = [tshinsoo]
2016-02-23 10:33:49 [DEBUG] [tshinsoo-0120160223103349a77078c2eed7888ad3fbe7ce46e364252dbf1eb9] Post [LGD_TXNAME] = [PaymentByKey]
2016-02-23 10:33:49 [DEBUG] [tshinsoo-0120160223103349a77078c2eed7888ad3fbe7ce46e364252dbf1eb9] Post [LGD_PAYKEY] = [201602231032570417C264EC408EFED15944EC3F4CC591281FB7CF]
2016-02-23 10:33:49 [DEBUG] [tshinsoo-0120160223103349a77078c2eed7888ad3fbe7ce46e364252dbf1eb9] post_string = LGD_TXID=tshinsoo-0120160223103349a77078c2eed7888ad3fbe7ce46e364252dbf1eb9&LGD_AUTHCODE=973247235eb2194c06d3d91b506a3af59663d58e&LGD_MID=tshinsoo&LGD_TXNAME=PaymentByKey&LGD_PAYKEY=201602231032570417C264EC408EFED15944EC3F4CC591281FB7CF
2016-02-23 10:34:00 [FATAL] [tshinsoo-0120160223103349a77078c2eed7888ad3fbe7ce46e364252dbf1eb9] TX failed: res code = 20002; msg = Resolve host error; cURL error code = 6 msg = Could not resolve host: xpayclient.lgdacom.net
2016-02-23 10:36:50 [INFO ] [] XPayClient initialize [../lgpay] [test]
2016-02-23 10:36:50 [DEBUG] [] Config [server_id] = [01]
2016-02-23 10:36:50 [DEBUG] [] Config [timeout] = [60]
2016-02-23 10:36:50 [DEBUG] [] Config [log_level] = [4]
2016-02-23 10:36:50 [DEBUG] [] Config [verify_cert] = [1]
2016-02-23 10:36:50 [DEBUG] [] Config [verify_host] = [1]
2016-02-23 10:36:50 [DEBUG] [] Config [report_error] = [1]
2016-02-23 10:36:50 [DEBUG] [] Config [output_UTF8] = [1]
2016-02-23 10:36:50 [DEBUG] [] Config [auto_rollback] = [1]
2016-02-23 10:36:50 [DEBUG] [] Config [log_dir] = [./log]
2016-02-23 10:36:50 [DEBUG] [] Config [tshinsoo] = [e57352760ea5a2a1fce315c6ead11ece]
2016-02-23 10:36:50 [DEBUG] [] Config [shinsoo] = [e57352760ea5a2a1fce315c6ead11ece]
2016-02-23 10:36:50 [DEBUG] [] Config [url] = [https://xpayclient.lgdacom.net/xpay/Gateway.do]
2016-02-23 10:36:50 [DEBUG] [] Config [test_url] = [https://xpayclient.lgdacom.net:7443/xpay/Gateway.do]
2016-02-23 10:36:50 [DEBUG] [] Config [aux_url] = [http://xpayclient.lgdacom.net:7080/xpay/Gateway.do]
2016-02-23 10:36:50 [DEBUG] [tshinsoo-0120160223103650b0b6bdeb6819cf6b75c9fef6c55bc0d1e89b70f4] Post [LGD_TXID] = [tshinsoo-0120160223103650b0b6bdeb6819cf6b75c9fef6c55bc0d1e89b70f4]
2016-02-23 10:36:50 [DEBUG] [tshinsoo-0120160223103650b0b6bdeb6819cf6b75c9fef6c55bc0d1e89b70f4] Post [LGD_AUTHCODE] = [56223d65c87e43a78042e513af24268e2d68d0b4]
2016-02-23 10:36:50 [DEBUG] [tshinsoo-0120160223103650b0b6bdeb6819cf6b75c9fef6c55bc0d1e89b70f4] Post [LGD_MID] = [tshinsoo]
2016-02-23 10:36:50 [DEBUG] [tshinsoo-0120160223103650b0b6bdeb6819cf6b75c9fef6c55bc0d1e89b70f4] Post [LGD_TXNAME] = [PaymentByKey]
2016-02-23 10:36:50 [DEBUG] [tshinsoo-0120160223103650b0b6bdeb6819cf6b75c9fef6c55bc0d1e89b70f4] Post [LGD_PAYKEY] = [201602231032570417C264EC408EFED15944EC3F4CC591281FB7CF]
2016-02-23 10:36:50 [DEBUG] [tshinsoo-0120160223103650b0b6bdeb6819cf6b75c9fef6c55bc0d1e89b70f4] post_string = LGD_TXID=tshinsoo-0120160223103650b0b6bdeb6819cf6b75c9fef6c55bc0d1e89b70f4&LGD_AUTHCODE=56223d65c87e43a78042e513af24268e2d68d0b4&LGD_MID=tshinsoo&LGD_TXNAME=PaymentByKey&LGD_PAYKEY=201602231032570417C264EC408EFED15944EC3F4CC591281FB7CF
2016-02-23 10:36:51 [FATAL] [tshinsoo-0120160223103650b0b6bdeb6819cf6b75c9fef6c55bc0d1e89b70f4] TX failed: res code = 20101; msg = SSL error; cURL error code = 77 msg = error setting certificate verify locations:
  CAfile: ../lgpay/conf/ca-bundle.crt
  CApath: none
2016-02-23 10:38:35 [INFO ] [] XPayClient initialize [../lgpay] [test]
2016-02-23 10:38:35 [DEBUG] [] Config [server_id] = [01]
2016-02-23 10:38:35 [DEBUG] [] Config [timeout] = [60]
2016-02-23 10:38:35 [DEBUG] [] Config [log_level] = [4]
2016-02-23 10:38:35 [DEBUG] [] Config [verify_cert] = [1]
2016-02-23 10:38:35 [DEBUG] [] Config [verify_host] = [1]
2016-02-23 10:38:35 [DEBUG] [] Config [report_error] = [1]
2016-02-23 10:38:35 [DEBUG] [] Config [output_UTF8] = [1]
2016-02-23 10:38:35 [DEBUG] [] Config [auto_rollback] = [1]
2016-02-23 10:38:35 [DEBUG] [] Config [log_dir] = [./log]
2016-02-23 10:38:35 [DEBUG] [] Config [tshinsoo] = [e57352760ea5a2a1fce315c6ead11ece]
2016-02-23 10:38:35 [DEBUG] [] Config [shinsoo] = [e57352760ea5a2a1fce315c6ead11ece]
2016-02-23 10:38:35 [DEBUG] [] Config [url] = [https://xpayclient.lgdacom.net/xpay/Gateway.do]
2016-02-23 10:38:35 [DEBUG] [] Config [test_url] = [https://xpayclient.lgdacom.net:7443/xpay/Gateway.do]
2016-02-23 10:38:35 [DEBUG] [] Config [aux_url] = [http://xpayclient.lgdacom.net:7080/xpay/Gateway.do]
2016-02-23 10:38:35 [DEBUG] [tshinsoo-01201602231038359c794f63dec12b5799c9e0668ff882e0f75ffbc5] Post [LGD_TXID] = [tshinsoo-01201602231038359c794f63dec12b5799c9e0668ff882e0f75ffbc5]
2016-02-23 10:38:35 [DEBUG] [tshinsoo-01201602231038359c794f63dec12b5799c9e0668ff882e0f75ffbc5] Post [LGD_AUTHCODE] = [9cb8949f9edb69b600cbc7e6efd78e44a54b3f58]
2016-02-23 10:38:35 [DEBUG] [tshinsoo-01201602231038359c794f63dec12b5799c9e0668ff882e0f75ffbc5] Post [LGD_MID] = [tshinsoo]
2016-02-23 10:38:35 [DEBUG] [tshinsoo-01201602231038359c794f63dec12b5799c9e0668ff882e0f75ffbc5] Post [LGD_TXNAME] = [PaymentByKey]
2016-02-23 10:38:35 [DEBUG] [tshinsoo-01201602231038359c794f63dec12b5799c9e0668ff882e0f75ffbc5] Post [LGD_PAYKEY] = [201602231032570417C264EC408EFED15944EC3F4CC591281FB7CF]
2016-02-23 10:38:35 [DEBUG] [tshinsoo-01201602231038359c794f63dec12b5799c9e0668ff882e0f75ffbc5] post_string = LGD_TXID=tshinsoo-01201602231038359c794f63dec12b5799c9e0668ff882e0f75ffbc5&LGD_AUTHCODE=9cb8949f9edb69b600cbc7e6efd78e44a54b3f58&LGD_MID=tshinsoo&LGD_TXNAME=PaymentByKey&LGD_PAYKEY=201602231032570417C264EC408EFED15944EC3F4CC591281FB7CF
2016-02-23 10:38:35 [FATAL] [tshinsoo-01201602231038359c794f63dec12b5799c9e0668ff882e0f75ffbc5] TX failed: res code = 20101; msg = SSL error; cURL error code = 77 msg = error setting certificate verify locations:
  CAfile: ../lgpay/conf/ca-bundle.crt
  CApath: none
