2016-02-22 15:26:35 [INFO ] [] XPayClient initialize [../lgpay/] [test]
2016-02-22 15:26:35 [DEBUG] [] Config [server_id] = [01]
2016-02-22 15:26:35 [DEBUG] [] Config [timeout] = [60]
2016-02-22 15:26:35 [DEBUG] [] Config [log_level] = [4]
2016-02-22 15:26:35 [DEBUG] [] Config [verify_cert] = [1]
2016-02-22 15:26:35 [DEBUG] [] Config [verify_host] = [1]
2016-02-22 15:26:35 [DEBUG] [] Config [report_error] = [1]
2016-02-22 15:26:35 [DEBUG] [] Config [output_UTF8] = [1]
2016-02-22 15:26:35 [DEBUG] [] Config [auto_rollback] = [1]
2016-02-22 15:26:35 [DEBUG] [] Config [log_dir] = [./log]
2016-02-22 15:26:35 [DEBUG] [] Config [tshinsoo] = [e57352760ea5a2a1fce315c6ead11ece]
2016-02-22 15:26:35 [DEBUG] [] Config [shinsoo] = [e57352760ea5a2a1fce315c6ead11ece]
2016-02-22 15:26:35 [DEBUG] [] Config [url] = [https://xpayclient.lgdacom.net/xpay/Gateway.do]
2016-02-22 15:26:35 [DEBUG] [] Config [test_url] = [https://xpayclient.lgdacom.net:7443/xpay/Gateway.do]
2016-02-22 15:26:35 [DEBUG] [] Config [aux_url] = [http://xpayclient.lgdacom.net:7080/xpay/Gateway.do]
2016-02-22 15:28:14 [INFO ] [] XPayClient initialize [../lgpay/] [test]
2016-02-22 15:28:14 [DEBUG] [] Config [server_id] = [01]
2016-02-22 15:28:14 [DEBUG] [] Config [timeout] = [60]
2016-02-22 15:28:14 [DEBUG] [] Config [log_level] = [4]
2016-02-22 15:28:14 [DEBUG] [] Config [verify_cert] = [1]
2016-02-22 15:28:14 [DEBUG] [] Config [verify_host] = [1]
2016-02-22 15:28:14 [DEBUG] [] Config [report_error] = [1]
2016-02-22 15:28:14 [DEBUG] [] Config [output_UTF8] = [1]
2016-02-22 15:28:14 [DEBUG] [] Config [auto_rollback] = [1]
2016-02-22 15:28:14 [DEBUG] [] Config [log_dir] = [./log]
2016-02-22 15:28:14 [DEBUG] [] Config [tshinsoo] = [e57352760ea5a2a1fce315c6ead11ece]
2016-02-22 15:28:14 [DEBUG] [] Config [shinsoo] = [e57352760ea5a2a1fce315c6ead11ece]
2016-02-22 15:28:14 [DEBUG] [] Config [url] = [https://xpayclient.lgdacom.net/xpay/Gateway.do]
2016-02-22 15:28:14 [DEBUG] [] Config [test_url] = [https://xpayclient.lgdacom.net:7443/xpay/Gateway.do]
2016-02-22 15:28:14 [DEBUG] [] Config [aux_url] = [http://xpayclient.lgdacom.net:7080/xpay/Gateway.do]
2016-02-22 16:52:35 [INFO ] [] XPayClient initialize [../lgpay/] [test]
2016-02-22 16:52:35 [DEBUG] [] Config [server_id] = [01]
2016-02-22 16:52:35 [DEBUG] [] Config [timeout] = [60]
2016-02-22 16:52:35 [DEBUG] [] Config [log_level] = [4]
2016-02-22 16:52:35 [DEBUG] [] Config [verify_cert] = [1]
2016-02-22 16:52:35 [DEBUG] [] Config [verify_host] = [1]
2016-02-22 16:52:35 [DEBUG] [] Config [report_error] = [1]
2016-02-22 16:52:35 [DEBUG] [] Config [output_UTF8] = [1]
2016-02-22 16:52:35 [DEBUG] [] Config [auto_rollback] = [1]
2016-02-22 16:52:35 [DEBUG] [] Config [log_dir] = [./log]
2016-02-22 16:52:35 [DEBUG] [] Config [tshinsoo] = [e57352760ea5a2a1fce315c6ead11ece]
2016-02-22 16:52:35 [DEBUG] [] Config [shinsoo] = [e57352760ea5a2a1fce315c6ead11ece]
2016-02-22 16:52:35 [DEBUG] [] Config [url] = [https://xpayclient.lgdacom.net/xpay/Gateway.do]
2016-02-22 16:52:35 [DEBUG] [] Config [test_url] = [https://xpayclient.lgdacom.net:7443/xpay/Gateway.do]
2016-02-22 16:52:35 [DEBUG] [] Config [aux_url] = [http://xpayclient.lgdacom.net:7080/xpay/Gateway.do]
2016-02-22 17:04:57 [INFO ] [] XPayClient initialize [../lgpay/] [test]
2016-02-22 17:04:57 [DEBUG] [] Config [server_id] = [01]
2016-02-22 17:04:57 [DEBUG] [] Config [timeout] = [60]
2016-02-22 17:04:57 [DEBUG] [] Config [log_level] = [4]
2016-02-22 17:04:57 [DEBUG] [] Config [verify_cert] = [1]
2016-02-22 17:04:57 [DEBUG] [] Config [verify_host] = [1]
2016-02-22 17:04:57 [DEBUG] [] Config [report_error] = [1]
2016-02-22 17:04:57 [DEBUG] [] Config [output_UTF8] = [1]
2016-02-22 17:04:57 [DEBUG] [] Config [auto_rollback] = [1]
2016-02-22 17:04:57 [DEBUG] [] Config [log_dir] = [./log]
2016-02-22 17:04:57 [DEBUG] [] Config [tshinsoo] = [e57352760ea5a2a1fce315c6ead11ece]
2016-02-22 17:04:57 [DEBUG] [] Config [shinsoo] = [e57352760ea5a2a1fce315c6ead11ece]
2016-02-22 17:04:57 [DEBUG] [] Config [url] = [https://xpayclient.lgdacom.net/xpay/Gateway.do]
2016-02-22 17:04:57 [DEBUG] [] Config [test_url] = [https://xpayclient.lgdacom.net:7443/xpay/Gateway.do]
2016-02-22 17:04:57 [DEBUG] [] Config [aux_url] = [http://xpayclient.lgdacom.net:7080/xpay/Gateway.do]
2016-02-22 17:04:57 [DEBUG] [tshinsoo-012016022217045708922ee53420cae819673ae24f68b62bf84471c3] Post [LGD_TXID] = [tshinsoo-012016022217045708922ee53420cae819673ae24f68b62bf84471c3]
2016-02-22 17:04:57 [DEBUG] [tshinsoo-012016022217045708922ee53420cae819673ae24f68b62bf84471c3] Post [LGD_AUTHCODE] = [2b1fb39f6488389df8bd02c8a5e4087ba854a6f6]
2016-02-22 17:04:57 [DEBUG] [tshinsoo-012016022217045708922ee53420cae819673ae24f68b62bf84471c3] Post [LGD_MID] = [tshinsoo]
2016-02-22 17:04:57 [DEBUG] [tshinsoo-012016022217045708922ee53420cae819673ae24f68b62bf84471c3] Post [LGD_TXNAME] = [PaymentByKey]
2016-02-22 17:04:57 [DEBUG] [tshinsoo-012016022217045708922ee53420cae819673ae24f68b62bf84471c3] Post [LGD_PAYKEY] = [201602221653045523540738B36E4C8D104D7D73D4B842794041E2]
2016-02-22 17:04:57 [DEBUG] [tshinsoo-012016022217045708922ee53420cae819673ae24f68b62bf84471c3] post_string = LGD_TXID=tshinsoo-012016022217045708922ee53420cae819673ae24f68b62bf84471c3&LGD_AUTHCODE=2b1fb39f6488389df8bd02c8a5e4087ba854a6f6&LGD_MID=tshinsoo&LGD_TXNAME=PaymentByKey&LGD_PAYKEY=201602221653045523540738B36E4C8D104D7D73D4B842794041E2
2016-02-22 17:04:57 [FATAL] [tshinsoo-012016022217045708922ee53420cae819673ae24f68b62bf84471c3] TX failed: res code = 20101; msg = SSL error; cURL error code = 77 msg = error setting certificate verify locations:
  CAfile: ../lgpay//conf/ca-bundle.crt
  CApath: none
