2016-02-19 13:24:42 [INFO ] [] XPayClient initialize [../lgdacom/] []
2016-02-19 13:24:42 [DEBUG] [] Config [server_id] = [01]
2016-02-19 13:24:42 [DEBUG] [] Config [timeout] = [60]
2016-02-19 13:24:42 [DEBUG] [] Config [log_level] = [4]
2016-02-19 13:24:42 [DEBUG] [] Config [verify_cert] = [1]
2016-02-19 13:24:42 [DEBUG] [] Config [verify_host] = [1]
2016-02-19 13:24:42 [DEBUG] [] Config [report_error] = [1]
2016-02-19 13:24:42 [DEBUG] [] Config [output_UTF8] = [0]
2016-02-19 13:24:42 [DEBUG] [] Config [auto_rollback] = [1]
2016-02-19 13:24:42 [DEBUG] [] Config [log_dir] = [../log]
2016-02-19 13:24:42 [DEBUG] [] Config [tshinsoo] = [95160cce09854ef44d2edb2bfb05f9f3]
2016-02-19 13:24:42 [DEBUG] [] Config [shinsoo] = [95160cce09854ef44d2edb2bfb05f9f3]
2016-02-19 13:24:42 [DEBUG] [] Config [url] = [https://xpayclient.lgdacom.net/xpay/Gateway.do]
2016-02-19 13:24:42 [DEBUG] [] Config [test_url] = [https://xpayclient.lgdacom.net:7443/xpay/Gateway.do]
2016-02-19 13:24:42 [DEBUG] [] Config [aux_url] = [http://xpayclient.lgdacom.net:7080/xpay/Gateway.do]
2016-02-19 13:26:27 [INFO ] [] XPayClient initialize [../lgdacom/] []
2016-02-19 13:26:27 [DEBUG] [] Config [server_id] = [01]
2016-02-19 13:26:27 [DEBUG] [] Config [timeout] = [60]
2016-02-19 13:26:27 [DEBUG] [] Config [log_level] = [4]
2016-02-19 13:26:27 [DEBUG] [] Config [verify_cert] = [1]
2016-02-19 13:26:27 [DEBUG] [] Config [verify_host] = [1]
2016-02-19 13:26:27 [DEBUG] [] Config [report_error] = [1]
2016-02-19 13:26:27 [DEBUG] [] Config [output_UTF8] = [0]
2016-02-19 13:26:27 [DEBUG] [] Config [auto_rollback] = [1]
2016-02-19 13:26:27 [DEBUG] [] Config [log_dir] = [../log]
2016-02-19 13:26:27 [DEBUG] [] Config [tshinsoo] = [95160cce09854ef44d2edb2bfb05f9f3]
2016-02-19 13:26:27 [DEBUG] [] Config [shinsoo] = [95160cce09854ef44d2edb2bfb05f9f3]
2016-02-19 13:26:27 [DEBUG] [] Config [url] = [https://xpayclient.lgdacom.net/xpay/Gateway.do]
2016-02-19 13:26:27 [DEBUG] [] Config [test_url] = [https://xpayclient.lgdacom.net:7443/xpay/Gateway.do]
2016-02-19 13:26:27 [DEBUG] [] Config [aux_url] = [http://xpayclient.lgdacom.net:7080/xpay/Gateway.do]
2016-02-19 13:32:54 [INFO ] [] XPayClient initialize [../lgdacom/] []
2016-02-19 13:32:54 [DEBUG] [] Config [server_id] = [01]
2016-02-19 13:32:54 [DEBUG] [] Config [timeout] = [60]
2016-02-19 13:32:54 [DEBUG] [] Config [log_level] = [4]
2016-02-19 13:32:54 [DEBUG] [] Config [verify_cert] = [1]
2016-02-19 13:32:54 [DEBUG] [] Config [verify_host] = [1]
2016-02-19 13:32:54 [DEBUG] [] Config [report_error] = [1]
2016-02-19 13:32:54 [DEBUG] [] Config [output_UTF8] = [0]
2016-02-19 13:32:54 [DEBUG] [] Config [auto_rollback] = [1]
2016-02-19 13:32:54 [DEBUG] [] Config [log_dir] = [../log]
2016-02-19 13:32:54 [DEBUG] [] Config [tshinsoo] = [95160cce09854ef44d2edb2bfb05f9f3]
2016-02-19 13:32:54 [DEBUG] [] Config [shinsoo] = [95160cce09854ef44d2edb2bfb05f9f3]
2016-02-19 13:32:54 [DEBUG] [] Config [url] = [https://xpayclient.lgdacom.net/xpay/Gateway.do]
2016-02-19 13:32:54 [DEBUG] [] Config [test_url] = [https://xpayclient.lgdacom.net:7443/xpay/Gateway.do]
2016-02-19 13:32:54 [DEBUG] [] Config [aux_url] = [http://xpayclient.lgdacom.net:7080/xpay/Gateway.do]
2016-02-19 13:35:51 [INFO ] [] XPayClient initialize [../lgdacom/] []
2016-02-19 13:35:51 [DEBUG] [] Config [server_id] = [01]
2016-02-19 13:35:51 [DEBUG] [] Config [timeout] = [60]
2016-02-19 13:35:51 [DEBUG] [] Config [log_level] = [4]
2016-02-19 13:35:51 [DEBUG] [] Config [verify_cert] = [1]
2016-02-19 13:35:51 [DEBUG] [] Config [verify_host] = [1]
2016-02-19 13:35:51 [DEBUG] [] Config [report_error] = [1]
2016-02-19 13:35:51 [DEBUG] [] Config [output_UTF8] = [0]
2016-02-19 13:35:51 [DEBUG] [] Config [auto_rollback] = [1]
2016-02-19 13:35:51 [DEBUG] [] Config [log_dir] = [../log]
2016-02-19 13:35:51 [DEBUG] [] Config [tshinsoo] = [95160cce09854ef44d2edb2bfb05f9f3]
2016-02-19 13:35:51 [DEBUG] [] Config [shinsoo] = [95160cce09854ef44d2edb2bfb05f9f3]
2016-02-19 13:35:51 [DEBUG] [] Config [url] = [https://xpayclient.lgdacom.net/xpay/Gateway.do]
2016-02-19 13:35:51 [DEBUG] [] Config [test_url] = [https://xpayclient.lgdacom.net:7443/xpay/Gateway.do]
2016-02-19 13:35:51 [DEBUG] [] Config [aux_url] = [http://xpayclient.lgdacom.net:7080/xpay/Gateway.do]
2016-02-19 13:50:41 [INFO ] [] XPayClient initialize [../lgdacom/] []
2016-02-19 13:50:41 [DEBUG] [] Config [server_id] = [01]
2016-02-19 13:50:41 [DEBUG] [] Config [timeout] = [60]
2016-02-19 13:50:41 [DEBUG] [] Config [log_level] = [4]
2016-02-19 13:50:41 [DEBUG] [] Config [verify_cert] = [1]
2016-02-19 13:50:41 [DEBUG] [] Config [verify_host] = [1]
2016-02-19 13:50:41 [DEBUG] [] Config [report_error] = [1]
2016-02-19 13:50:41 [DEBUG] [] Config [output_UTF8] = [0]
2016-02-19 13:50:41 [DEBUG] [] Config [auto_rollback] = [1]
2016-02-19 13:50:41 [DEBUG] [] Config [log_dir] = [../log]
2016-02-19 13:50:41 [DEBUG] [] Config [tshinsoo] = [95160cce09854ef44d2edb2bfb05f9f3]
2016-02-19 13:50:41 [DEBUG] [] Config [shinsoo] = [95160cce09854ef44d2edb2bfb05f9f3]
2016-02-19 13:50:41 [DEBUG] [] Config [url] = [https://xpayclient.lgdacom.net/xpay/Gateway.do]
2016-02-19 13:50:41 [DEBUG] [] Config [test_url] = [https://xpayclient.lgdacom.net:7443/xpay/Gateway.do]
2016-02-19 13:50:41 [DEBUG] [] Config [aux_url] = [http://xpayclient.lgdacom.net:7080/xpay/Gateway.do]
2016-02-19 13:50:43 [INFO ] [] XPayClient initialize [../lgdacom/] []
2016-02-19 13:50:43 [DEBUG] [] Config [server_id] = [01]
2016-02-19 13:50:43 [DEBUG] [] Config [timeout] = [60]
2016-02-19 13:50:43 [DEBUG] [] Config [log_level] = [4]
2016-02-19 13:50:43 [DEBUG] [] Config [verify_cert] = [1]
2016-02-19 13:50:43 [DEBUG] [] Config [verify_host] = [1]
2016-02-19 13:50:43 [DEBUG] [] Config [report_error] = [1]
2016-02-19 13:50:43 [DEBUG] [] Config [output_UTF8] = [0]
2016-02-19 13:50:43 [DEBUG] [] Config [auto_rollback] = [1]
2016-02-19 13:50:43 [DEBUG] [] Config [log_dir] = [../log]
2016-02-19 13:50:43 [DEBUG] [] Config [tshinsoo] = [95160cce09854ef44d2edb2bfb05f9f3]
2016-02-19 13:50:43 [DEBUG] [] Config [shinsoo] = [95160cce09854ef44d2edb2bfb05f9f3]
2016-02-19 13:50:43 [DEBUG] [] Config [url] = [https://xpayclient.lgdacom.net/xpay/Gateway.do]
2016-02-19 13:50:43 [DEBUG] [] Config [test_url] = [https://xpayclient.lgdacom.net:7443/xpay/Gateway.do]
2016-02-19 13:50:43 [DEBUG] [] Config [aux_url] = [http://xpayclient.lgdacom.net:7080/xpay/Gateway.do]
2016-02-19 13:52:49 [INFO ] [] XPayClient initialize [../lgdacom/] []
2016-02-19 13:52:49 [DEBUG] [] Config [server_id] = [01]
2016-02-19 13:52:49 [DEBUG] [] Config [timeout] = [60]
2016-02-19 13:52:49 [DEBUG] [] Config [log_level] = [4]
2016-02-19 13:52:49 [DEBUG] [] Config [verify_cert] = [1]
2016-02-19 13:52:49 [DEBUG] [] Config [verify_host] = [1]
2016-02-19 13:52:49 [DEBUG] [] Config [report_error] = [1]
2016-02-19 13:52:49 [DEBUG] [] Config [output_UTF8] = [0]
2016-02-19 13:52:49 [DEBUG] [] Config [auto_rollback] = [1]
2016-02-19 13:52:49 [DEBUG] [] Config [log_dir] = [../log]
2016-02-19 13:52:49 [DEBUG] [] Config [tshinsoo] = [95160cce09854ef44d2edb2bfb05f9f3]
2016-02-19 13:52:49 [DEBUG] [] Config [shinsoo] = [95160cce09854ef44d2edb2bfb05f9f3]
2016-02-19 13:52:49 [DEBUG] [] Config [url] = [https://xpayclient.lgdacom.net/xpay/Gateway.do]
2016-02-19 13:52:49 [DEBUG] [] Config [test_url] = [https://xpayclient.lgdacom.net:7443/xpay/Gateway.do]
2016-02-19 13:52:49 [DEBUG] [] Config [aux_url] = [http://xpayclient.lgdacom.net:7080/xpay/Gateway.do]
2016-02-19 13:53:03 [INFO ] [] XPayClient initialize [../lgdacom/] []
2016-02-19 13:53:03 [DEBUG] [] Config [server_id] = [01]
2016-02-19 13:53:03 [DEBUG] [] Config [timeout] = [60]
2016-02-19 13:53:03 [DEBUG] [] Config [log_level] = [4]
2016-02-19 13:53:03 [DEBUG] [] Config [verify_cert] = [1]
2016-02-19 13:53:03 [DEBUG] [] Config [verify_host] = [1]
2016-02-19 13:53:03 [DEBUG] [] Config [report_error] = [1]
2016-02-19 13:53:03 [DEBUG] [] Config [output_UTF8] = [0]
2016-02-19 13:53:03 [DEBUG] [] Config [auto_rollback] = [1]
2016-02-19 13:53:03 [DEBUG] [] Config [log_dir] = [../log]
2016-02-19 13:53:03 [DEBUG] [] Config [tshinsoo] = [95160cce09854ef44d2edb2bfb05f9f3]
2016-02-19 13:53:03 [DEBUG] [] Config [shinsoo] = [95160cce09854ef44d2edb2bfb05f9f3]
2016-02-19 13:53:03 [DEBUG] [] Config [url] = [https://xpayclient.lgdacom.net/xpay/Gateway.do]
2016-02-19 13:53:03 [DEBUG] [] Config [test_url] = [https://xpayclient.lgdacom.net:7443/xpay/Gateway.do]
2016-02-19 13:53:03 [DEBUG] [] Config [aux_url] = [http://xpayclient.lgdacom.net:7080/xpay/Gateway.do]
2016-02-19 13:55:13 [INFO ] [] XPayClient initialize [../lgdacom/] []
2016-02-19 13:55:13 [DEBUG] [] Config [server_id] = [01]
2016-02-19 13:55:13 [DEBUG] [] Config [timeout] = [60]
2016-02-19 13:55:13 [DEBUG] [] Config [log_level] = [4]
2016-02-19 13:55:13 [DEBUG] [] Config [verify_cert] = [1]
2016-02-19 13:55:13 [DEBUG] [] Config [verify_host] = [1]
2016-02-19 13:55:13 [DEBUG] [] Config [report_error] = [1]
2016-02-19 13:55:13 [DEBUG] [] Config [output_UTF8] = [0]
2016-02-19 13:55:13 [DEBUG] [] Config [auto_rollback] = [1]
2016-02-19 13:55:13 [DEBUG] [] Config [log_dir] = [../log]
2016-02-19 13:55:13 [DEBUG] [] Config [tshinsoo] = [95160cce09854ef44d2edb2bfb05f9f3]
2016-02-19 13:55:13 [DEBUG] [] Config [shinsoo] = [95160cce09854ef44d2edb2bfb05f9f3]
2016-02-19 13:55:13 [DEBUG] [] Config [url] = [https://xpayclient.lgdacom.net/xpay/Gateway.do]
2016-02-19 13:55:13 [DEBUG] [] Config [test_url] = [https://xpayclient.lgdacom.net:7443/xpay/Gateway.do]
2016-02-19 13:55:13 [DEBUG] [] Config [aux_url] = [http://xpayclient.lgdacom.net:7080/xpay/Gateway.do]
2016-02-19 14:05:41 [INFO ] [] XPayClient initialize [../lgdacom/] []
2016-02-19 14:05:41 [DEBUG] [] Config [server_id] = [01]
2016-02-19 14:05:41 [DEBUG] [] Config [timeout] = [60]
2016-02-19 14:05:41 [DEBUG] [] Config [log_level] = [4]
2016-02-19 14:05:41 [DEBUG] [] Config [verify_cert] = [1]
2016-02-19 14:05:41 [DEBUG] [] Config [verify_host] = [1]
2016-02-19 14:05:41 [DEBUG] [] Config [report_error] = [1]
2016-02-19 14:05:41 [DEBUG] [] Config [output_UTF8] = [0]
2016-02-19 14:05:41 [DEBUG] [] Config [auto_rollback] = [1]
2016-02-19 14:05:41 [DEBUG] [] Config [log_dir] = [../log]
2016-02-19 14:05:41 [DEBUG] [] Config [tshinsoo] = [95160cce09854ef44d2edb2bfb05f9f3]
2016-02-19 14:05:41 [DEBUG] [] Config [shinsoo] = [95160cce09854ef44d2edb2bfb05f9f3]
2016-02-19 14:05:41 [DEBUG] [] Config [url] = [https://xpayclient.lgdacom.net/xpay/Gateway.do]
2016-02-19 14:05:41 [DEBUG] [] Config [test_url] = [https://xpayclient.lgdacom.net:7443/xpay/Gateway.do]
2016-02-19 14:05:41 [DEBUG] [] Config [aux_url] = [http://xpayclient.lgdacom.net:7080/xpay/Gateway.do]
2016-02-19 14:05:41 [FATAL] [] Key for MID [tlgdacomxpay] does not exist in mall.conf
2016-02-19 14:28:58 [INFO ] [] XPayClient initialize [../lgdacom/] []
2016-02-19 14:28:58 [DEBUG] [] Config [server_id] = [01]
2016-02-19 14:28:58 [DEBUG] [] Config [timeout] = [60]
2016-02-19 14:28:58 [DEBUG] [] Config [log_level] = [4]
2016-02-19 14:28:58 [DEBUG] [] Config [verify_cert] = [1]
2016-02-19 14:28:58 [DEBUG] [] Config [verify_host] = [1]
2016-02-19 14:28:58 [DEBUG] [] Config [report_error] = [1]
2016-02-19 14:28:58 [DEBUG] [] Config [output_UTF8] = [0]
2016-02-19 14:28:58 [DEBUG] [] Config [auto_rollback] = [1]
2016-02-19 14:28:58 [DEBUG] [] Config [log_dir] = [../log]
2016-02-19 14:28:58 [DEBUG] [] Config [tshinsoo] = [95160cce09854ef44d2edb2bfb05f9f3]
2016-02-19 14:28:58 [DEBUG] [] Config [shinsoo] = [95160cce09854ef44d2edb2bfb05f9f3]
2016-02-19 14:28:58 [DEBUG] [] Config [url] = [https://xpayclient.lgdacom.net/xpay/Gateway.do]
2016-02-19 14:28:58 [DEBUG] [] Config [test_url] = [https://xpayclient.lgdacom.net:7443/xpay/Gateway.do]
2016-02-19 14:28:58 [DEBUG] [] Config [aux_url] = [http://xpayclient.lgdacom.net:7080/xpay/Gateway.do]
2016-02-19 14:30:45 [INFO ] [] XPayClient initialize [../lgdacom/] []
2016-02-19 14:30:45 [DEBUG] [] Config [server_id] = [01]
2016-02-19 14:30:45 [DEBUG] [] Config [timeout] = [60]
2016-02-19 14:30:45 [DEBUG] [] Config [log_level] = [4]
2016-02-19 14:30:45 [DEBUG] [] Config [verify_cert] = [1]
2016-02-19 14:30:45 [DEBUG] [] Config [verify_host] = [1]
2016-02-19 14:30:45 [DEBUG] [] Config [report_error] = [1]
2016-02-19 14:30:45 [DEBUG] [] Config [output_UTF8] = [0]
2016-02-19 14:30:45 [DEBUG] [] Config [auto_rollback] = [1]
2016-02-19 14:30:45 [DEBUG] [] Config [log_dir] = [../log]
2016-02-19 14:30:45 [DEBUG] [] Config [tshinsoo] = [95160cce09854ef44d2edb2bfb05f9f3]
2016-02-19 14:30:45 [DEBUG] [] Config [shinsoo] = [95160cce09854ef44d2edb2bfb05f9f3]
2016-02-19 14:30:45 [DEBUG] [] Config [url] = [https://xpayclient.lgdacom.net/xpay/Gateway.do]
2016-02-19 14:30:45 [DEBUG] [] Config [test_url] = [https://xpayclient.lgdacom.net:7443/xpay/Gateway.do]
2016-02-19 14:30:45 [DEBUG] [] Config [aux_url] = [http://xpayclient.lgdacom.net:7080/xpay/Gateway.do]
2016-02-19 14:30:59 [INFO ] [] XPayClient initialize [../lgdacom/] []
2016-02-19 14:30:59 [DEBUG] [] Config [server_id] = [01]
2016-02-19 14:30:59 [DEBUG] [] Config [timeout] = [60]
2016-02-19 14:30:59 [DEBUG] [] Config [log_level] = [4]
2016-02-19 14:30:59 [DEBUG] [] Config [verify_cert] = [1]
2016-02-19 14:30:59 [DEBUG] [] Config [verify_host] = [1]
2016-02-19 14:30:59 [DEBUG] [] Config [report_error] = [1]
2016-02-19 14:30:59 [DEBUG] [] Config [output_UTF8] = [0]
2016-02-19 14:30:59 [DEBUG] [] Config [auto_rollback] = [1]
2016-02-19 14:30:59 [DEBUG] [] Config [log_dir] = [../log]
2016-02-19 14:30:59 [DEBUG] [] Config [tshinsoo] = [95160cce09854ef44d2edb2bfb05f9f3]
2016-02-19 14:30:59 [DEBUG] [] Config [shinsoo] = [95160cce09854ef44d2edb2bfb05f9f3]
2016-02-19 14:30:59 [DEBUG] [] Config [url] = [https://xpayclient.lgdacom.net/xpay/Gateway.do]
2016-02-19 14:30:59 [DEBUG] [] Config [test_url] = [https://xpayclient.lgdacom.net:7443/xpay/Gateway.do]
2016-02-19 14:30:59 [DEBUG] [] Config [aux_url] = [http://xpayclient.lgdacom.net:7080/xpay/Gateway.do]
2016-02-19 14:48:45 [INFO ] [] XPayClient initialize [../lgdacom/] []
2016-02-19 14:48:45 [DEBUG] [] Config [server_id] = [01]
2016-02-19 14:48:45 [DEBUG] [] Config [timeout] = [60]
2016-02-19 14:48:45 [DEBUG] [] Config [log_level] = [4]
2016-02-19 14:48:45 [DEBUG] [] Config [verify_cert] = [1]
2016-02-19 14:48:45 [DEBUG] [] Config [verify_host] = [1]
2016-02-19 14:48:45 [DEBUG] [] Config [report_error] = [1]
2016-02-19 14:48:45 [DEBUG] [] Config [output_UTF8] = [0]
2016-02-19 14:48:45 [DEBUG] [] Config [auto_rollback] = [1]
2016-02-19 14:48:45 [DEBUG] [] Config [log_dir] = [../log]
2016-02-19 14:48:45 [DEBUG] [] Config [tshinsoo] = [95160cce09854ef44d2edb2bfb05f9f3]
2016-02-19 14:48:45 [DEBUG] [] Config [shinsoo] = [95160cce09854ef44d2edb2bfb05f9f3]
2016-02-19 14:48:45 [DEBUG] [] Config [url] = [https://xpayclient.lgdacom.net/xpay/Gateway.do]
2016-02-19 14:48:45 [DEBUG] [] Config [test_url] = [https://xpayclient.lgdacom.net:7443/xpay/Gateway.do]
2016-02-19 14:48:45 [DEBUG] [] Config [aux_url] = [http://xpayclient.lgdacom.net:7080/xpay/Gateway.do]
2016-02-19 14:49:03 [INFO ] [] XPayClient initialize [../lgdacom/] []
2016-02-19 14:49:03 [DEBUG] [] Config [server_id] = [01]
2016-02-19 14:49:03 [DEBUG] [] Config [timeout] = [60]
2016-02-19 14:49:03 [DEBUG] [] Config [log_level] = [4]
2016-02-19 14:49:03 [DEBUG] [] Config [verify_cert] = [1]
2016-02-19 14:49:03 [DEBUG] [] Config [verify_host] = [1]
2016-02-19 14:49:03 [DEBUG] [] Config [report_error] = [1]
2016-02-19 14:49:03 [DEBUG] [] Config [output_UTF8] = [0]
2016-02-19 14:49:03 [DEBUG] [] Config [auto_rollback] = [1]
2016-02-19 14:49:03 [DEBUG] [] Config [log_dir] = [../log]
2016-02-19 14:49:03 [DEBUG] [] Config [tshinsoo] = [95160cce09854ef44d2edb2bfb05f9f3]
2016-02-19 14:49:03 [DEBUG] [] Config [shinsoo] = [95160cce09854ef44d2edb2bfb05f9f3]
2016-02-19 14:49:03 [DEBUG] [] Config [url] = [https://xpayclient.lgdacom.net/xpay/Gateway.do]
2016-02-19 14:49:03 [DEBUG] [] Config [test_url] = [https://xpayclient.lgdacom.net:7443/xpay/Gateway.do]
2016-02-19 14:49:03 [DEBUG] [] Config [aux_url] = [http://xpayclient.lgdacom.net:7080/xpay/Gateway.do]
2016-02-19 14:49:03 [FATAL] [] Key for MID [] does not exist in mall.conf
2016-02-19 14:49:06 [INFO ] [] XPayClient initialize [../lgdacom/] []
2016-02-19 14:49:06 [DEBUG] [] Config [server_id] = [01]
2016-02-19 14:49:06 [DEBUG] [] Config [timeout] = [60]
2016-02-19 14:49:06 [DEBUG] [] Config [log_level] = [4]
2016-02-19 14:49:06 [DEBUG] [] Config [verify_cert] = [1]
2016-02-19 14:49:06 [DEBUG] [] Config [verify_host] = [1]
2016-02-19 14:49:06 [DEBUG] [] Config [report_error] = [1]
2016-02-19 14:49:06 [DEBUG] [] Config [output_UTF8] = [0]
2016-02-19 14:49:06 [DEBUG] [] Config [auto_rollback] = [1]
2016-02-19 14:49:06 [DEBUG] [] Config [log_dir] = [../log]
2016-02-19 14:49:06 [DEBUG] [] Config [tshinsoo] = [95160cce09854ef44d2edb2bfb05f9f3]
2016-02-19 14:49:06 [DEBUG] [] Config [shinsoo] = [95160cce09854ef44d2edb2bfb05f9f3]
2016-02-19 14:49:06 [DEBUG] [] Config [url] = [https://xpayclient.lgdacom.net/xpay/Gateway.do]
2016-02-19 14:49:06 [DEBUG] [] Config [test_url] = [https://xpayclient.lgdacom.net:7443/xpay/Gateway.do]
2016-02-19 14:49:06 [DEBUG] [] Config [aux_url] = [http://xpayclient.lgdacom.net:7080/xpay/Gateway.do]
2016-02-19 14:49:06 [FATAL] [] Key for MID [] does not exist in mall.conf
2016-02-19 15:03:24 [INFO ] [] XPayClient initialize [../lgdacom/] []
2016-02-19 15:03:24 [DEBUG] [] Config [server_id] = [01]
2016-02-19 15:03:24 [DEBUG] [] Config [timeout] = [60]
2016-02-19 15:03:24 [DEBUG] [] Config [log_level] = [4]
2016-02-19 15:03:24 [DEBUG] [] Config [verify_cert] = [1]
2016-02-19 15:03:24 [DEBUG] [] Config [verify_host] = [1]
2016-02-19 15:03:24 [DEBUG] [] Config [report_error] = [1]
2016-02-19 15:03:24 [DEBUG] [] Config [output_UTF8] = [0]
2016-02-19 15:03:24 [DEBUG] [] Config [auto_rollback] = [1]
2016-02-19 15:03:24 [DEBUG] [] Config [log_dir] = [../log]
2016-02-19 15:03:24 [DEBUG] [] Config [tshinsoo] = [95160cce09854ef44d2edb2bfb05f9f3]
2016-02-19 15:03:24 [DEBUG] [] Config [shinsoo] = [95160cce09854ef44d2edb2bfb05f9f3]
2016-02-19 15:03:24 [DEBUG] [] Config [url] = [https://xpayclient.lgdacom.net/xpay/Gateway.do]
2016-02-19 15:03:24 [DEBUG] [] Config [test_url] = [https://xpayclient.lgdacom.net:7443/xpay/Gateway.do]
2016-02-19 15:03:24 [DEBUG] [] Config [aux_url] = [http://xpayclient.lgdacom.net:7080/xpay/Gateway.do]
2016-02-19 15:26:20 [INFO ] [] XPayClient initialize [../lgdacom/] []
2016-02-19 15:26:20 [DEBUG] [] Config [server_id] = [01]
2016-02-19 15:26:20 [DEBUG] [] Config [timeout] = [60]
2016-02-19 15:26:20 [DEBUG] [] Config [log_level] = [4]
2016-02-19 15:26:20 [DEBUG] [] Config [verify_cert] = [1]
2016-02-19 15:26:20 [DEBUG] [] Config [verify_host] = [1]
2016-02-19 15:26:20 [DEBUG] [] Config [report_error] = [1]
2016-02-19 15:26:20 [DEBUG] [] Config [output_UTF8] = [0]
2016-02-19 15:26:20 [DEBUG] [] Config [auto_rollback] = [1]
2016-02-19 15:26:20 [DEBUG] [] Config [log_dir] = [../log]
2016-02-19 15:26:20 [DEBUG] [] Config [tshinsoo] = [95160cce09854ef44d2edb2bfb05f9f3]
2016-02-19 15:26:20 [DEBUG] [] Config [shinsoo] = [95160cce09854ef44d2edb2bfb05f9f3]
2016-02-19 15:26:20 [DEBUG] [] Config [url] = [https://xpayclient.lgdacom.net/xpay/Gateway.do]
2016-02-19 15:26:20 [DEBUG] [] Config [test_url] = [https://xpayclient.lgdacom.net:7443/xpay/Gateway.do]
2016-02-19 15:26:20 [DEBUG] [] Config [aux_url] = [http://xpayclient.lgdacom.net:7080/xpay/Gateway.do]
2016-02-19 15:44:51 [INFO ] [] XPayClient initialize [../lgdacom/] []
2016-02-19 15:44:51 [DEBUG] [] Config [server_id] = [01]
2016-02-19 15:44:51 [DEBUG] [] Config [timeout] = [60]
2016-02-19 15:44:51 [DEBUG] [] Config [log_level] = [4]
2016-02-19 15:44:51 [DEBUG] [] Config [verify_cert] = [1]
2016-02-19 15:44:51 [DEBUG] [] Config [verify_host] = [1]
2016-02-19 15:44:51 [DEBUG] [] Config [report_error] = [1]
2016-02-19 15:44:51 [DEBUG] [] Config [output_UTF8] = [0]
2016-02-19 15:44:51 [DEBUG] [] Config [auto_rollback] = [1]
2016-02-19 15:44:51 [DEBUG] [] Config [log_dir] = [../log]
2016-02-19 15:44:51 [DEBUG] [] Config [tshinsoo] = [95160cce09854ef44d2edb2bfb05f9f3]
2016-02-19 15:44:51 [DEBUG] [] Config [shinsoo] = [95160cce09854ef44d2edb2bfb05f9f3]
2016-02-19 15:44:51 [DEBUG] [] Config [url] = [https://xpayclient.lgdacom.net/xpay/Gateway.do]
2016-02-19 15:44:51 [DEBUG] [] Config [test_url] = [https://xpayclient.lgdacom.net:7443/xpay/Gateway.do]
2016-02-19 15:44:51 [DEBUG] [] Config [aux_url] = [http://xpayclient.lgdacom.net:7080/xpay/Gateway.do]
2016-02-19 15:45:33 [INFO ] [] XPayClient initialize [../lgdacom/] []
2016-02-19 15:45:33 [DEBUG] [] Config [server_id] = [01]
2016-02-19 15:45:33 [DEBUG] [] Config [timeout] = [60]
2016-02-19 15:45:33 [DEBUG] [] Config [log_level] = [4]
2016-02-19 15:45:33 [DEBUG] [] Config [verify_cert] = [1]
2016-02-19 15:45:33 [DEBUG] [] Config [verify_host] = [1]
2016-02-19 15:45:33 [DEBUG] [] Config [report_error] = [1]
2016-02-19 15:45:33 [DEBUG] [] Config [output_UTF8] = [0]
2016-02-19 15:45:33 [DEBUG] [] Config [auto_rollback] = [1]
2016-02-19 15:45:33 [DEBUG] [] Config [log_dir] = [../log]
2016-02-19 15:45:33 [DEBUG] [] Config [tshinsoo] = [95160cce09854ef44d2edb2bfb05f9f3]
2016-02-19 15:45:33 [DEBUG] [] Config [shinsoo] = [95160cce09854ef44d2edb2bfb05f9f3]
2016-02-19 15:45:33 [DEBUG] [] Config [url] = [https://xpayclient.lgdacom.net/xpay/Gateway.do]
2016-02-19 15:45:33 [DEBUG] [] Config [test_url] = [https://xpayclient.lgdacom.net:7443/xpay/Gateway.do]
2016-02-19 15:45:33 [DEBUG] [] Config [aux_url] = [http://xpayclient.lgdacom.net:7080/xpay/Gateway.do]
2016-02-19 15:45:51 [INFO ] [] XPayClient initialize [../lgdacom/] []
2016-02-19 15:45:51 [DEBUG] [] Config [server_id] = [01]
2016-02-19 15:45:51 [DEBUG] [] Config [timeout] = [60]
2016-02-19 15:45:51 [DEBUG] [] Config [log_level] = [4]
2016-02-19 15:45:51 [DEBUG] [] Config [verify_cert] = [1]
2016-02-19 15:45:51 [DEBUG] [] Config [verify_host] = [1]
2016-02-19 15:45:51 [DEBUG] [] Config [report_error] = [1]
2016-02-19 15:45:51 [DEBUG] [] Config [output_UTF8] = [0]
2016-02-19 15:45:51 [DEBUG] [] Config [auto_rollback] = [1]
2016-02-19 15:45:51 [DEBUG] [] Config [log_dir] = [../log]
2016-02-19 15:45:51 [DEBUG] [] Config [tshinsoo] = [95160cce09854ef44d2edb2bfb05f9f3]
2016-02-19 15:45:51 [DEBUG] [] Config [shinsoo] = [95160cce09854ef44d2edb2bfb05f9f3]
2016-02-19 15:45:51 [DEBUG] [] Config [url] = [https://xpayclient.lgdacom.net/xpay/Gateway.do]
2016-02-19 15:45:51 [DEBUG] [] Config [test_url] = [https://xpayclient.lgdacom.net:7443/xpay/Gateway.do]
2016-02-19 15:45:51 [DEBUG] [] Config [aux_url] = [http://xpayclient.lgdacom.net:7080/xpay/Gateway.do]
2016-02-19 15:47:07 [INFO ] [] XPayClient initialize [../lgdacom/] []
2016-02-19 15:47:07 [DEBUG] [] Config [server_id] = [01]
2016-02-19 15:47:07 [DEBUG] [] Config [timeout] = [60]
2016-02-19 15:47:07 [DEBUG] [] Config [log_level] = [4]
2016-02-19 15:47:07 [DEBUG] [] Config [verify_cert] = [1]
2016-02-19 15:47:07 [DEBUG] [] Config [verify_host] = [1]
2016-02-19 15:47:07 [DEBUG] [] Config [report_error] = [1]
2016-02-19 15:47:07 [DEBUG] [] Config [output_UTF8] = [0]
2016-02-19 15:47:07 [DEBUG] [] Config [auto_rollback] = [1]
2016-02-19 15:47:07 [DEBUG] [] Config [log_dir] = [../log]
2016-02-19 15:47:07 [DEBUG] [] Config [tshinsoo] = [95160cce09854ef44d2edb2bfb05f9f3]
2016-02-19 15:47:07 [DEBUG] [] Config [shinsoo] = [95160cce09854ef44d2edb2bfb05f9f3]
2016-02-19 15:47:07 [DEBUG] [] Config [url] = [https://xpayclient.lgdacom.net/xpay/Gateway.do]
2016-02-19 15:47:07 [DEBUG] [] Config [test_url] = [https://xpayclient.lgdacom.net:7443/xpay/Gateway.do]
2016-02-19 15:47:07 [DEBUG] [] Config [aux_url] = [http://xpayclient.lgdacom.net:7080/xpay/Gateway.do]
2016-02-19 15:48:03 [INFO ] [] XPayClient initialize [../lgdacom/] []
2016-02-19 15:48:03 [DEBUG] [] Config [server_id] = [01]
2016-02-19 15:48:03 [DEBUG] [] Config [timeout] = [60]
2016-02-19 15:48:03 [DEBUG] [] Config [log_level] = [4]
2016-02-19 15:48:03 [DEBUG] [] Config [verify_cert] = [1]
2016-02-19 15:48:03 [DEBUG] [] Config [verify_host] = [1]
2016-02-19 15:48:03 [DEBUG] [] Config [report_error] = [1]
2016-02-19 15:48:03 [DEBUG] [] Config [output_UTF8] = [0]
2016-02-19 15:48:03 [DEBUG] [] Config [auto_rollback] = [1]
2016-02-19 15:48:03 [DEBUG] [] Config [log_dir] = [../log]
2016-02-19 15:48:03 [DEBUG] [] Config [tshinsoo] = [95160cce09854ef44d2edb2bfb05f9f3]
2016-02-19 15:48:03 [DEBUG] [] Config [shinsoo] = [95160cce09854ef44d2edb2bfb05f9f3]
2016-02-19 15:48:03 [DEBUG] [] Config [url] = [https://xpayclient.lgdacom.net/xpay/Gateway.do]
2016-02-19 15:48:03 [DEBUG] [] Config [test_url] = [https://xpayclient.lgdacom.net:7443/xpay/Gateway.do]
2016-02-19 15:48:03 [DEBUG] [] Config [aux_url] = [http://xpayclient.lgdacom.net:7080/xpay/Gateway.do]
2016-02-19 15:48:18 [INFO ] [] XPayClient initialize [../lgdacom/] []
2016-02-19 15:48:18 [DEBUG] [] Config [server_id] = [01]
2016-02-19 15:48:18 [DEBUG] [] Config [timeout] = [60]
2016-02-19 15:48:18 [DEBUG] [] Config [log_level] = [4]
2016-02-19 15:48:18 [DEBUG] [] Config [verify_cert] = [1]
2016-02-19 15:48:18 [DEBUG] [] Config [verify_host] = [1]
2016-02-19 15:48:18 [DEBUG] [] Config [report_error] = [1]
2016-02-19 15:48:18 [DEBUG] [] Config [output_UTF8] = [0]
2016-02-19 15:48:18 [DEBUG] [] Config [auto_rollback] = [1]
2016-02-19 15:48:18 [DEBUG] [] Config [log_dir] = [../log]
2016-02-19 15:48:18 [DEBUG] [] Config [tshinsoo] = [95160cce09854ef44d2edb2bfb05f9f3]
2016-02-19 15:48:18 [DEBUG] [] Config [shinsoo] = [95160cce09854ef44d2edb2bfb05f9f3]
2016-02-19 15:48:18 [DEBUG] [] Config [url] = [https://xpayclient.lgdacom.net/xpay/Gateway.do]
2016-02-19 15:48:18 [DEBUG] [] Config [test_url] = [https://xpayclient.lgdacom.net:7443/xpay/Gateway.do]
2016-02-19 15:48:18 [DEBUG] [] Config [aux_url] = [http://xpayclient.lgdacom.net:7080/xpay/Gateway.do]
2016-02-19 15:48:41 [INFO ] [] XPayClient initialize [../lgdacom/] []
2016-02-19 15:48:41 [DEBUG] [] Config [server_id] = [01]
2016-02-19 15:48:41 [DEBUG] [] Config [timeout] = [60]
2016-02-19 15:48:41 [DEBUG] [] Config [log_level] = [4]
2016-02-19 15:48:41 [DEBUG] [] Config [verify_cert] = [1]
2016-02-19 15:48:41 [DEBUG] [] Config [verify_host] = [1]
2016-02-19 15:48:41 [DEBUG] [] Config [report_error] = [1]
2016-02-19 15:48:41 [DEBUG] [] Config [output_UTF8] = [0]
2016-02-19 15:48:41 [DEBUG] [] Config [auto_rollback] = [1]
2016-02-19 15:48:41 [DEBUG] [] Config [log_dir] = [../log]
2016-02-19 15:48:41 [DEBUG] [] Config [tshinsoo] = [95160cce09854ef44d2edb2bfb05f9f3]
2016-02-19 15:48:41 [DEBUG] [] Config [shinsoo] = [95160cce09854ef44d2edb2bfb05f9f3]
2016-02-19 15:48:41 [DEBUG] [] Config [url] = [https://xpayclient.lgdacom.net/xpay/Gateway.do]
2016-02-19 15:48:41 [DEBUG] [] Config [test_url] = [https://xpayclient.lgdacom.net:7443/xpay/Gateway.do]
2016-02-19 15:48:41 [DEBUG] [] Config [aux_url] = [http://xpayclient.lgdacom.net:7080/xpay/Gateway.do]
2016-02-19 15:48:53 [INFO ] [] XPayClient initialize [../lgdacom/] []
2016-02-19 15:48:53 [DEBUG] [] Config [server_id] = [01]
2016-02-19 15:48:53 [DEBUG] [] Config [timeout] = [60]
2016-02-19 15:48:53 [DEBUG] [] Config [log_level] = [4]
2016-02-19 15:48:53 [DEBUG] [] Config [verify_cert] = [1]
2016-02-19 15:48:53 [DEBUG] [] Config [verify_host] = [1]
2016-02-19 15:48:53 [DEBUG] [] Config [report_error] = [1]
2016-02-19 15:48:53 [DEBUG] [] Config [output_UTF8] = [0]
2016-02-19 15:48:53 [DEBUG] [] Config [auto_rollback] = [1]
2016-02-19 15:48:53 [DEBUG] [] Config [log_dir] = [../log]
2016-02-19 15:48:53 [DEBUG] [] Config [tshinsoo] = [95160cce09854ef44d2edb2bfb05f9f3]
2016-02-19 15:48:53 [DEBUG] [] Config [shinsoo] = [95160cce09854ef44d2edb2bfb05f9f3]
2016-02-19 15:48:53 [DEBUG] [] Config [url] = [https://xpayclient.lgdacom.net/xpay/Gateway.do]
2016-02-19 15:48:53 [DEBUG] [] Config [test_url] = [https://xpayclient.lgdacom.net:7443/xpay/Gateway.do]
2016-02-19 15:48:53 [DEBUG] [] Config [aux_url] = [http://xpayclient.lgdacom.net:7080/xpay/Gateway.do]
2016-02-19 15:49:22 [INFO ] [] XPayClient initialize [../lgdacom/] []
2016-02-19 15:49:22 [DEBUG] [] Config [server_id] = [01]
2016-02-19 15:49:22 [DEBUG] [] Config [timeout] = [60]
2016-02-19 15:49:22 [DEBUG] [] Config [log_level] = [4]
2016-02-19 15:49:22 [DEBUG] [] Config [verify_cert] = [1]
2016-02-19 15:49:22 [DEBUG] [] Config [verify_host] = [1]
2016-02-19 15:49:22 [DEBUG] [] Config [report_error] = [1]
2016-02-19 15:49:22 [DEBUG] [] Config [output_UTF8] = [0]
2016-02-19 15:49:22 [DEBUG] [] Config [auto_rollback] = [1]
2016-02-19 15:49:22 [DEBUG] [] Config [log_dir] = [../log]
2016-02-19 15:49:22 [DEBUG] [] Config [tshinsoo] = [95160cce09854ef44d2edb2bfb05f9f3]
2016-02-19 15:49:22 [DEBUG] [] Config [shinsoo] = [95160cce09854ef44d2edb2bfb05f9f3]
2016-02-19 15:49:22 [DEBUG] [] Config [url] = [https://xpayclient.lgdacom.net/xpay/Gateway.do]
2016-02-19 15:49:22 [DEBUG] [] Config [test_url] = [https://xpayclient.lgdacom.net:7443/xpay/Gateway.do]
2016-02-19 15:49:22 [DEBUG] [] Config [aux_url] = [http://xpayclient.lgdacom.net:7080/xpay/Gateway.do]
2016-02-19 15:49:37 [INFO ] [] XPayClient initialize [../lgdacom/] []
2016-02-19 15:49:37 [DEBUG] [] Config [server_id] = [01]
2016-02-19 15:49:37 [DEBUG] [] Config [timeout] = [60]
2016-02-19 15:49:37 [DEBUG] [] Config [log_level] = [4]
2016-02-19 15:49:37 [DEBUG] [] Config [verify_cert] = [1]
2016-02-19 15:49:37 [DEBUG] [] Config [verify_host] = [1]
2016-02-19 15:49:37 [DEBUG] [] Config [report_error] = [1]
2016-02-19 15:49:37 [DEBUG] [] Config [output_UTF8] = [0]
2016-02-19 15:49:37 [DEBUG] [] Config [auto_rollback] = [1]
2016-02-19 15:49:37 [DEBUG] [] Config [log_dir] = [../log]
2016-02-19 15:49:37 [DEBUG] [] Config [tshinsoo] = [95160cce09854ef44d2edb2bfb05f9f3]
2016-02-19 15:49:37 [DEBUG] [] Config [shinsoo] = [95160cce09854ef44d2edb2bfb05f9f3]
2016-02-19 15:49:37 [DEBUG] [] Config [url] = [https://xpayclient.lgdacom.net/xpay/Gateway.do]
2016-02-19 15:49:37 [DEBUG] [] Config [test_url] = [https://xpayclient.lgdacom.net:7443/xpay/Gateway.do]
2016-02-19 15:49:37 [DEBUG] [] Config [aux_url] = [http://xpayclient.lgdacom.net:7080/xpay/Gateway.do]
2016-02-19 15:50:10 [INFO ] [] XPayClient initialize [../lgdacom/] []
2016-02-19 15:50:10 [DEBUG] [] Config [server_id] = [01]
2016-02-19 15:50:10 [DEBUG] [] Config [timeout] = [60]
2016-02-19 15:50:10 [DEBUG] [] Config [log_level] = [4]
2016-02-19 15:50:10 [DEBUG] [] Config [verify_cert] = [1]
2016-02-19 15:50:10 [DEBUG] [] Config [verify_host] = [1]
2016-02-19 15:50:10 [DEBUG] [] Config [report_error] = [1]
2016-02-19 15:50:10 [DEBUG] [] Config [output_UTF8] = [0]
2016-02-19 15:50:10 [DEBUG] [] Config [auto_rollback] = [1]
2016-02-19 15:50:10 [DEBUG] [] Config [log_dir] = [../log]
2016-02-19 15:50:10 [DEBUG] [] Config [tshinsoo] = [95160cce09854ef44d2edb2bfb05f9f3]
2016-02-19 15:50:10 [DEBUG] [] Config [shinsoo] = [95160cce09854ef44d2edb2bfb05f9f3]
2016-02-19 15:50:10 [DEBUG] [] Config [url] = [https://xpayclient.lgdacom.net/xpay/Gateway.do]
2016-02-19 15:50:10 [DEBUG] [] Config [test_url] = [https://xpayclient.lgdacom.net:7443/xpay/Gateway.do]
2016-02-19 15:50:10 [DEBUG] [] Config [aux_url] = [http://xpayclient.lgdacom.net:7080/xpay/Gateway.do]
2016-02-19 15:50:59 [INFO ] [] XPayClient initialize [../lgdacom/] []
2016-02-19 15:50:59 [DEBUG] [] Config [server_id] = [01]
2016-02-19 15:50:59 [DEBUG] [] Config [timeout] = [60]
2016-02-19 15:50:59 [DEBUG] [] Config [log_level] = [4]
2016-02-19 15:50:59 [DEBUG] [] Config [verify_cert] = [1]
2016-02-19 15:50:59 [DEBUG] [] Config [verify_host] = [1]
2016-02-19 15:50:59 [DEBUG] [] Config [report_error] = [1]
2016-02-19 15:50:59 [DEBUG] [] Config [output_UTF8] = [0]
2016-02-19 15:50:59 [DEBUG] [] Config [auto_rollback] = [1]
2016-02-19 15:50:59 [DEBUG] [] Config [log_dir] = [../log]
2016-02-19 15:50:59 [DEBUG] [] Config [tshinsoo] = [95160cce09854ef44d2edb2bfb05f9f3]
2016-02-19 15:50:59 [DEBUG] [] Config [shinsoo] = [95160cce09854ef44d2edb2bfb05f9f3]
2016-02-19 15:50:59 [DEBUG] [] Config [url] = [https://xpayclient.lgdacom.net/xpay/Gateway.do]
2016-02-19 15:50:59 [DEBUG] [] Config [test_url] = [https://xpayclient.lgdacom.net:7443/xpay/Gateway.do]
2016-02-19 15:50:59 [DEBUG] [] Config [aux_url] = [http://xpayclient.lgdacom.net:7080/xpay/Gateway.do]
2016-02-19 16:24:30 [INFO ] [] XPayClient initialize [../lgdacom/] [test]
2016-02-19 16:24:30 [DEBUG] [] Config [server_id] = [01]
2016-02-19 16:24:30 [DEBUG] [] Config [timeout] = [60]
2016-02-19 16:24:30 [DEBUG] [] Config [log_level] = [4]
2016-02-19 16:24:30 [DEBUG] [] Config [verify_cert] = [1]
2016-02-19 16:24:30 [DEBUG] [] Config [verify_host] = [1]
2016-02-19 16:24:30 [DEBUG] [] Config [report_error] = [1]
2016-02-19 16:24:30 [DEBUG] [] Config [output_UTF8] = [0]
2016-02-19 16:24:30 [DEBUG] [] Config [auto_rollback] = [1]
2016-02-19 16:24:30 [DEBUG] [] Config [log_dir] = [../log]
2016-02-19 16:24:30 [DEBUG] [] Config [tshinsoo] = [e57352760ea5a2a1fce315c6ead11ece]
2016-02-19 16:24:30 [DEBUG] [] Config [shinsoo] = [e57352760ea5a2a1fce315c6ead11ece]
2016-02-19 16:24:30 [DEBUG] [] Config [url] = [https://xpayclient.lgdacom.net/xpay/Gateway.do]
2016-02-19 16:24:30 [DEBUG] [] Config [test_url] = [https://xpayclient.lgdacom.net:7443/xpay/Gateway.do]
2016-02-19 16:24:30 [DEBUG] [] Config [aux_url] = [http://xpayclient.lgdacom.net:7080/xpay/Gateway.do]
2016-02-19 16:48:26 [INFO ] [] XPayClient initialize [../lgdacom/] []
2016-02-19 16:48:26 [DEBUG] [] Config [server_id] = [01]
2016-02-19 16:48:26 [DEBUG] [] Config [timeout] = [60]
2016-02-19 16:48:26 [DEBUG] [] Config [log_level] = [4]
2016-02-19 16:48:26 [DEBUG] [] Config [verify_cert] = [1]
2016-02-19 16:48:26 [DEBUG] [] Config [verify_host] = [1]
2016-02-19 16:48:26 [DEBUG] [] Config [report_error] = [1]
2016-02-19 16:48:26 [DEBUG] [] Config [output_UTF8] = [0]
2016-02-19 16:48:26 [DEBUG] [] Config [auto_rollback] = [1]
2016-02-19 16:48:26 [DEBUG] [] Config [log_dir] = [../log]
2016-02-19 16:48:26 [DEBUG] [] Config [tshinsoo] = [e57352760ea5a2a1fce315c6ead11ece]
2016-02-19 16:48:26 [DEBUG] [] Config [shinsoo] = [e57352760ea5a2a1fce315c6ead11ece]
2016-02-19 16:48:26 [DEBUG] [] Config [url] = [https://xpayclient.lgdacom.net/xpay/Gateway.do]
2016-02-19 16:48:26 [DEBUG] [] Config [test_url] = [https://xpayclient.lgdacom.net:7443/xpay/Gateway.do]
2016-02-19 16:48:26 [DEBUG] [] Config [aux_url] = [http://xpayclient.lgdacom.net:7080/xpay/Gateway.do]
2016-02-19 16:49:19 [INFO ] [] XPayClient initialize [../lgdacom/] []
2016-02-19 16:49:19 [DEBUG] [] Config [server_id] = [01]
2016-02-19 16:49:19 [DEBUG] [] Config [timeout] = [60]
2016-02-19 16:49:19 [DEBUG] [] Config [log_level] = [4]
2016-02-19 16:49:19 [DEBUG] [] Config [verify_cert] = [1]
2016-02-19 16:49:19 [DEBUG] [] Config [verify_host] = [1]
2016-02-19 16:49:19 [DEBUG] [] Config [report_error] = [1]
2016-02-19 16:49:19 [DEBUG] [] Config [output_UTF8] = [0]
2016-02-19 16:49:19 [DEBUG] [] Config [auto_rollback] = [1]
2016-02-19 16:49:19 [DEBUG] [] Config [log_dir] = [../log]
2016-02-19 16:49:19 [DEBUG] [] Config [tshinsoo] = [e57352760ea5a2a1fce315c6ead11ece]
2016-02-19 16:49:19 [DEBUG] [] Config [shinsoo] = [e57352760ea5a2a1fce315c6ead11ece]
2016-02-19 16:49:19 [DEBUG] [] Config [url] = [https://xpayclient.lgdacom.net/xpay/Gateway.do]
2016-02-19 16:49:19 [DEBUG] [] Config [test_url] = [https://xpayclient.lgdacom.net:7443/xpay/Gateway.do]
2016-02-19 16:49:19 [DEBUG] [] Config [aux_url] = [http://xpayclient.lgdacom.net:7080/xpay/Gateway.do]
2016-02-19 16:49:55 [INFO ] [] XPayClient initialize [../lgdacom/] [test]
2016-02-19 16:49:55 [DEBUG] [] Config [server_id] = [01]
2016-02-19 16:49:55 [DEBUG] [] Config [timeout] = [60]
2016-02-19 16:49:55 [DEBUG] [] Config [log_level] = [4]
2016-02-19 16:49:55 [DEBUG] [] Config [verify_cert] = [1]
2016-02-19 16:49:55 [DEBUG] [] Config [verify_host] = [1]
2016-02-19 16:49:55 [DEBUG] [] Config [report_error] = [1]
2016-02-19 16:49:55 [DEBUG] [] Config [output_UTF8] = [0]
2016-02-19 16:49:55 [DEBUG] [] Config [auto_rollback] = [1]
2016-02-19 16:49:55 [DEBUG] [] Config [log_dir] = [../log]
2016-02-19 16:49:55 [DEBUG] [] Config [tshinsoo] = [e57352760ea5a2a1fce315c6ead11ece]
2016-02-19 16:49:55 [DEBUG] [] Config [shinsoo] = [e57352760ea5a2a1fce315c6ead11ece]
2016-02-19 16:49:55 [DEBUG] [] Config [url] = [https://xpayclient.lgdacom.net/xpay/Gateway.do]
2016-02-19 16:49:55 [DEBUG] [] Config [test_url] = [https://xpayclient.lgdacom.net:7443/xpay/Gateway.do]
2016-02-19 16:49:55 [DEBUG] [] Config [aux_url] = [http://xpayclient.lgdacom.net:7080/xpay/Gateway.do]
2016-02-19 16:50:47 [INFO ] [] XPayClient initialize [../lgdacom/] [test]
2016-02-19 16:50:47 [DEBUG] [] Config [server_id] = [01]
2016-02-19 16:50:47 [DEBUG] [] Config [timeout] = [60]
2016-02-19 16:50:47 [DEBUG] [] Config [log_level] = [4]
2016-02-19 16:50:47 [DEBUG] [] Config [verify_cert] = [1]
2016-02-19 16:50:47 [DEBUG] [] Config [verify_host] = [1]
2016-02-19 16:50:47 [DEBUG] [] Config [report_error] = [1]
2016-02-19 16:50:47 [DEBUG] [] Config [output_UTF8] = [0]
2016-02-19 16:50:47 [DEBUG] [] Config [auto_rollback] = [1]
2016-02-19 16:50:47 [DEBUG] [] Config [log_dir] = [../log]
2016-02-19 16:50:47 [DEBUG] [] Config [tshinsoo] = [e57352760ea5a2a1fce315c6ead11ece]
2016-02-19 16:50:47 [DEBUG] [] Config [shinsoo] = [e57352760ea5a2a1fce315c6ead11ece]
2016-02-19 16:50:47 [DEBUG] [] Config [url] = [https://xpayclient.lgdacom.net/xpay/Gateway.do]
2016-02-19 16:50:47 [DEBUG] [] Config [test_url] = [https://xpayclient.lgdacom.net:7443/xpay/Gateway.do]
2016-02-19 16:50:47 [DEBUG] [] Config [aux_url] = [http://xpayclient.lgdacom.net:7080/xpay/Gateway.do]
2016-02-19 16:51:17 [INFO ] [] XPayClient initialize [../lgdacom/] [test]
2016-02-19 16:51:17 [DEBUG] [] Config [server_id] = [01]
2016-02-19 16:51:17 [DEBUG] [] Config [timeout] = [60]
2016-02-19 16:51:17 [DEBUG] [] Config [log_level] = [4]
2016-02-19 16:51:17 [DEBUG] [] Config [verify_cert] = [1]
2016-02-19 16:51:17 [DEBUG] [] Config [verify_host] = [1]
2016-02-19 16:51:17 [DEBUG] [] Config [report_error] = [1]
2016-02-19 16:51:17 [DEBUG] [] Config [output_UTF8] = [0]
2016-02-19 16:51:17 [DEBUG] [] Config [auto_rollback] = [1]
2016-02-19 16:51:17 [DEBUG] [] Config [log_dir] = [../log]
2016-02-19 16:51:17 [DEBUG] [] Config [tshinsoo] = [e57352760ea5a2a1fce315c6ead11ece]
2016-02-19 16:51:17 [DEBUG] [] Config [shinsoo] = [e57352760ea5a2a1fce315c6ead11ece]
2016-02-19 16:51:17 [DEBUG] [] Config [url] = [https://xpayclient.lgdacom.net/xpay/Gateway.do]
2016-02-19 16:51:17 [DEBUG] [] Config [test_url] = [https://xpayclient.lgdacom.net:7443/xpay/Gateway.do]
2016-02-19 16:51:17 [DEBUG] [] Config [aux_url] = [http://xpayclient.lgdacom.net:7080/xpay/Gateway.do]
2016-02-19 16:51:58 [INFO ] [] XPayClient initialize [../lgdacom/] []
2016-02-19 16:51:58 [DEBUG] [] Config [server_id] = [01]
2016-02-19 16:51:58 [DEBUG] [] Config [timeout] = [60]
2016-02-19 16:51:58 [DEBUG] [] Config [log_level] = [4]
2016-02-19 16:51:58 [DEBUG] [] Config [verify_cert] = [1]
2016-02-19 16:51:58 [DEBUG] [] Config [verify_host] = [1]
2016-02-19 16:51:58 [DEBUG] [] Config [report_error] = [1]
2016-02-19 16:51:58 [DEBUG] [] Config [output_UTF8] = [0]
2016-02-19 16:51:58 [DEBUG] [] Config [auto_rollback] = [1]
2016-02-19 16:51:58 [DEBUG] [] Config [log_dir] = [../log]
2016-02-19 16:51:58 [DEBUG] [] Config [tshinsoo] = [e57352760ea5a2a1fce315c6ead11ece]
2016-02-19 16:51:58 [DEBUG] [] Config [shinsoo] = [e57352760ea5a2a1fce315c6ead11ece]
2016-02-19 16:51:58 [DEBUG] [] Config [url] = [https://xpayclient.lgdacom.net/xpay/Gateway.do]
2016-02-19 16:51:58 [DEBUG] [] Config [test_url] = [https://xpayclient.lgdacom.net:7443/xpay/Gateway.do]
2016-02-19 16:51:58 [DEBUG] [] Config [aux_url] = [http://xpayclient.lgdacom.net:7080/xpay/Gateway.do]
