2016-02-21 03:43:28 [INFO ] [] XPayClient initialize [../lgpay/] [test]
2016-02-21 03:43:28 [DEBUG] [] Config [server_id] = [01]
2016-02-21 03:43:28 [DEBUG] [] Config [timeout] = [60]
2016-02-21 03:43:28 [DEBUG] [] Config [log_level] = [4]
2016-02-21 03:43:28 [DEBUG] [] Config [verify_cert] = [1]
2016-02-21 03:43:28 [DEBUG] [] Config [verify_host] = [1]
2016-02-21 03:43:28 [DEBUG] [] Config [report_error] = [1]
2016-02-21 03:43:28 [DEBUG] [] Config [output_UTF8] = [0]
2016-02-21 03:43:28 [DEBUG] [] Config [auto_rollback] = [1]
2016-02-21 03:43:28 [DEBUG] [] Config [log_dir] = [../log]
2016-02-21 03:43:28 [DEBUG] [] Config [tshinsoo] = [e57352760ea5a2a1fce315c6ead11ece]
2016-02-21 03:43:28 [DEBUG] [] Config [shinsoo] = [e57352760ea5a2a1fce315c6ead11ece]
2016-02-21 03:43:28 [DEBUG] [] Config [url] = [https://xpayclient.lgdacom.net/xpay/Gateway.do]
2016-02-21 03:43:28 [DEBUG] [] Config [test_url] = [https://xpayclient.lgdacom.net:7443/xpay/Gateway.do]
2016-02-21 03:43:28 [DEBUG] [] Config [aux_url] = [http://xpayclient.lgdacom.net:7080/xpay/Gateway.do]
2016-02-21 03:44:19 [INFO ] [] XPayClient initialize [../lgpay/] [test]
2016-02-21 03:44:19 [DEBUG] [] Config [server_id] = [01]
2016-02-21 03:44:19 [DEBUG] [] Config [timeout] = [60]
2016-02-21 03:44:19 [DEBUG] [] Config [log_level] = [4]
2016-02-21 03:44:19 [DEBUG] [] Config [verify_cert] = [1]
2016-02-21 03:44:19 [DEBUG] [] Config [verify_host] = [1]
2016-02-21 03:44:19 [DEBUG] [] Config [report_error] = [1]
2016-02-21 03:44:19 [DEBUG] [] Config [output_UTF8] = [0]
2016-02-21 03:44:19 [DEBUG] [] Config [auto_rollback] = [1]
2016-02-21 03:44:19 [DEBUG] [] Config [log_dir] = [../log]
2016-02-21 03:44:19 [DEBUG] [] Config [tshinsoo] = [e57352760ea5a2a1fce315c6ead11ece]
2016-02-21 03:44:19 [DEBUG] [] Config [shinsoo] = [e57352760ea5a2a1fce315c6ead11ece]
2016-02-21 03:44:19 [DEBUG] [] Config [url] = [https://xpayclient.lgdacom.net/xpay/Gateway.do]
2016-02-21 03:44:19 [DEBUG] [] Config [test_url] = [https://xpayclient.lgdacom.net:7443/xpay/Gateway.do]
2016-02-21 03:44:19 [DEBUG] [] Config [aux_url] = [http://xpayclient.lgdacom.net:7080/xpay/Gateway.do]
2016-02-21 03:48:28 [INFO ] [] XPayClient initialize [../lgpay/] [test]
2016-02-21 03:48:28 [DEBUG] [] Config [server_id] = [01]
2016-02-21 03:48:28 [DEBUG] [] Config [timeout] = [60]
2016-02-21 03:48:28 [DEBUG] [] Config [log_level] = [4]
2016-02-21 03:48:28 [DEBUG] [] Config [verify_cert] = [1]
2016-02-21 03:48:28 [DEBUG] [] Config [verify_host] = [1]
2016-02-21 03:48:28 [DEBUG] [] Config [report_error] = [1]
2016-02-21 03:48:28 [DEBUG] [] Config [output_UTF8] = [0]
2016-02-21 03:48:28 [DEBUG] [] Config [auto_rollback] = [1]
2016-02-21 03:48:28 [DEBUG] [] Config [log_dir] = [../log]
2016-02-21 03:48:28 [DEBUG] [] Config [tshinsoo] = [e57352760ea5a2a1fce315c6ead11ece]
2016-02-21 03:48:28 [DEBUG] [] Config [shinsoo] = [e57352760ea5a2a1fce315c6ead11ece]
2016-02-21 03:48:28 [DEBUG] [] Config [url] = [https://xpayclient.lgdacom.net/xpay/Gateway.do]
2016-02-21 03:48:28 [DEBUG] [] Config [test_url] = [https://xpayclient.lgdacom.net:7443/xpay/Gateway.do]
2016-02-21 03:48:28 [DEBUG] [] Config [aux_url] = [http://xpayclient.lgdacom.net:7080/xpay/Gateway.do]
2016-02-21 03:48:39 [INFO ] [] XPayClient initialize [../lgpay/] [test]
2016-02-21 03:48:39 [DEBUG] [] Config [server_id] = [01]
2016-02-21 03:48:39 [DEBUG] [] Config [timeout] = [60]
2016-02-21 03:48:39 [DEBUG] [] Config [log_level] = [4]
2016-02-21 03:48:39 [DEBUG] [] Config [verify_cert] = [1]
2016-02-21 03:48:39 [DEBUG] [] Config [verify_host] = [1]
2016-02-21 03:48:39 [DEBUG] [] Config [report_error] = [1]
2016-02-21 03:48:39 [DEBUG] [] Config [output_UTF8] = [0]
2016-02-21 03:48:39 [DEBUG] [] Config [auto_rollback] = [1]
2016-02-21 03:48:39 [DEBUG] [] Config [log_dir] = [../log]
2016-02-21 03:48:39 [DEBUG] [] Config [tshinsoo] = [e57352760ea5a2a1fce315c6ead11ece]
2016-02-21 03:48:39 [DEBUG] [] Config [shinsoo] = [e57352760ea5a2a1fce315c6ead11ece]
2016-02-21 03:48:39 [DEBUG] [] Config [url] = [https://xpayclient.lgdacom.net/xpay/Gateway.do]
2016-02-21 03:48:39 [DEBUG] [] Config [test_url] = [https://xpayclient.lgdacom.net:7443/xpay/Gateway.do]
2016-02-21 03:48:39 [DEBUG] [] Config [aux_url] = [http://xpayclient.lgdacom.net:7080/xpay/Gateway.do]
2016-02-21 03:48:58 [INFO ] [] XPayClient initialize [../lgpay/] [test]
2016-02-21 03:48:58 [DEBUG] [] Config [server_id] = [01]
2016-02-21 03:48:58 [DEBUG] [] Config [timeout] = [60]
2016-02-21 03:48:58 [DEBUG] [] Config [log_level] = [4]
2016-02-21 03:48:58 [DEBUG] [] Config [verify_cert] = [1]
2016-02-21 03:48:58 [DEBUG] [] Config [verify_host] = [1]
2016-02-21 03:48:58 [DEBUG] [] Config [report_error] = [1]
2016-02-21 03:48:58 [DEBUG] [] Config [output_UTF8] = [0]
2016-02-21 03:48:58 [DEBUG] [] Config [auto_rollback] = [1]
2016-02-21 03:48:58 [DEBUG] [] Config [log_dir] = [../log]
2016-02-21 03:48:58 [DEBUG] [] Config [tshinsoo] = [e57352760ea5a2a1fce315c6ead11ece]
2016-02-21 03:48:58 [DEBUG] [] Config [shinsoo] = [e57352760ea5a2a1fce315c6ead11ece]
2016-02-21 03:48:58 [DEBUG] [] Config [url] = [https://xpayclient.lgdacom.net/xpay/Gateway.do]
2016-02-21 03:48:58 [DEBUG] [] Config [test_url] = [https://xpayclient.lgdacom.net:7443/xpay/Gateway.do]
2016-02-21 03:48:58 [DEBUG] [] Config [aux_url] = [http://xpayclient.lgdacom.net:7080/xpay/Gateway.do]
2016-02-21 03:50:20 [INFO ] [] XPayClient initialize [../lgpay/] []
2016-02-21 03:50:20 [DEBUG] [] Config [server_id] = [01]
2016-02-21 03:50:20 [DEBUG] [] Config [timeout] = [60]
2016-02-21 03:50:20 [DEBUG] [] Config [log_level] = [4]
2016-02-21 03:50:20 [DEBUG] [] Config [verify_cert] = [1]
2016-02-21 03:50:20 [DEBUG] [] Config [verify_host] = [1]
2016-02-21 03:50:20 [DEBUG] [] Config [report_error] = [1]
2016-02-21 03:50:20 [DEBUG] [] Config [output_UTF8] = [0]
2016-02-21 03:50:20 [DEBUG] [] Config [auto_rollback] = [1]
2016-02-21 03:50:20 [DEBUG] [] Config [log_dir] = [../log]
2016-02-21 03:50:20 [DEBUG] [] Config [tshinsoo] = [e57352760ea5a2a1fce315c6ead11ece]
2016-02-21 03:50:20 [DEBUG] [] Config [shinsoo] = [e57352760ea5a2a1fce315c6ead11ece]
2016-02-21 03:50:20 [DEBUG] [] Config [url] = [https://xpayclient.lgdacom.net/xpay/Gateway.do]
2016-02-21 03:50:20 [DEBUG] [] Config [test_url] = [https://xpayclient.lgdacom.net:7443/xpay/Gateway.do]
2016-02-21 03:50:20 [DEBUG] [] Config [aux_url] = [http://xpayclient.lgdacom.net:7080/xpay/Gateway.do]
2016-02-21 03:51:47 [INFO ] [] XPayClient initialize [../lgpay/] [test]
2016-02-21 03:51:47 [DEBUG] [] Config [server_id] = [01]
2016-02-21 03:51:47 [DEBUG] [] Config [timeout] = [60]
2016-02-21 03:51:47 [DEBUG] [] Config [log_level] = [4]
2016-02-21 03:51:47 [DEBUG] [] Config [verify_cert] = [1]
2016-02-21 03:51:47 [DEBUG] [] Config [verify_host] = [1]
2016-02-21 03:51:47 [DEBUG] [] Config [report_error] = [1]
2016-02-21 03:51:47 [DEBUG] [] Config [output_UTF8] = [0]
2016-02-21 03:51:47 [DEBUG] [] Config [auto_rollback] = [1]
2016-02-21 03:51:47 [DEBUG] [] Config [log_dir] = [../log]
2016-02-21 03:51:47 [DEBUG] [] Config [tshinsoo] = [e57352760ea5a2a1fce315c6ead11ece]
2016-02-21 03:51:47 [DEBUG] [] Config [shinsoo] = [e57352760ea5a2a1fce315c6ead11ece]
2016-02-21 03:51:47 [DEBUG] [] Config [url] = [https://xpayclient.lgdacom.net/xpay/Gateway.do]
2016-02-21 03:51:47 [DEBUG] [] Config [test_url] = [https://xpayclient.lgdacom.net:7443/xpay/Gateway.do]
2016-02-21 03:51:47 [DEBUG] [] Config [aux_url] = [http://xpayclient.lgdacom.net:7080/xpay/Gateway.do]
2016-02-21 03:54:14 [INFO ] [] XPayClient initialize [../lgpay/] [test]
2016-02-21 03:54:14 [DEBUG] [] Config [server_id] = [01]
2016-02-21 03:54:14 [DEBUG] [] Config [timeout] = [60]
2016-02-21 03:54:14 [DEBUG] [] Config [log_level] = [4]
2016-02-21 03:54:14 [DEBUG] [] Config [verify_cert] = [1]
2016-02-21 03:54:14 [DEBUG] [] Config [verify_host] = [1]
2016-02-21 03:54:14 [DEBUG] [] Config [report_error] = [1]
2016-02-21 03:54:14 [DEBUG] [] Config [output_UTF8] = [0]
2016-02-21 03:54:14 [DEBUG] [] Config [auto_rollback] = [1]
2016-02-21 03:54:14 [DEBUG] [] Config [log_dir] = [../log]
2016-02-21 03:54:14 [DEBUG] [] Config [tshinsoo] = [e57352760ea5a2a1fce315c6ead11ece]
2016-02-21 03:54:14 [DEBUG] [] Config [shinsoo] = [e57352760ea5a2a1fce315c6ead11ece]
2016-02-21 03:54:14 [DEBUG] [] Config [url] = [https://xpayclient.lgdacom.net/xpay/Gateway.do]
2016-02-21 03:54:14 [DEBUG] [] Config [test_url] = [https://xpayclient.lgdacom.net:7443/xpay/Gateway.do]
2016-02-21 03:54:14 [DEBUG] [] Config [aux_url] = [http://xpayclient.lgdacom.net:7080/xpay/Gateway.do]
