2016-02-22 23:55:28 [INFO ] [] XPayClient initialize [../lgpay/] []
2016-02-22 23:55:28 [DEBUG] [] Config [server_id] = [01]
2016-02-22 23:55:28 [DEBUG] [] Config [timeout] = [60]
2016-02-22 23:55:28 [DEBUG] [] Config [log_level] = [4]
2016-02-22 23:55:28 [DEBUG] [] Config [verify_cert] = [1]
2016-02-22 23:55:28 [DEBUG] [] Config [verify_host] = [1]
2016-02-22 23:55:29 [DEBUG] [] Config [report_error] = [1]
2016-02-22 23:55:29 [DEBUG] [] Config [output_UTF8] = [1]
2016-02-22 23:55:29 [DEBUG] [] Config [auto_rollback] = [1]
2016-02-22 23:55:29 [DEBUG] [] Config [log_dir] = [./log]
2016-02-22 23:55:29 [DEBUG] [] Config [tshinsoo] = [e57352760ea5a2a1fce315c6ead11ece]
2016-02-22 23:55:29 [DEBUG] [] Config [shinsoo] = [e57352760ea5a2a1fce315c6ead11ece]
2016-02-22 23:55:29 [DEBUG] [] Config [url] = [https://xpayclient.lgdacom.net/xpay/Gateway.do]
2016-02-22 23:55:29 [DEBUG] [] Config [test_url] = [https://xpayclient.lgdacom.net:7443/xpay/Gateway.do]
2016-02-22 23:55:29 [DEBUG] [] Config [aux_url] = [http://xpayclient.lgdacom.net:7080/xpay/Gateway.do]
2016-02-22 23:55:29 [FATAL] [] Key for MID [] does not exist in mall.conf
2016-02-22 23:55:29 [INFO ] [] XPayClient initialize [../lgpay/] []
2016-02-22 23:55:29 [DEBUG] [] Config [server_id] = [01]
2016-02-22 23:55:29 [DEBUG] [] Config [timeout] = [60]
2016-02-22 23:55:29 [DEBUG] [] Config [log_level] = [4]
2016-02-22 23:55:29 [DEBUG] [] Config [verify_cert] = [1]
2016-02-22 23:55:29 [DEBUG] [] Config [verify_host] = [1]
2016-02-22 23:55:29 [DEBUG] [] Config [report_error] = [1]
2016-02-22 23:55:29 [DEBUG] [] Config [output_UTF8] = [1]
2016-02-22 23:55:29 [DEBUG] [] Config [auto_rollback] = [1]
2016-02-22 23:55:29 [DEBUG] [] Config [log_dir] = [./log]
2016-02-22 23:55:29 [DEBUG] [] Config [tshinsoo] = [e57352760ea5a2a1fce315c6ead11ece]
2016-02-22 23:55:29 [DEBUG] [] Config [shinsoo] = [e57352760ea5a2a1fce315c6ead11ece]
2016-02-22 23:55:29 [DEBUG] [] Config [url] = [https://xpayclient.lgdacom.net/xpay/Gateway.do]
2016-02-22 23:55:29 [DEBUG] [] Config [test_url] = [https://xpayclient.lgdacom.net:7443/xpay/Gateway.do]
2016-02-22 23:55:29 [DEBUG] [] Config [aux_url] = [http://xpayclient.lgdacom.net:7080/xpay/Gateway.do]
2016-02-22 23:55:29 [FATAL] [] Key for MID [] does not exist in mall.conf
2016-02-22 23:55:29 [INFO ] [] XPayClient initialize [../lgpay/] []
2016-02-22 23:55:29 [DEBUG] [] Config [server_id] = [01]
2016-02-22 23:55:29 [DEBUG] [] Config [timeout] = [60]
2016-02-22 23:55:29 [DEBUG] [] Config [log_level] = [4]
2016-02-22 23:55:29 [DEBUG] [] Config [verify_cert] = [1]
2016-02-22 23:55:29 [DEBUG] [] Config [verify_host] = [1]
2016-02-22 23:55:29 [DEBUG] [] Config [report_error] = [1]
2016-02-22 23:55:29 [DEBUG] [] Config [output_UTF8] = [1]
2016-02-22 23:55:29 [DEBUG] [] Config [auto_rollback] = [1]
2016-02-22 23:55:29 [DEBUG] [] Config [log_dir] = [./log]
2016-02-22 23:55:29 [DEBUG] [] Config [tshinsoo] = [e57352760ea5a2a1fce315c6ead11ece]
2016-02-22 23:55:29 [DEBUG] [] Config [shinsoo] = [e57352760ea5a2a1fce315c6ead11ece]
2016-02-22 23:55:29 [DEBUG] [] Config [url] = [https://xpayclient.lgdacom.net/xpay/Gateway.do]
2016-02-22 23:55:29 [DEBUG] [] Config [test_url] = [https://xpayclient.lgdacom.net:7443/xpay/Gateway.do]
2016-02-22 23:55:29 [DEBUG] [] Config [aux_url] = [http://xpayclient.lgdacom.net:7080/xpay/Gateway.do]
2016-02-22 23:55:29 [FATAL] [] Key for MID [] does not exist in mall.conf
2016-02-22 23:55:29 [INFO ] [] XPayClient initialize [../lgpay/] []
2016-02-22 23:55:29 [DEBUG] [] Config [server_id] = [01]
2016-02-22 23:55:29 [DEBUG] [] Config [timeout] = [60]
2016-02-22 23:55:29 [DEBUG] [] Config [log_level] = [4]
2016-02-22 23:55:29 [DEBUG] [] Config [verify_cert] = [1]
2016-02-22 23:55:29 [DEBUG] [] Config [verify_host] = [1]
2016-02-22 23:55:29 [DEBUG] [] Config [report_error] = [1]
2016-02-22 23:55:29 [DEBUG] [] Config [output_UTF8] = [1]
2016-02-22 23:55:29 [DEBUG] [] Config [auto_rollback] = [1]
2016-02-22 23:55:29 [DEBUG] [] Config [log_dir] = [./log]
2016-02-22 23:55:29 [DEBUG] [] Config [tshinsoo] = [e57352760ea5a2a1fce315c6ead11ece]
2016-02-22 23:55:29 [DEBUG] [] Config [shinsoo] = [e57352760ea5a2a1fce315c6ead11ece]
2016-02-22 23:55:29 [DEBUG] [] Config [url] = [https://xpayclient.lgdacom.net/xpay/Gateway.do]
2016-02-22 23:55:29 [DEBUG] [] Config [test_url] = [https://xpayclient.lgdacom.net:7443/xpay/Gateway.do]
2016-02-22 23:55:29 [DEBUG] [] Config [aux_url] = [http://xpayclient.lgdacom.net:7080/xpay/Gateway.do]
2016-02-22 23:55:29 [FATAL] [] Key for MID [] does not exist in mall.conf
